<?xml version="1.0" encoding="UTF-8"?>
<testsuite xmlns:xsi="http://www.w3.org/2001/XMLSchema-instance" xsi:noNamespaceSchemaLocation="https://maven.apache.org/surefire/maven-surefire-plugin/xsd/surefire-test-report-3.0.xsd" version="3.0" name="sample.spring.security.TestControllerTest" time="27.091" tests="3" errors="0" skipped="0" failures="0">
  <properties>
[...]
</properties>
  <testcase name="sayHello" classname="sample.spring.security.TestControllerTest" time="3.864">
    <system-out><![CDATA[2023-10-19T13:28:40.751+03:00  WARN 125181 --- [           main] o.e.jetty.server.AbstractConnector       : Acceptors should be <= availableProcessors: NetworkTrafficServerConnector@f7b7720{HTTP/1.1, (http/1.1, h2c)}{0.0.0.0:0} 
2023-10-19T13:28:40.757+03:00  WARN 125181 --- [           main] c.s.c.s.client.DefaultHttpClientFactory  : Application has already created HttpClient for clientId = null, please check.
2023-10-19T13:28:41.142+03:00  WARN 125181 --- [           main] o.e.jetty.server.AbstractConnector       : Acceptors should be <= availableProcessors: NetworkTrafficServerConnector@18ffc008{HTTP/1.1, (http/1.1, h2c)}{0.0.0.0:0} 
2023-10-19T13:28:41.146+03:00  INFO 125181 --- [           main] org.eclipse.jetty.server.Server          : jetty-11.0.14; built: 2023-02-22T23:41:48.575Z; git: 4601fe8dd805ce75b69c64466c115a162586641b; jvm 20.0.2+9-78
2023-10-19T13:28:41.177+03:00  INFO 125181 --- [           main] o.e.jetty.server.handler.ContextHandler  : Started o.e.j.s.ServletContextHandler@7bbe532b{/__admin,null,AVAILABLE}
2023-10-19T13:28:41.178+03:00  INFO 125181 --- [           main] o.e.j.s.handler.ContextHandler.ROOT      : RequestHandlerClass from context returned com.github.tomakehurst.wiremock.http.StubRequestHandler. Normalized mapped under returned 'null'
2023-10-19T13:28:41.178+03:00  INFO 125181 --- [           main] o.e.jetty.server.handler.ContextHandler  : Started o.e.j.s.ServletContextHandler@3e0a112f{/,null,AVAILABLE}
2023-10-19T13:28:41.183+03:00  INFO 125181 --- [           main] o.e.jetty.server.AbstractConnector       : Started NetworkTrafficServerConnector@f7b7720{HTTP/1.1, (http/1.1, h2c)}{0.0.0.0:37365}
2023-10-19T13:28:41.184+03:00  INFO 125181 --- [           main] org.eclipse.jetty.server.Server          : Started Server@2f5a092e{STARTING}[11.0.14,sto=1000] @86264ms
2023-10-19T13:28:41.187+03:00  INFO 125181 --- [           main] org.eclipse.jetty.server.Server          : jetty-11.0.14; built: 2023-02-22T23:41:48.575Z; git: 4601fe8dd805ce75b69c64466c115a162586641b; jvm 20.0.2+9-78
2023-10-19T13:28:41.254+03:00  INFO 125181 --- [           main] o.e.jetty.server.handler.ContextHandler  : Started o.e.j.s.ServletContextHandler@572db5ee{/__admin,null,AVAILABLE}
2023-10-19T13:28:41.255+03:00  INFO 125181 --- [           main] o.e.j.s.handler.ContextHandler.ROOT      : RequestHandlerClass from context returned com.github.tomakehurst.wiremock.http.StubRequestHandler. Normalized mapped under returned 'null'
2023-10-19T13:28:41.255+03:00  INFO 125181 --- [           main] o.e.jetty.server.handler.ContextHandler  : Started o.e.j.s.ServletContextHandler@36f80ceb{/,null,AVAILABLE}
2023-10-19T13:28:41.256+03:00  INFO 125181 --- [           main] o.e.jetty.server.AbstractConnector       : Started NetworkTrafficServerConnector@18ffc008{HTTP/1.1, (http/1.1, h2c)}{0.0.0.0:39645}
2023-10-19T13:28:41.256+03:00  INFO 125181 --- [           main] org.eclipse.jetty.server.Server          : Started Server@1b868ef0{STARTING}[11.0.14,sto=1000] @86336ms

  .   ____          _            __ _ _
 /\\ / ___'_ __ _ _(_)_ __  __ _ \ \ \ \
( ( )\___ | '_ | '_| | '_ \/ _` | \ \ \ \
 \\/  ___)| |_)| | | | | || (_| |  ) ) ) )
  '  |____| .__|_| |_|_| |_\__, | / / / /
 =========|_|==============|___/=/_/_/_/
 :: Spring Boot ::                (v3.0.4)

2023-10-19T13:28:41.455+03:00  INFO 125181 --- [           main] s.spring.security.TestControllerTest     : Starting TestControllerTest using Java 20.0.2 with PID 125181 (started by hagar in /home/hagar/cloud-security-services-integration-library/samples/spring-security-hybrid-usage)
2023-10-19T13:28:41.455+03:00  INFO 125181 --- [           main] s.spring.security.TestControllerTest     : No active profile set, falling back to 1 default profile: "default"
2023-10-19T13:28:42.868+03:00  INFO 125181 --- [           main] c.s.c.s.t.v.v.JwtAudienceValidator       : configured JwtAudienceValidator with clientId sb-clientId!t0815.
2023-10-19T13:28:42.869+03:00  INFO 125181 --- [           main] c.s.c.s.t.v.v.JwtAudienceValidator       : configured JwtAudienceValidator with clientId xsapp!t0815.
2023-10-19T13:28:42.869+03:00  INFO 125181 --- [           main] c.s.c.s.t.v.v.JwtAudienceValidator       : configured JwtAudienceValidator with clientId sb-clientId!t0815.
2023-10-19T13:28:42.908+03:00  INFO 125181 --- [           main] o.s.s.web.DefaultSecurityFilterChain     : Will secure any request with [org.springframework.security.web.session.DisableEncodeUrlFilter@145f1f97, org.springframework.security.web.context.request.async.WebAsyncManagerIntegrationFilter@58d4fe33, org.springframework.security.web.context.SecurityContextHolderFilter@72115c48, org.springframework.security.web.header.HeaderWriterFilter@13868c41, org.springframework.security.web.csrf.CsrfFilter@70ccb3bf, org.springframework.security.web.authentication.logout.LogoutFilter@f9ac719, org.springframework.security.oauth2.server.resource.web.authentication.BearerTokenAuthenticationFilter@4d24ab25, org.springframework.security.web.savedrequest.RequestCacheAwareFilter@1d982fbe, org.springframework.security.web.servletapi.SecurityContextHolderAwareRequestFilter@3adb4cc8, org.springframework.security.web.authentication.AnonymousAuthenticationFilter@1952ad9d, org.springframework.security.web.session.SessionManagementFilter@67d55a46, org.springframework.security.web.access.ExceptionTranslationFilter@10ffe32f, org.springframework.security.web.access.intercept.AuthorizationFilter@337e573b]
2023-10-19T13:28:42.920+03:00  WARN 125181 --- [           main] o.s.s.c.a.web.builders.WebSecurity       : 

********************************************************************
**********        Security debugging is enabled.       *************
**********    This may include sensitive information.  *************
**********      Do not use in a production system!     *************
********************************************************************


2023-10-19T13:28:43.327+03:00  INFO 125181 --- [           main] kenFlowAutoConfiguration$$SpringCGLIB$$0 : If the performance for the token validation is degrading provide your own well configured HttpClientFactory implementation
2023-10-19T13:28:43.328+03:00  WARN 125181 --- [           main] c.s.c.s.client.DefaultHttpClientFactory  : Application has already created HttpClient for clientId = sb-clientId!t0815, please check.
2023-10-19T13:28:43.432+03:00  INFO 125181 --- [           main] o.s.b.t.m.w.SpringBootMockServletContext : Initializing Spring TestDispatcherServlet ''
2023-10-19T13:28:43.433+03:00  INFO 125181 --- [           main] o.s.t.web.servlet.TestDispatcherServlet  : Initializing Servlet ''
2023-10-19T13:28:43.433+03:00  INFO 125181 --- [           main] o.s.t.web.servlet.TestDispatcherServlet  : Completed initialization in 0 ms
2023-10-19T13:28:43.477+03:00  INFO 125181 --- [           main] s.spring.security.TestControllerTest     : Started TestControllerTest in 2.208 seconds (process running for 88.557)
2023-10-19T13:28:47.097+03:00  INFO 125181 --- [           main] c.s.h.c.l.s.dynlog.DynLogEnvironment     : The header key used to retrieve the dynamic log level token has been set to the default value: SAP-LOG-LEVEL
2023-10-19T13:28:47.097+03:00  INFO 125181 --- [           main] c.s.h.c.l.s.dynlog.PublicKeyReader       : DYN_LOG_LEVEL_KEY not found in environment
2023-10-19T13:28:47.097+03:00  INFO 125181 --- [           main] Spring Security Debugger                 : 

************************************************************

Request received for GET '/sayHello':

com.sap.hcp.cf.logging.servlet.filter.LoggingContextRequestWrapper@17873842

servletPath:
pathInfo:/sayHello
headers: 
Authorization: Bearer eyJqa3UiOiJodHRwOi8vbG9jYWxob3N0OjM3MzY1L3Rva2VuX2tleXMiLCJraWQiOiJkZWZhdWx0LWtpZCIsImFsZyI6IlJTMjU2In0.eyJhdWQiOlsic2ItY2xpZW50SWQhdDA4MTUiXSwiZXh0X2F0dHIiOnsiZW5oYW5jZXIiOiJYU1VBQSJ9LCJ6aWQiOiJ0aGUtem9uZS1pZCIsImdyYW50X3R5cGUiOiJ1cm46aWV0ZjpwYXJhbXM6b2F1dGg6Z3JhbnQtdHlwZTpqd3QtYmVhcmVyIiwiYXpwIjoic2ItY2xpZW50SWQhdDA4MTUiLCJzY29wZSI6WyJ4c2FwcCF0MDgxNS5SZWFkIl0sImlzcyI6Imh0dHA6Ly9sb2NhbGhvc3Q6MzczNjUiLCJleHAiOjY5NzQwMjgwMDAsImNpZCI6InNiLWNsaWVudElkIXQwODE1In0.QZSHJ48IMAHSaNGvedyW1xqldAxeZlUtEme2sWHzIbouz2rKGtHbxqzeYt5DareSSYCqf6p8Aae4pGDsjK2dJewynEp51lyVVZxraas2UUC6Gs9JJlroMO5TXziRTNiv6-YXsIwfSFpoaz_ptVKtu8qPV3vCtuhgrGwzcmir1BcuKZEsNKJKgwWgxT2I1IGE4bySWv9Oa0KlVrlDsI_47-mhnV80EWw9g0_TYjyVADkfx04fWE62EfC8OnAVN0apVV8BESd9RQlT48MH1PbSXvdXnvE9ZN0y-kht8_Q4vPmNi5CL05uFy86BVPi-6Sr0U7JD2JigvZAXfodKG_vzF5F8FXIjjMKiPEFG5UgoPp5h4Z2mQzFdRwIBvJeS0xk3Gv1r_LopqCWusgAvo-SOlCKKYG56JqEiK8U85qB6sMa7dw9wP5gmKf64fUDNlc7ZmfqqqkDcrlECZixLW91McSI384733Ui_6foULalRyvW6kPSBmFb_SSYFNSeY4O8b


Security filter chain: [
  DisableEncodeUrlFilter
  WebAsyncManagerIntegrationFilter
  SecurityContextHolderFilter
  HeaderWriterFilter
  CsrfFilter
  LogoutFilter
  BearerTokenAuthenticationFilter
  RequestCacheAwareFilter
  SecurityContextHolderAwareRequestFilter
  AnonymousAuthenticationFilter
  SessionManagementFilter
  ExceptionTranslationFilter
  AuthorizationFilter
]


************************************************************


2023-10-19T13:28:47.099+03:00  WARN 125181 --- [           main] c.s.c.s.client.DefaultHttpClientFactory  : Application has already created HttpClient for clientId = null, please check.
2023-10-19T13:28:47.128+03:00  INFO 125181 --- [           main] c.s.c.s.t.v.v.JwtAudienceValidator       : The audiences that are derived from the token: [sb-clientId!t0815].
2023-10-19T13:28:47.172+03:00  WARN 125181 --- [           main] c.sap.cloud.security.token.XsuaaToken    : origin claim not set in JWT. Cannot create unique user name. Returning null.
2023-10-19T13:28:47.174+03:00  INFO 125181 --- [           main] c.s.h.c.l.servlet.filter.RequestLogger   : 
2023-10-19T13:28:47.228+03:00  INFO 125181 --- [           main] Spring Security Debugger                 : 

************************************************************

Request received for GET '/sayHello':

com.sap.hcp.cf.logging.servlet.filter.LoggingContextRequestWrapper@241abc2

servletPath:
pathInfo:/sayHello
headers: 
Authorization: Bearer eyJraWQiOiJkZWZhdWx0LWtpZC1pYXMiLCJhbGciOiJSUzI1NiJ9.eyJhdWQiOiJzYi1jbGllbnRJZCF0MDgxNSIsInNjaW1faWQiOiJ0aGUtdXNlci1pZCIsInVzZXJfdXVpZCI6InRoZS11c2VyLWlkIiwiYXBwX3RpZCI6InRoZS1hcHAtdGlkIiwiYXpwIjoic2ItY2xpZW50SWQhdDA4MTUiLCJpc3MiOiJodHRwOi8vbG9jYWxob3N0OjM5NjQ1Iiwiem9uZV91dWlkIjoidGhlLXpvbmUtaWQiLCJncm91cHMiOlsiSUFTQVVUSFpfUmVhZCJdLCJleHAiOjY5NzQwMjgwMDAsImNpZCI6InNiLWNsaWVudElkIXQwODE1In0.aY-DJHjJAL3hlbAkYzOvB-pNPzucgoY8_xRvpXsa49xw0eNFYRvGC7hhge1CHZfnEAjp3A5K4h51UEVkSPJsQNXK3Eajt9oBJT2Ms9lDcvwC2ID-En70KO4K-TQ8vcaGpT_MBLKJFW1onXQbmybZ1N-BcHj5TqB-urIpWbiU5J2S6Efa4DAxEzQ9qBEey9GFmkvrQJw6IEKZl2xjGl4_qJ27KUXuI99CU7e_rqnLKQT4QaK-UvVSgwXT3As3qk_rUgKcrEPjcdnbNItwafUiVe1G0JWNBO_xzNUMcmT5u2S2AFBOGWSfXNV6HUzr5qqTsH4MzjV8Wmzwve74s4m3tvyZG3keY0h3Q2_AfM2iM0YXDkaJCfC7h4SVIOlz6ZTZ64vPq2X4hxUyrxYNOKnj9DBi41vtCsOLXFgEoq9opDDQJSdtAOqk7m0paXj4xIhxJGvShMLbZ6U3HStMlfM3ywoDIKHv5QtF0hEUyG_I4s-yE9itP5FOK7ol9lJFFkah


Security filter chain: [
  DisableEncodeUrlFilter
  WebAsyncManagerIntegrationFilter
  SecurityContextHolderFilter
  HeaderWriterFilter
  CsrfFilter
  LogoutFilter
  BearerTokenAuthenticationFilter
  RequestCacheAwareFilter
  SecurityContextHolderAwareRequestFilter
  AnonymousAuthenticationFilter
  SessionManagementFilter
  ExceptionTranslationFilter
  AuthorizationFilter
]


************************************************************


2023-10-19T13:28:47.245+03:00  WARN 125181 --- [           main] c.s.c.s.client.DefaultHttpClientFactory  : Application has already created HttpClient for clientId = null, please check.
2023-10-19T13:28:47.289+03:00  WARN 125181 --- [           main] c.s.c.s.client.DefaultHttpClientFactory  : Application has already created HttpClient for clientId = null, please check.
2023-10-19T13:28:47.317+03:00  INFO 125181 --- [           main] c.s.c.s.t.v.v.JwtAudienceValidator       : The audiences that are derived from the token: [sb-clientId!t0815].
2023-10-19T13:28:47.319+03:00  INFO 125181 --- [           main] c.s.h.c.l.servlet.filter.RequestLogger   : 
]]></system-out>
  </testcase>
  <testcase name="readData_FORBIDDEN" classname="sample.spring.security.TestControllerTest" time="3.242">
    <system-out><![CDATA[2023-10-19T13:28:50.598+03:00  INFO 125181 --- [           main] Spring Security Debugger                 : 

************************************************************

Request received for GET '/method':

com.sap.hcp.cf.logging.servlet.filter.LoggingContextRequestWrapper@16a15261

servletPath:
pathInfo:/method
headers: 
Authorization: Bearer eyJqa3UiOiJodHRwOi8vbG9jYWxob3N0OjM3MzY1L3Rva2VuX2tleXMiLCJraWQiOiJkZWZhdWx0LWtpZCIsImFsZyI6IlJTMjU2In0.eyJhdWQiOlsic2ItY2xpZW50SWQhdDA4MTUiXSwiZXh0X2F0dHIiOnsiZW5oYW5jZXIiOiJYU1VBQSJ9LCJ6aWQiOiJ0aGUtem9uZS1pZCIsImdyYW50X3R5cGUiOiJ1cm46aWV0ZjpwYXJhbXM6b2F1dGg6Z3JhbnQtdHlwZTpqd3QtYmVhcmVyIiwiYXpwIjoic2ItY2xpZW50SWQhdDA4MTUiLCJpc3MiOiJodHRwOi8vbG9jYWxob3N0OjM3MzY1IiwiZXhwIjo2OTc0MDI4MDAwLCJjaWQiOiJzYi1jbGllbnRJZCF0MDgxNSJ9.AtGetD4zqFllynXXl-JtNZTNHIW_3pJfU_f0XJNiI0TAgZ7lCHJko8j__dmUCrKtggWLlJqgwhx43BlXOcwY3K3zbwgHC8W-kdEuRWgC65SqWIKycx3EdU8IRnwkNbiL3Rq161I72KPIEav7-iMz5RBZpgpExbtDoEDGwC68jp48odSLgS-qsXCAMmRMy2o1bI7lxVbvRtmHhMJ9_y-c98g2Gdy5OjPQ1rxVS1D8FlAD3pSHXdS8Q7I_ruWah2BKiE74hQptxyqKCMkNQThxSiBELIHRRVBW5ZhP-59u7hfkDIRi6cDRhegumNQzbD0o65NVhq-ZRTCFvhmil6Cx7iA-TJMnP-QgBx29lu4jPI4L_noHSWR0x3URtOLo_XL_ysIJf6ME1XgQJYrfLDPgqy6e_TVyM6WtFz9URMeVgem42P34eMLvByZBP9o-6u6MPQZmYOWXLZlygzSfsRdO3WAv0Sdv-yr2Yj9cbtcRDebdGiLzI9wGKCJpUU0SFwMv


Security filter chain: [
  DisableEncodeUrlFilter
  WebAsyncManagerIntegrationFilter
  SecurityContextHolderFilter
  HeaderWriterFilter
  CsrfFilter
  LogoutFilter
  BearerTokenAuthenticationFilter
  RequestCacheAwareFilter
  SecurityContextHolderAwareRequestFilter
  AnonymousAuthenticationFilter
  SessionManagementFilter
  ExceptionTranslationFilter
  AuthorizationFilter
]


************************************************************


2023-10-19T13:28:50.601+03:00  INFO 125181 --- [           main] c.s.c.s.t.v.v.JwtAudienceValidator       : The audiences that are derived from the token: [sb-clientId!t0815].
2023-10-19T13:28:50.618+03:00  WARN 125181 --- [           main] c.sap.cloud.security.token.XsuaaToken    : origin claim not set in JWT. Cannot create unique user name. Returning null.
2023-10-19T13:28:50.619+03:00  INFO 125181 --- [           main] c.s.h.c.l.servlet.filter.RequestLogger   : 
]]></system-out>
  </testcase>
  <testcase name="readData_OK" classname="sample.spring.security.TestControllerTest" time="16.04">
    <system-out><![CDATA[2023-10-19T13:29:06.600+03:00  INFO 125181 --- [           main] Spring Security Debugger                 : 

************************************************************

Request received for GET '/method':

com.sap.hcp.cf.logging.servlet.filter.LoggingContextRequestWrapper@1e6e29d6

servletPath:
pathInfo:/method
headers: 
Authorization: Bearer eyJqa3UiOiJodHRwOi8vbG9jYWxob3N0OjM3MzY1L3Rva2VuX2tleXMiLCJraWQiOiJkZWZhdWx0LWtpZCIsImFsZyI6IlJTMjU2In0.eyJhdWQiOlsic2ItY2xpZW50SWQhdDA4MTUiXSwiZXh0X2F0dHIiOnsiZW5oYW5jZXIiOiJYU1VBQSJ9LCJ6aWQiOiJ0aGUtem9uZS1pZCIsImdyYW50X3R5cGUiOiJ1cm46aWV0ZjpwYXJhbXM6b2F1dGg6Z3JhbnQtdHlwZTpqd3QtYmVhcmVyIiwiYXpwIjoic2ItY2xpZW50SWQhdDA4MTUiLCJzY29wZSI6WyJ4c2FwcCF0MDgxNS5SZWFkIl0sImlzcyI6Imh0dHA6Ly9sb2NhbGhvc3Q6MzczNjUiLCJleHAiOjY5NzQwMjgwMDAsImNpZCI6InNiLWNsaWVudElkIXQwODE1In0.QZSHJ48IMAHSaNGvedyW1xqldAxeZlUtEme2sWHzIbouz2rKGtHbxqzeYt5DareSSYCqf6p8Aae4pGDsjK2dJewynEp51lyVVZxraas2UUC6Gs9JJlroMO5TXziRTNiv6-YXsIwfSFpoaz_ptVKtu8qPV3vCtuhgrGwzcmir1BcuKZEsNKJKgwWgxT2I1IGE4bySWv9Oa0KlVrlDsI_47-mhnV80EWw9g0_TYjyVADkfx04fWE62EfC8OnAVN0apVV8BESd9RQlT48MH1PbSXvdXnvE9ZN0y-kht8_Q4vPmNi5CL05uFy86BVPi-6Sr0U7JD2JigvZAXfodKG_vzF5F8FXIjjMKiPEFG5UgoPp5h4Z2mQzFdRwIBvJeS0xk3Gv1r_LopqCWusgAvo-SOlCKKYG56JqEiK8U85qB6sMa7dw9wP5gmKf64fUDNlc7ZmfqqqkDcrlECZixLW91McSI384733Ui_6foULalRyvW6kPSBmFb_SSYFNSeY4O8b


Security filter chain: [
  DisableEncodeUrlFilter
  WebAsyncManagerIntegrationFilter
  SecurityContextHolderFilter
  HeaderWriterFilter
  CsrfFilter
  LogoutFilter
  BearerTokenAuthenticationFilter
  RequestCacheAwareFilter
  SecurityContextHolderAwareRequestFilter
  AnonymousAuthenticationFilter
  SessionManagementFilter
  ExceptionTranslationFilter
  AuthorizationFilter
]


************************************************************


2023-10-19T13:29:06.616+03:00  INFO 125181 --- [           main] c.s.c.s.t.v.v.JwtAudienceValidator       : The audiences that are derived from the token: [sb-clientId!t0815].
2023-10-19T13:29:06.635+03:00  WARN 125181 --- [           main] c.sap.cloud.security.token.XsuaaToken    : origin claim not set in JWT. Cannot create unique user name. Returning null.
2023-10-19T13:29:06.636+03:00  INFO 125181 --- [           main] c.s.h.c.l.servlet.filter.RequestLogger   : 
2023-10-19T13:29:06.649+03:00  INFO 125181 --- [           main] Spring Security Debugger                 : 

************************************************************

Request received for GET '/method':

com.sap.hcp.cf.logging.servlet.filter.LoggingContextRequestWrapper@7359f3ac

servletPath:
pathInfo:/method
headers: 
Authorization: Bearer eyJraWQiOiJkZWZhdWx0LWtpZC1pYXMiLCJhbGciOiJSUzI1NiJ9.eyJhdWQiOiJzYi1jbGllbnRJZCF0MDgxNSIsInNjaW1faWQiOiJ0aGUtdXNlci1pZCIsInVzZXJfdXVpZCI6InRoZS11c2VyLWlkIiwiYXBwX3RpZCI6InRoZS1hcHAtdGlkIiwiYXpwIjoic2ItY2xpZW50SWQhdDA4MTUiLCJpc3MiOiJodHRwOi8vbG9jYWxob3N0OjM5NjQ1Iiwiem9uZV91dWlkIjoidGhlLXpvbmUtaWQiLCJncm91cHMiOlsiSUFTQVVUSFpfUmVhZCJdLCJleHAiOjY5NzQwMjgwMDAsImNpZCI6InNiLWNsaWVudElkIXQwODE1In0.aY-DJHjJAL3hlbAkYzOvB-pNPzucgoY8_xRvpXsa49xw0eNFYRvGC7hhge1CHZfnEAjp3A5K4h51UEVkSPJsQNXK3Eajt9oBJT2Ms9lDcvwC2ID-En70KO4K-TQ8vcaGpT_MBLKJFW1onXQbmybZ1N-BcHj5TqB-urIpWbiU5J2S6Efa4DAxEzQ9qBEey9GFmkvrQJw6IEKZl2xjGl4_qJ27KUXuI99CU7e_rqnLKQT4QaK-UvVSgwXT3As3qk_rUgKcrEPjcdnbNItwafUiVe1G0JWNBO_xzNUMcmT5u2S2AFBOGWSfXNV6HUzr5qqTsH4MzjV8Wmzwve74s4m3tvyZG3keY0h3Q2_AfM2iM0YXDkaJCfC7h4SVIOlz6ZTZ64vPq2X4hxUyrxYNOKnj9DBi41vtCsOLXFgEoq9opDDQJSdtAOqk7m0paXj4xIhxJGvShMLbZ6U3HStMlfM3ywoDIKHv5QtF0hEUyG_I4s-yE9itP5FOK7ol9lJFFkah


Security filter chain: [
  DisableEncodeUrlFilter
  WebAsyncManagerIntegrationFilter
  SecurityContextHolderFilter
  HeaderWriterFilter
  CsrfFilter
  LogoutFilter
  BearerTokenAuthenticationFilter
  RequestCacheAwareFilter
  SecurityContextHolderAwareRequestFilter
  AnonymousAuthenticationFilter
  SessionManagementFilter
  ExceptionTranslationFilter
  AuthorizationFilter
]


************************************************************


2023-10-19T13:29:06.650+03:00  INFO 125181 --- [           main] c.s.c.s.t.v.v.JwtAudienceValidator       : The audiences that are derived from the token: [sb-clientId!t0815].
2023-10-19T13:29:06.660+03:00  INFO 125181 --- [           main] c.s.h.c.l.servlet.filter.RequestLogger   : 
]]></system-out>
  </testcase>
</testsuite>