<?xml version="1.0" encoding="UTF-8"?>
<testsuite xmlns:xsi="http://www.w3.org/2001/XMLSchema-instance" xsi:noNamespaceSchemaLocation="https://maven.apache.org/surefire/maven-surefire-plugin/xsd/surefire-test-report-3.0.xsd" version="3.0" name="sample.spring.security.junitjupiter.ApplicationTest" time="3.008" tests="1" errors="0" skipped="0" failures="0">
  <properties>
[...]
</properties>
  <testcase name="whenSpringContextIsBootstrapped_thenNoExceptions" classname="sample.spring.security.junitjupiter.ApplicationTest" time="0.02">
    <system-out><![CDATA[2023-10-17T18:57:52.547+03:00  INFO 273770 --- [      Thread-11] o.e.jetty.server.AbstractConnector       : Stopped NetworkTrafficServerConnector@f202d6d{HTTP/1.1, (http/1.1, h2c)}{0.0.0.0:0}
2023-10-17T18:57:52.557+03:00  INFO 273770 --- [           main] t.c.s.AnnotationConfigContextLoaderUtils : Could not detect default configuration classes for test class [sample.spring.security.junitjupiter.ApplicationTest]: ApplicationTest does not declare any static, non-private, non-final, nested classes annotated with @Configuration.
2023-10-17T18:57:52.561+03:00  INFO 273770 --- [      Thread-11] o.e.jetty.server.handler.ContextHandler  : Stopped o.e.j.s.ServletContextHandler@10667848{/,null,STOPPED}
2023-10-17T18:57:52.572+03:00  INFO 273770 --- [      Thread-11] o.e.jetty.server.handler.ContextHandler  : Stopped o.e.j.s.ServletContextHandler@1cb19dba{/__admin,null,STOPPED}
2023-10-17T18:57:52.587+03:00  INFO 273770 --- [           main] .b.t.c.SpringBootTestContextBootstrapper : Found @SpringBootConfiguration sample.spring.security.Application for test class sample.spring.security.junitjupiter.ApplicationTest

  .   ____          _            __ _ _
 /\\ / ___'_ __ _ _(_)_ __  __ _ \ \ \ \
( ( )\___ | '_ | '_| | '_ \/ _` | \ \ \ \
 \\/  ___)| |_)| | | | | || (_| |  ) ) ) )
  '  |____| .__|_| |_|_| |_\__, | / / / /
 =========|_|==============|___/=/_/_/_/
 :: Spring Boot ::                (v3.0.4)

2023-10-17T18:57:52.900+03:00  INFO 273770 --- [           main] s.s.s.junitjupiter.ApplicationTest       : Starting ApplicationTest using Java 20.0.2 with PID 273770 (started by hagar in /home/hagar/cloud-security-services-integration-library/samples/spring-security-hybrid-usage)
2023-10-17T18:57:52.900+03:00  INFO 273770 --- [           main] s.s.s.junitjupiter.ApplicationTest       : The following 1 profile is active: "multixsuaa"
2023-10-17T18:57:54.630+03:00  INFO 273770 --- [           main] c.s.c.s.t.v.v.JwtAudienceValidator       : configured JwtAudienceValidator with clientId sb-clientId!t0815.
2023-10-17T18:57:54.638+03:00  INFO 273770 --- [           main] c.s.c.s.t.v.v.JwtAudienceValidator       : configured JwtAudienceValidator with clientId xsapp!t0815.
2023-10-17T18:57:54.639+03:00  INFO 273770 --- [           main] c.s.c.s.t.v.v.JwtAudienceValidator       : configured JwtAudienceValidator with clientId sb-clientId!t04711.
2023-10-17T18:57:54.639+03:00  INFO 273770 --- [           main] c.s.c.s.t.v.v.JwtAudienceValidator       : configured JwtAudienceValidator with clientId sb-clientId!t0815.
2023-10-17T18:57:54.722+03:00  INFO 273770 --- [           main] o.s.s.web.DefaultSecurityFilterChain     : Will secure any request with [org.springframework.security.web.session.DisableEncodeUrlFilter@4d4bac56, org.springframework.security.web.context.request.async.WebAsyncManagerIntegrationFilter@76980c75, org.springframework.security.web.context.SecurityContextHolderFilter@7f53b345, org.springframework.security.web.header.HeaderWriterFilter@703eead0, org.springframework.security.web.csrf.CsrfFilter@27b7e663, org.springframework.security.web.authentication.logout.LogoutFilter@ad585fb, org.springframework.security.oauth2.server.resource.web.authentication.BearerTokenAuthenticationFilter@6b170692, org.springframework.security.web.savedrequest.RequestCacheAwareFilter@76ee7301, org.springframework.security.web.servletapi.SecurityContextHolderAwareRequestFilter@71817f66, org.springframework.security.web.authentication.AnonymousAuthenticationFilter@3696d12d, org.springframework.security.web.session.SessionManagementFilter@674fd531, org.springframework.security.web.access.ExceptionTranslationFilter@5f2ad3d5, org.springframework.security.web.access.intercept.AuthorizationFilter@75a6bd06]
2023-10-17T18:57:54.735+03:00  WARN 273770 --- [           main] o.s.s.c.a.web.builders.WebSecurity       : 

********************************************************************
**********        Security debugging is enabled.       *************
**********    This may include sensitive information.  *************
**********      Do not use in a production system!     *************
********************************************************************


2023-10-17T18:57:55.368+03:00  INFO 273770 --- [           main] c.s.c.s.t.v.v.JwtAudienceValidator       : configured JwtAudienceValidator with clientId sb-clientId!t0815.
2023-10-17T18:57:55.369+03:00  INFO 273770 --- [           main] c.s.c.s.t.v.v.JwtAudienceValidator       : configured JwtAudienceValidator with clientId xsapp!t0815.
2023-10-17T18:57:55.369+03:00  INFO 273770 --- [           main] c.s.c.s.t.v.v.JwtAudienceValidator       : configured JwtAudienceValidator with clientId sb-clientId!t0815.
2023-10-17T18:57:55.376+03:00  INFO 273770 --- [           main] kenFlowAutoConfiguration$$SpringCGLIB$$0 : If the performance for the token validation is degrading provide your own well configured HttpClientFactory implementation
2023-10-17T18:57:55.376+03:00  WARN 273770 --- [           main] c.s.c.s.client.DefaultHttpClientFactory  : Application has already created HttpClient for clientId = sb-clientId!t0815, please check.
2023-10-17T18:57:55.531+03:00  INFO 273770 --- [           main] s.s.s.junitjupiter.ApplicationTest       : Started ApplicationTest in 2.926 seconds (process running for 40.181)
]]></system-out>
  </testcase>
</testsuite>