<?xml version="1.0" encoding="UTF-8"?>
<testsuite xmlns:xsi="http://www.w3.org/2001/XMLSchema-instance" xsi:noNamespaceSchemaLocation="https://maven.apache.org/surefire/maven-surefire-plugin/xsd/surefire-test-report-3.0.xsd" version="3.0" name="sample.spring.security.junitjupiter.TestControllerIasTest" time="37.702" tests="4" errors="0" skipped="0" failures="0">
  <properties>
[...]
</properties>
  <testcase name="sayHello_compatibility" classname="sample.spring.security.junitjupiter.TestControllerIasTest" time="6.154">
    <system-out><![CDATA[13:27:27.229 [main] DEBUG org.springframework.boot.test.context.SpringBootTestContextBootstrapper - Neither @ContextConfiguration nor @ContextHierarchy found for test class [TestControllerTest]: using SpringBootContextLoader
13:27:27.272 [main] DEBUG org.springframework.test.context.support.AbstractContextLoader - Could not detect default resource locations for test class [sample.spring.security.TestControllerTest]: no resource found for suffixes {-context.xml, Context.groovy}.
13:27:27.279 [main] INFO org.springframework.test.context.support.AnnotationConfigContextLoaderUtils - Could not detect default configuration classes for test class [sample.spring.security.TestControllerTest]: TestControllerTest does not declare any static, non-private, non-final, nested classes annotated with @Configuration.
13:27:28.012 [main] DEBUG org.springframework.boot.test.context.SpringBootTestContextBootstrapper - Using ContextCustomizers for test class [TestControllerTest]: [ImportsContextCustomizer, ExcludeFilterContextCustomizer, DuplicateJsonObjectContextCustomizer, MockitoContextCustomizer, TestRestTemplateContextCustomizer, DisableObservabilityContextCustomizer, PropertyMappingContextCustomizer, Customizer]
13:27:28.446 [main] DEBUG org.springframework.context.annotation.ClassPathScanningCandidateComponentProvider - Identified candidate component class: file [/home/hagar/cloud-security-services-integration-library/samples/spring-security-hybrid-usage/target/classes/sample/spring/security/Application.class]
13:27:30.296 [main] INFO org.springframework.boot.test.context.SpringBootTestContextBootstrapper - Found @SpringBootConfiguration sample.spring.security.Application for test class sample.spring.security.TestControllerTest
13:27:32.035 [main] DEBUG org.springframework.test.context.util.TestContextSpringFactoriesUtils - Skipping candidate TestExecutionListener [org.springframework.test.context.transaction.TransactionalTestExecutionListener] due to a missing dependency. Specify custom TestExecutionListener classes or make the default TestExecutionListener classes and their required dependencies available. Offending class: [org/springframework/transaction/interceptor/TransactionAttributeSource]
13:27:32.313 [main] DEBUG org.springframework.test.context.util.TestContextSpringFactoriesUtils - Skipping candidate TestExecutionListener [org.springframework.test.context.jdbc.SqlScriptsTestExecutionListener] due to a missing dependency. Specify custom TestExecutionListener classes or make the default TestExecutionListener classes and their required dependencies available. Offending class: [org/springframework/transaction/interceptor/TransactionAttribute]
13:27:32.569 [main] DEBUG org.springframework.boot.test.context.SpringBootTestContextBootstrapper - Using TestExecutionListeners for test class [TestControllerTest]: [ServletTestExecutionListener, DirtiesContextBeforeModesTestExecutionListener, ApplicationEventsTestExecutionListener, MockitoTestExecutionListener, DependencyInjectionTestExecutionListener, DirtiesContextTestExecutionListener, EventPublishingTestExecutionListener, ResetMocksTestExecutionListener, RestDocsTestExecutionListener, MockRestServiceServerResetTestExecutionListener, MockMvcPrintOnlyOnFailureTestExecutionListener, WebDriverTestExecutionListener, MockWebServiceServerTestExecutionListener]
13:27:32.602 [main] DEBUG org.springframework.test.annotation.ProfileValueUtils - Retrieved @ProfileValueSourceConfiguration [null] for test class [sample.spring.security.TestControllerTest]
13:27:32.624 [main] DEBUG org.springframework.test.annotation.ProfileValueUtils - Retrieved ProfileValueSource type [class org.springframework.test.annotation.SystemProfileValueSource] for class [sample.spring.security.TestControllerTest]
13:27:32.665 [main] DEBUG org.springframework.test.annotation.ProfileValueUtils - Retrieved @ProfileValueSourceConfiguration [null] for test class [sample.spring.security.TestControllerTest]
13:27:32.665 [main] DEBUG org.springframework.test.annotation.ProfileValueUtils - Retrieved ProfileValueSource type [class org.springframework.test.annotation.SystemProfileValueSource] for class [sample.spring.security.TestControllerTest]
13:27:32.668 [main] DEBUG org.springframework.test.annotation.ProfileValueUtils - Retrieved @ProfileValueSourceConfiguration [null] for test class [sample.spring.security.TestControllerTest]
13:27:32.669 [main] DEBUG org.springframework.test.annotation.ProfileValueUtils - Retrieved ProfileValueSource type [class org.springframework.test.annotation.SystemProfileValueSource] for class [sample.spring.security.TestControllerTest]
13:27:33.278 [main] DEBUG org.springframework.boot.test.context.SpringBootTestContextBootstrapper - Neither @ContextConfiguration nor @ContextHierarchy found for test class [ApplicationTest]: using SpringBootContextLoader
13:27:33.293 [main] DEBUG org.springframework.test.context.support.AbstractContextLoader - Could not detect default resource locations for test class [sample.spring.security.ApplicationTest]: no resource found for suffixes {-context.xml, Context.groovy}.
13:27:33.355 [main] DEBUG org.springframework.boot.test.context.SpringBootTestContextBootstrapper - Using ContextCustomizers for test class [ApplicationTest]: [ExcludeFilterContextCustomizer, DuplicateJsonObjectContextCustomizer, MockitoContextCustomizer, TestRestTemplateContextCustomizer, DisableObservabilityContextCustomizer, PropertyMappingContextCustomizer, Customizer]
13:27:33.514 [main] DEBUG org.springframework.test.context.util.TestContextSpringFactoriesUtils - Skipping candidate TestExecutionListener [org.springframework.test.context.transaction.TransactionalTestExecutionListener] due to a missing dependency. Specify custom TestExecutionListener classes or make the default TestExecutionListener classes and their required dependencies available. Offending class: [org/springframework/transaction/interceptor/TransactionAttributeSource]
13:27:33.521 [main] DEBUG org.springframework.test.context.util.TestContextSpringFactoriesUtils - Skipping candidate TestExecutionListener [org.springframework.test.context.jdbc.SqlScriptsTestExecutionListener] due to a missing dependency. Specify custom TestExecutionListener classes or make the default TestExecutionListener classes and their required dependencies available. Offending class: [org/springframework/transaction/interceptor/TransactionAttribute]
13:27:33.528 [main] DEBUG org.springframework.boot.test.context.SpringBootTestContextBootstrapper - Using TestExecutionListeners for test class [ApplicationTest]: [ServletTestExecutionListener, DirtiesContextBeforeModesTestExecutionListener, ApplicationEventsTestExecutionListener, MockitoTestExecutionListener, DependencyInjectionTestExecutionListener, DirtiesContextTestExecutionListener, EventPublishingTestExecutionListener, ResetMocksTestExecutionListener, RestDocsTestExecutionListener, MockRestServiceServerResetTestExecutionListener, MockMvcPrintOnlyOnFailureTestExecutionListener, WebDriverTestExecutionListener, MockWebServiceServerTestExecutionListener]
13:27:33.528 [main] DEBUG org.springframework.test.annotation.ProfileValueUtils - Retrieved @ProfileValueSourceConfiguration [null] for test class [sample.spring.security.ApplicationTest]
13:27:33.529 [main] DEBUG org.springframework.test.annotation.ProfileValueUtils - Retrieved ProfileValueSource type [class org.springframework.test.annotation.SystemProfileValueSource] for class [sample.spring.security.ApplicationTest]
13:27:33.529 [main] DEBUG org.springframework.test.annotation.ProfileValueUtils - Retrieved @ProfileValueSourceConfiguration [null] for test class [sample.spring.security.ApplicationTest]
13:27:33.529 [main] DEBUG org.springframework.test.annotation.ProfileValueUtils - Retrieved ProfileValueSource type [class org.springframework.test.annotation.SystemProfileValueSource] for class [sample.spring.security.ApplicationTest]
13:27:33.529 [main] DEBUG org.springframework.test.annotation.ProfileValueUtils - Retrieved @ProfileValueSourceConfiguration [null] for test class [sample.spring.security.ApplicationTest]
13:27:33.530 [main] DEBUG org.springframework.test.annotation.ProfileValueUtils - Retrieved ProfileValueSource type [class org.springframework.test.annotation.SystemProfileValueSource] for class [sample.spring.security.ApplicationTest]
13:27:33.640 [main] DEBUG org.springframework.boot.test.context.SpringBootTestContextBootstrapper - Neither @ContextConfiguration nor @ContextHierarchy found for test class [TestControllerTest]: using SpringBootContextLoader
13:27:33.646 [main] DEBUG org.springframework.test.context.support.AbstractContextLoader - Could not detect default resource locations for test class [sample.spring.security.TestControllerTest]: no resource found for suffixes {-context.xml, Context.groovy}.
13:27:33.647 [main] INFO org.springframework.test.context.support.AnnotationConfigContextLoaderUtils - Could not detect default configuration classes for test class [sample.spring.security.TestControllerTest]: TestControllerTest does not declare any static, non-private, non-final, nested classes annotated with @Configuration.
13:27:33.682 [main] DEBUG org.springframework.boot.test.context.SpringBootTestContextBootstrapper - Using ContextCustomizers for test class [TestControllerTest]: [ImportsContextCustomizer, ExcludeFilterContextCustomizer, DuplicateJsonObjectContextCustomizer, MockitoContextCustomizer, TestRestTemplateContextCustomizer, DisableObservabilityContextCustomizer, PropertyMappingContextCustomizer, Customizer]
13:27:33.683 [main] INFO org.springframework.boot.test.context.SpringBootTestContextBootstrapper - Found @SpringBootConfiguration sample.spring.security.Application for test class sample.spring.security.TestControllerTest
13:27:33.707 [main] DEBUG org.springframework.test.context.util.TestContextSpringFactoriesUtils - Skipping candidate TestExecutionListener [org.springframework.test.context.transaction.TransactionalTestExecutionListener] due to a missing dependency. Specify custom TestExecutionListener classes or make the default TestExecutionListener classes and their required dependencies available. Offending class: [org/springframework/transaction/interceptor/TransactionAttributeSource]
13:27:33.708 [main] DEBUG org.springframework.test.context.util.TestContextSpringFactoriesUtils - Skipping candidate TestExecutionListener [org.springframework.test.context.jdbc.SqlScriptsTestExecutionListener] due to a missing dependency. Specify custom TestExecutionListener classes or make the default TestExecutionListener classes and their required dependencies available. Offending class: [org/springframework/transaction/interceptor/TransactionAttribute]
13:27:33.709 [main] DEBUG org.springframework.boot.test.context.SpringBootTestContextBootstrapper - Using TestExecutionListeners for test class [TestControllerTest]: [ServletTestExecutionListener, DirtiesContextBeforeModesTestExecutionListener, ApplicationEventsTestExecutionListener, MockitoTestExecutionListener, DependencyInjectionTestExecutionListener, DirtiesContextTestExecutionListener, EventPublishingTestExecutionListener, ResetMocksTestExecutionListener, RestDocsTestExecutionListener, MockRestServiceServerResetTestExecutionListener, MockMvcPrintOnlyOnFailureTestExecutionListener, WebDriverTestExecutionListener, MockWebServiceServerTestExecutionListener]
13:27:33.709 [main] DEBUG org.springframework.test.annotation.ProfileValueUtils - Retrieved @ProfileValueSourceConfiguration [null] for test class [sample.spring.security.TestControllerTest]
13:27:33.709 [main] DEBUG org.springframework.test.annotation.ProfileValueUtils - Retrieved ProfileValueSource type [class org.springframework.test.annotation.SystemProfileValueSource] for class [sample.spring.security.TestControllerTest]
13:27:33.710 [main] DEBUG org.springframework.test.annotation.ProfileValueUtils - Retrieved @ProfileValueSourceConfiguration [null] for test class [sample.spring.security.TestControllerTest]
13:27:33.710 [main] DEBUG org.springframework.test.annotation.ProfileValueUtils - Retrieved ProfileValueSource type [class org.springframework.test.annotation.SystemProfileValueSource] for class [sample.spring.security.TestControllerTest]
13:27:33.710 [main] DEBUG org.springframework.test.annotation.ProfileValueUtils - Retrieved @ProfileValueSourceConfiguration [null] for test class [sample.spring.security.TestControllerTest]
13:27:33.713 [main] DEBUG org.springframework.test.annotation.ProfileValueUtils - Retrieved ProfileValueSource type [class org.springframework.test.annotation.SystemProfileValueSource] for class [sample.spring.security.TestControllerTest]
13:27:33.721 [main] DEBUG org.springframework.boot.test.context.SpringBootTestContextBootstrapper - Neither @ContextConfiguration nor @ContextHierarchy found for test class [ApplicationTest]: using SpringBootContextLoader
13:27:33.722 [main] DEBUG org.springframework.test.context.support.AbstractContextLoader - Could not detect default resource locations for test class [sample.spring.security.ApplicationTest]: no resource found for suffixes {-context.xml, Context.groovy}.
13:27:33.723 [main] DEBUG org.springframework.boot.test.context.SpringBootTestContextBootstrapper - Using ContextCustomizers for test class [ApplicationTest]: [ExcludeFilterContextCustomizer, DuplicateJsonObjectContextCustomizer, MockitoContextCustomizer, TestRestTemplateContextCustomizer, DisableObservabilityContextCustomizer, PropertyMappingContextCustomizer, Customizer]
13:27:33.725 [main] DEBUG org.springframework.test.context.util.TestContextSpringFactoriesUtils - Skipping candidate TestExecutionListener [org.springframework.test.context.transaction.TransactionalTestExecutionListener] due to a missing dependency. Specify custom TestExecutionListener classes or make the default TestExecutionListener classes and their required dependencies available. Offending class: [org/springframework/transaction/interceptor/TransactionAttributeSource]
13:27:33.730 [main] DEBUG org.springframework.test.context.util.TestContextSpringFactoriesUtils - Skipping candidate TestExecutionListener [org.springframework.test.context.jdbc.SqlScriptsTestExecutionListener] due to a missing dependency. Specify custom TestExecutionListener classes or make the default TestExecutionListener classes and their required dependencies available. Offending class: [org/springframework/transaction/interceptor/TransactionAttribute]
13:27:33.732 [main] DEBUG org.springframework.boot.test.context.SpringBootTestContextBootstrapper - Using TestExecutionListeners for test class [ApplicationTest]: [ServletTestExecutionListener, DirtiesContextBeforeModesTestExecutionListener, ApplicationEventsTestExecutionListener, MockitoTestExecutionListener, DependencyInjectionTestExecutionListener, DirtiesContextTestExecutionListener, EventPublishingTestExecutionListener, ResetMocksTestExecutionListener, RestDocsTestExecutionListener, MockRestServiceServerResetTestExecutionListener, MockMvcPrintOnlyOnFailureTestExecutionListener, WebDriverTestExecutionListener, MockWebServiceServerTestExecutionListener]
13:27:33.732 [main] DEBUG org.springframework.test.annotation.ProfileValueUtils - Retrieved @ProfileValueSourceConfiguration [null] for test class [sample.spring.security.ApplicationTest]
13:27:33.732 [main] DEBUG org.springframework.test.annotation.ProfileValueUtils - Retrieved ProfileValueSource type [class org.springframework.test.annotation.SystemProfileValueSource] for class [sample.spring.security.ApplicationTest]
13:27:33.732 [main] DEBUG org.springframework.test.annotation.ProfileValueUtils - Retrieved @ProfileValueSourceConfiguration [null] for test class [sample.spring.security.ApplicationTest]
13:27:33.732 [main] DEBUG org.springframework.test.annotation.ProfileValueUtils - Retrieved ProfileValueSource type [class org.springframework.test.annotation.SystemProfileValueSource] for class [sample.spring.security.ApplicationTest]
13:27:33.733 [main] DEBUG org.springframework.test.annotation.ProfileValueUtils - Retrieved @ProfileValueSourceConfiguration [null] for test class [sample.spring.security.ApplicationTest]
13:27:33.733 [main] DEBUG org.springframework.test.annotation.ProfileValueUtils - Retrieved ProfileValueSource type [class org.springframework.test.annotation.SystemProfileValueSource] for class [sample.spring.security.ApplicationTest]
13:27:49.757 [main] DEBUG org.eclipse.jetty.util.component.ContainerLifeCycle - QueuedThreadPool[qtp943659381]@383f1975{STOPPED,8<=0<=25,i=0,r=-1,q=0}[NO_TRY] added {org.eclipse.jetty.util.thread.ThreadPoolBudget@4912d525,POJO}
13:27:49.836 [main] DEBUG org.eclipse.jetty.util.component.ContainerLifeCycle - Server@2c16fadb{STOPPED}[11.0.14,sto=0] added {QueuedThreadPool[qtp943659381]@383f1975{STOPPED,8<=0<=25,i=0,r=-1,q=0}[NO_TRY],AUTO}
13:27:49.854 [main] DEBUG org.eclipse.jetty.util.component.ContainerLifeCycle - Server@2c16fadb{STOPPED}[11.0.14,sto=0] added {AttributeContainerMap@7fab4be7{size=0},AUTO}
13:27:50.079 [main] DEBUG org.eclipse.jetty.util.component.ContainerLifeCycle - HTTP2CServerConnectionFactory@49798e84[h2c] added {HTTP2SessionContainer@6ed06f69[size=0],POJO}
13:27:50.080 [main] DEBUG org.eclipse.jetty.util.component.ContainerLifeCycle - HTTP2CServerConnectionFactory@49798e84[h2c] added {HttpConfiguration@3015db78{32768/8192,32768/32768,https://:0,[SecureRequestCustomizer@515ebef3]},POJO}
13:27:50.100 [main] DEBUG org.eclipse.jetty.util.component.ContainerLifeCycle - HttpConnectionFactory@2532b351[HTTP/1.1] added {HttpConfiguration@3015db78{32768/8192,32768/32768,https://:0,[SecureRequestCustomizer@515ebef3]},POJO}
13:27:50.134 [main] DEBUG org.eclipse.jetty.util.component.ContainerLifeCycle - NetworkTrafficServerConnector@f202d6d{null, ()}{0.0.0.0:0} added {QueuedThreadPool[qtp943659381]@383f1975{STOPPED,8<=0<=25,i=0,r=-1,q=0}[NO_TRY],AUTO}
13:27:50.135 [main] DEBUG org.eclipse.jetty.util.component.ContainerLifeCycle - NetworkTrafficServerConnector@f202d6d{null, ()}{0.0.0.0:0} added {ScheduledExecutorScheduler@2df3c564{STOPPED},AUTO}
13:27:50.226 [main] DEBUG org.eclipse.jetty.util.component.ContainerLifeCycle - Server@2c16fadb{STOPPED}[11.0.14,sto=0] added {LogarithmicArrayByteBufferPool@5a8ba37c{minBufferCapacity=0, maxBufferCapacity=65536, maxQueueLength=-1, factor=4096},POJO}
13:27:50.230 [main] DEBUG org.eclipse.jetty.util.component.ContainerLifeCycle - NetworkTrafficServerConnector@f202d6d{null, ()}{0.0.0.0:0} added {LogarithmicArrayByteBufferPool@5a8ba37c{minBufferCapacity=0, maxBufferCapacity=65536, maxQueueLength=-1, factor=4096},UNMANAGED}
13:27:50.231 [main] DEBUG org.eclipse.jetty.util.component.ContainerLifeCycle - NetworkTrafficServerConnector@f202d6d{null, ()}{0.0.0.0:0} added {org.eclipse.jetty.io.LogarithmicArrayByteBufferPool$LogarithmicRetainablePool@37c2eacb{min=0,max=65536,buckets=17,heap=0/-1,direct=0/-1},POJO}
13:27:50.236 [main] DEBUG org.eclipse.jetty.util.component.ContainerLifeCycle - NetworkTrafficServerConnector@f202d6d{null, ()}{0.0.0.0:0} added {org.eclipse.jetty.server.AbstractConnector$1@15bc339,POJO}
13:27:50.238 [main] DEBUG org.eclipse.jetty.util.component.ContainerLifeCycle - NetworkTrafficServerConnector@f202d6d{null, (http/1.1)}{0.0.0.0:0} added {HttpConnectionFactory@2532b351[HTTP/1.1],AUTO}
13:27:50.239 [main] DEBUG org.eclipse.jetty.server.AbstractConnector - NetworkTrafficServerConnector@f202d6d{HTTP/1.1, (http/1.1)}{0.0.0.0:0} added HttpConnectionFactory@2532b351[HTTP/1.1]
13:27:50.241 [main] DEBUG org.eclipse.jetty.util.component.ContainerLifeCycle - NetworkTrafficServerConnector@f202d6d{HTTP/1.1, (http/1.1, h2c)}{0.0.0.0:0} added {HTTP2CServerConnectionFactory@49798e84[h2c],AUTO}
13:27:50.242 [main] DEBUG org.eclipse.jetty.server.AbstractConnector - NetworkTrafficServerConnector@f202d6d{HTTP/1.1, (http/1.1, h2c)}{0.0.0.0:0} added HTTP2CServerConnectionFactory@49798e84[h2c]
13:27:50.244 [main] WARN org.eclipse.jetty.server.AbstractConnector - Acceptors should be <= availableProcessors: NetworkTrafficServerConnector@f202d6d{HTTP/1.1, (http/1.1, h2c)}{0.0.0.0:0} 
13:27:50.256 [main] DEBUG org.eclipse.jetty.util.component.ContainerLifeCycle - NetworkTrafficServerConnector@f202d6d{HTTP/1.1, (http/1.1, h2c)}{0.0.0.0:0} added {SelectorManager@NetworkTrafficServerConnector@f202d6d{HTTP/1.1, (http/1.1, h2c)}{0.0.0.0:0},MANAGED}
13:27:50.278 [main] DEBUG org.eclipse.jetty.util.component.ContainerLifeCycle - Server@2c16fadb{STOPPED}[11.0.14,sto=0] added {NetworkTrafficServerConnector@f202d6d{HTTP/1.1, (http/1.1, h2c)}{0.0.0.0:0},AUTO}
13:27:50.333 [main] DEBUG org.eclipse.jetty.util.component.ContainerLifeCycle - o.e.j.s.ServletContextHandler@1cb19dba{/,null,STOPPED} added {SymlinkAllowedResourceAliasChecker@6a9950f1{base=null,protected=[]},MANAGED}
13:27:50.337 [main] DEBUG org.eclipse.jetty.util.component.ContainerLifeCycle - Server@2c16fadb{STOPPED}[11.0.14,sto=0] added {o.e.j.s.ServletContextHandler@1cb19dba{/__admin,null,STOPPED},MANAGED}
13:27:50.372 [main] DEBUG org.eclipse.jetty.util.component.ContainerLifeCycle - o.e.j.s.ServletContextHandler@1cb19dba{/__admin,null,STOPPED} added {ServletHandler@597f48df{STOPPED},MANAGED}
13:27:50.490 [main] DEBUG org.eclipse.jetty.util.component.ContainerLifeCycle - ServletHandler@597f48df{STOPPED} added {org.eclipse.jetty.servlet.DefaultServlet-44de0113==org.eclipse.jetty.servlet.DefaultServlet@8986e983{jsp=null,order=-1,inst=false,async=true,src=EMBEDDED:null,STOPPED},AUTO}
13:27:50.497 [main] DEBUG org.eclipse.jetty.util.component.ContainerLifeCycle - ServletHandler@597f48df{STOPPED} added {[/swagger-ui/*]=>org.eclipse.jetty.servlet.DefaultServlet-44de0113,POJO}
13:27:50.498 [main] DEBUG org.eclipse.jetty.util.component.ContainerLifeCycle - ServletHandler@597f48df{STOPPED} added {org.eclipse.jetty.servlet.DefaultServlet-7d37f1c==org.eclipse.jetty.servlet.DefaultServlet@6e235e68{jsp=null,order=-1,inst=false,async=true,src=EMBEDDED:null,STOPPED},AUTO}
13:27:50.498 [main] DEBUG org.eclipse.jetty.util.component.ContainerLifeCycle - ServletHandler@597f48df{STOPPED} added {[/recorder/*]=>org.eclipse.jetty.servlet.DefaultServlet-7d37f1c,POJO}
13:27:50.503 [main] DEBUG org.eclipse.jetty.util.component.ContainerLifeCycle - ServletHandler@597f48df{STOPPED} added {com.github.tomakehurst.wiremock.servlet.WireMockHandlerDispatchingServlet-2c708440==com.github.tomakehurst.wiremock.servlet.WireMockHandlerDispatchingServlet@7e06d450{jsp=null,order=-1,inst=false,async=true,src=EMBEDDED:null,STOPPED},AUTO}
13:27:50.503 [main] DEBUG org.eclipse.jetty.util.component.ContainerLifeCycle - ServletHandler@597f48df{STOPPED} added {[/]=>com.github.tomakehurst.wiremock.servlet.WireMockHandlerDispatchingServlet-2c708440,POJO}
13:27:50.511 [main] DEBUG org.eclipse.jetty.util.component.ContainerLifeCycle - ServletHandler@597f48df{STOPPED} added {org.eclipse.jetty.servlets.CrossOriginFilter-1f966492==org.eclipse.jetty.servlets.CrossOriginFilter@1f966492{inst=false,async=true,src=EMBEDDED:null},AUTO}
13:27:50.513 [main] DEBUG org.eclipse.jetty.util.component.ContainerLifeCycle - ServletHandler@597f48df{STOPPED} added {[/*]/[]/[]=>org.eclipse.jetty.servlets.CrossOriginFilter-1f966492,POJO}
13:27:50.552 [main] DEBUG org.eclipse.jetty.util.component.ContainerLifeCycle - o.e.j.s.ServletContextHandler@10667848{/,null,STOPPED} added {SymlinkAllowedResourceAliasChecker@191a709b{base=null,protected=[]},MANAGED}
13:27:50.553 [main] DEBUG org.eclipse.jetty.util.component.ContainerLifeCycle - Server@2c16fadb{STOPPED}[11.0.14,sto=0] added {o.e.j.s.ServletContextHandler@10667848{/,null,STOPPED},MANAGED}
13:27:50.553 [main] DEBUG org.eclipse.jetty.util.component.ContainerLifeCycle - o.e.j.s.ServletContextHandler@10667848{/,null,STOPPED} added {ServletHandler@77c7ed8e{STOPPED},MANAGED}
13:27:50.553 [main] DEBUG org.eclipse.jetty.util.component.ContainerLifeCycle - ServletHandler@77c7ed8e{STOPPED} added {org.eclipse.jetty.servlet.DefaultServlet-453d496b==org.eclipse.jetty.servlet.DefaultServlet@6ac38722{jsp=null,order=-1,inst=false,async=true,src=EMBEDDED:null,STOPPED},AUTO}
13:27:50.554 [main] DEBUG org.eclipse.jetty.util.component.ContainerLifeCycle - ServletHandler@77c7ed8e{STOPPED} added {[/__files/*]=>org.eclipse.jetty.servlet.DefaultServlet-453d496b,POJO}
13:27:50.558 [main] DEBUG org.eclipse.jetty.util.component.ContainerLifeCycle - ServletHandler@77c7ed8e{STOPPED} added {com.github.tomakehurst.wiremock.servlet.WireMockHandlerDispatchingServlet-2116b68b==com.github.tomakehurst.wiremock.servlet.WireMockHandlerDispatchingServlet@1f39dab0{jsp=null,order=-1,inst=false,async=true,src=EMBEDDED:null,STOPPED},AUTO}
13:27:50.559 [main] DEBUG org.eclipse.jetty.util.component.ContainerLifeCycle - ServletHandler@77c7ed8e{STOPPED} added {[/]=>com.github.tomakehurst.wiremock.servlet.WireMockHandlerDispatchingServlet-2116b68b,POJO}
13:27:50.618 [main] DEBUG org.eclipse.jetty.http.PreEncodedHttpField - HttpField encoders loaded: [org.eclipse.jetty.http.Http1FieldPreEncoder@289fdb08, org.eclipse.jetty.http2.hpack.HpackFieldPreEncoder@7a231dfd]
13:27:50.738 [main] DEBUG org.eclipse.jetty.util.component.ContainerLifeCycle - o.e.j.s.ServletContextHandler@10667848{/,null,STOPPED} added {NotFoundHandler@4a8df3e2{STOPPED},MANAGED}
13:27:50.739 [main] DEBUG org.eclipse.jetty.util.component.ContainerLifeCycle - ServletHandler@77c7ed8e{STOPPED} added {com.github.tomakehurst.wiremock.servlet.ContentTypeSettingFilter-f2ce6b==com.github.tomakehurst.wiremock.servlet.ContentTypeSettingFilter@f2ce6b{inst=false,async=true,src=EMBEDDED:null},AUTO}
13:27:50.739 [main] DEBUG org.eclipse.jetty.util.component.ContainerLifeCycle - ServletHandler@77c7ed8e{STOPPED} added {[/__files/*]/[]/[]=>com.github.tomakehurst.wiremock.servlet.ContentTypeSettingFilter-f2ce6b,POJO}
13:27:50.753 [main] DEBUG org.eclipse.jetty.util.component.ContainerLifeCycle - ServletHandler@77c7ed8e{STOPPED} added {com.github.tomakehurst.wiremock.servlet.TrailingSlashFilter-1bd0b0e5==com.github.tomakehurst.wiremock.servlet.TrailingSlashFilter@1bd0b0e5{inst=false,async=true,src=EMBEDDED:null},AUTO}
13:27:50.754 [main] DEBUG org.eclipse.jetty.util.component.ContainerLifeCycle - ServletHandler@77c7ed8e{STOPPED} added {[/__files/*]/[]/[]=>com.github.tomakehurst.wiremock.servlet.TrailingSlashFilter-1bd0b0e5,POJO}
13:27:50.776 [main] DEBUG org.eclipse.jetty.util.component.ContainerLifeCycle - HandlerCollection@76c548f{STOPPED} added {o.e.j.s.ServletContextHandler@1cb19dba{/__admin,null,STOPPED},AUTO}
13:27:50.776 [main] DEBUG org.eclipse.jetty.util.component.ContainerLifeCycle - HandlerCollection@76c548f{STOPPED} added {AbstractHandler@26722665{STOPPED},AUTO}
13:27:50.803 [main] DEBUG org.eclipse.jetty.http.pathmap.ServletPathSpec - Creating ServletPathSpec[*.svgz] (group: SUFFIX_GLOB, prefix: "null", suffix: "svgz")
13:27:50.804 [main] DEBUG org.eclipse.jetty.http.pathmap.PathMappings - Added MappedResource[pathSpec=ServletPathSpec@9727ded2{*.svgz},resource=true] to PathMappings[size=1]
13:27:50.804 [main] DEBUG org.eclipse.jetty.server.handler.gzip.GzipHandler - GzipHandler@35fb22a9{STOPPED,min=32,inflate=-1} mime types IncludeExclude@6c8909c3{i=[],ip=CONTAINS,e=[image/ief, image/vnd.wap.wbmp, image/jpeg, application/bzip2, image/x-portable-graymap, application/brotli, image/bmp, image/gif, image/x-icon, image/apng, audio/midi, image/webp, video/x-msvideo, image/x-xbitmap, application/x-rar-compressed, text/event-stream, image/avif, image/x-portable-bitmap, image/x-rgb, image/x-cmu-raster, application/gzip, audio/x-wav, audio/x-pn-realaudio, audio/basic, application/compress, audio/x-aiff, video/x.ms.asx, video/x.ms.asf, image/png, video/vnd.rn-realvideo, image/x-xwindowdump, image/jpeg2000, video/x-sgi-movie, audio/mpeg, image/xcf, video/mpeg, image/x-portable-pixmap, image/tiff, image/x-portable-anymap, image/x-xpixmap, application/zip, video/quicktime, application/x-xz, video/mp4],ep=CONTAINS}
13:27:50.805 [main] DEBUG org.eclipse.jetty.util.component.ContainerLifeCycle - GzipHandler@35fb22a9{STOPPED,min=32,inflate=-1} added {o.e.j.s.ServletContextHandler@10667848{/,null,STOPPED},MANAGED}
13:27:50.805 [main] DEBUG org.eclipse.jetty.util.component.ContainerLifeCycle - HandlerCollection@76c548f{STOPPED} added {GzipHandler@35fb22a9{STOPPED,min=32,inflate=-1},AUTO}
13:27:50.805 [main] DEBUG org.eclipse.jetty.util.component.ContainerLifeCycle - Server@2c16fadb{STOPPED}[11.0.14,sto=0] added {HandlerCollection@76c548f{STOPPED},MANAGED}
13:27:50.959 [main] DEBUG org.springframework.boot.test.context.SpringBootTestContextBootstrapper - Neither @ContextConfiguration nor @ContextHierarchy found for test class [TestControllerIasTest]: using SpringBootContextLoader
13:27:50.972 [main] DEBUG org.springframework.test.context.support.AbstractContextLoader - Could not detect default resource locations for test class [sample.spring.security.junitjupiter.TestControllerIasTest]: no resource found for suffixes {-context.xml, Context.groovy}.
13:27:50.973 [main] INFO org.springframework.test.context.support.AnnotationConfigContextLoaderUtils - Could not detect default configuration classes for test class [sample.spring.security.junitjupiter.TestControllerIasTest]: TestControllerIasTest does not declare any static, non-private, non-final, nested classes annotated with @Configuration.
13:27:50.978 [main] DEBUG org.springframework.boot.test.context.SpringBootTestContextBootstrapper - Using ContextCustomizers for test class [TestControllerIasTest]: [ImportsContextCustomizer, ExcludeFilterContextCustomizer, DuplicateJsonObjectContextCustomizer, MockitoContextCustomizer, TestRestTemplateContextCustomizer, DisableObservabilityContextCustomizer, PropertyMappingContextCustomizer, Customizer]
13:27:51.038 [main] DEBUG org.springframework.context.annotation.ClassPathScanningCandidateComponentProvider - Identified candidate component class: file [/home/hagar/cloud-security-services-integration-library/samples/spring-security-hybrid-usage/target/classes/sample/spring/security/Application.class]
13:27:51.040 [main] INFO org.springframework.boot.test.context.SpringBootTestContextBootstrapper - Found @SpringBootConfiguration sample.spring.security.Application for test class sample.spring.security.junitjupiter.TestControllerIasTest
13:27:51.055 [main] DEBUG org.springframework.test.context.util.TestContextSpringFactoriesUtils - Skipping candidate TestExecutionListener [org.springframework.test.context.transaction.TransactionalTestExecutionListener] due to a missing dependency. Specify custom TestExecutionListener classes or make the default TestExecutionListener classes and their required dependencies available. Offending class: [org/springframework/transaction/interceptor/TransactionAttributeSource]
13:27:51.056 [main] DEBUG org.springframework.test.context.util.TestContextSpringFactoriesUtils - Skipping candidate TestExecutionListener [org.springframework.test.context.jdbc.SqlScriptsTestExecutionListener] due to a missing dependency. Specify custom TestExecutionListener classes or make the default TestExecutionListener classes and their required dependencies available. Offending class: [org/springframework/transaction/interceptor/TransactionAttribute]
13:27:51.057 [main] DEBUG org.springframework.boot.test.context.SpringBootTestContextBootstrapper - Using TestExecutionListeners for test class [TestControllerIasTest]: [ServletTestExecutionListener, DirtiesContextBeforeModesTestExecutionListener, ApplicationEventsTestExecutionListener, MockitoTestExecutionListener, DependencyInjectionTestExecutionListener, DirtiesContextTestExecutionListener, EventPublishingTestExecutionListener, ResetMocksTestExecutionListener, RestDocsTestExecutionListener, MockRestServiceServerResetTestExecutionListener, MockMvcPrintOnlyOnFailureTestExecutionListener, WebDriverTestExecutionListener, MockWebServiceServerTestExecutionListener]
13:27:51.059 [main] DEBUG org.springframework.test.context.support.AbstractDirtiesContextTestExecutionListener - Before test class: class [TestControllerIasTest], class annotated with @DirtiesContext [false] with mode [null]
13:27:51.704 [main] DEBUG org.eclipse.jetty.util.component.AbstractLifeCycle - STARTING Server@2c16fadb{STOPPED}[11.0.14,sto=1000]
13:27:51.705 [main] DEBUG org.eclipse.jetty.util.component.ContainerLifeCycle - Server@2c16fadb{STARTING}[11.0.14,sto=1000] added {ErrorHandler@65d57e4e{STOPPED},AUTO}
13:27:51.706 [main] INFO org.eclipse.jetty.server.Server - jetty-11.0.14; built: 2023-02-22T23:41:48.575Z; git: 4601fe8dd805ce75b69c64466c115a162586641b; jvm 20.0.2+9-78
13:27:51.766 [main] DEBUG org.eclipse.jetty.util.component.ContainerLifeCycle - NetworkTrafficServerConnector@f202d6d{HTTP/1.1, (http/1.1, h2c)}{0.0.0.0:46297} added {sun.nio.ch.ServerSocketChannelImpl[/[0:0:0:0:0:0:0:0]:46297],POJO}
13:27:51.766 [main] DEBUG org.eclipse.jetty.server.handler.AbstractHandler - starting Server@2c16fadb{STARTING}[11.0.14,sto=1000]
13:27:51.767 [main] DEBUG org.eclipse.jetty.util.component.AbstractLifeCycle - STARTING QueuedThreadPool[qtp943659381]@383f1975{STOPPED,8<=0<=25,i=0,r=-1,q=0}[NO_TRY]
13:27:51.784 [main] DEBUG org.eclipse.jetty.util.thread.ReservedThreadExecutor - ReservedThreadExecutor@4e08acf9{reserved=0/2,pending=0}
13:27:51.785 [main] DEBUG org.eclipse.jetty.util.component.ContainerLifeCycle - QueuedThreadPool[qtp943659381]@383f1975{STARTING,8<=0<=25,i=0,r=-1,q=0}[ReservedThreadExecutor@4e08acf9{reserved=0/2,pending=0}] added {ReservedThreadExecutor@4e08acf9{reserved=0/2,pending=0},AUTO}
13:27:51.786 [main] DEBUG org.eclipse.jetty.util.component.AbstractLifeCycle - STARTING ReservedThreadExecutor@4e08acf9{reserved=0/2,pending=0}
13:27:51.794 [main] DEBUG org.eclipse.jetty.util.component.AbstractLifeCycle - STARTED @36874ms ReservedThreadExecutor@4e08acf9{reserved=0/2,pending=0}
13:27:51.807 [main] DEBUG org.eclipse.jetty.util.thread.QueuedThreadPool - Starting Thread[#23,qtp943659381-23,5,main]
13:27:51.808 [main] DEBUG org.eclipse.jetty.util.thread.QueuedThreadPool - Starting Thread[#24,qtp943659381-24,5,main]
13:27:51.810 [qtp943659381-23] DEBUG org.eclipse.jetty.util.thread.QueuedThreadPool - Runner started for QueuedThreadPool[qtp943659381]@383f1975{STARTING,8<=2<=25,i=2,r=-1,q=0}[ReservedThreadExecutor@4e08acf9{reserved=0/2,pending=0}]
13:27:51.823 [main] DEBUG org.eclipse.jetty.util.thread.QueuedThreadPool - Starting Thread[#25,qtp943659381-25,5,main]
13:27:51.825 [qtp943659381-24] DEBUG org.eclipse.jetty.util.thread.QueuedThreadPool - Runner started for QueuedThreadPool[qtp943659381]@383f1975{STARTING,8<=3<=25,i=3,r=-1,q=0}[ReservedThreadExecutor@4e08acf9{reserved=0/2,pending=0}]
13:27:51.826 [main] DEBUG org.eclipse.jetty.util.thread.QueuedThreadPool - Starting Thread[#26,qtp943659381-26,5,main]
13:27:51.826 [qtp943659381-25] DEBUG org.eclipse.jetty.util.thread.QueuedThreadPool - Runner started for QueuedThreadPool[qtp943659381]@383f1975{STARTING,8<=4<=25,i=4,r=-1,q=0}[ReservedThreadExecutor@4e08acf9{reserved=0/2,pending=0}]
13:27:51.826 [main] DEBUG org.eclipse.jetty.util.thread.QueuedThreadPool - Starting Thread[#27,qtp943659381-27,5,main]
13:27:51.827 [qtp943659381-26] DEBUG org.eclipse.jetty.util.thread.QueuedThreadPool - Runner started for QueuedThreadPool[qtp943659381]@383f1975{STARTING,8<=5<=25,i=5,r=-1,q=0}[ReservedThreadExecutor@4e08acf9{reserved=0/2,pending=0}]
13:27:51.827 [main] DEBUG org.eclipse.jetty.util.thread.QueuedThreadPool - Starting Thread[#28,qtp943659381-28,5,main]
13:27:51.828 [qtp943659381-27] DEBUG org.eclipse.jetty.util.thread.QueuedThreadPool - Runner started for QueuedThreadPool[qtp943659381]@383f1975{STARTING,8<=6<=25,i=6,r=-1,q=0}[ReservedThreadExecutor@4e08acf9{reserved=0/2,pending=0}]
13:27:51.828 [main] DEBUG org.eclipse.jetty.util.thread.QueuedThreadPool - Starting Thread[#29,qtp943659381-29,5,main]
13:27:51.829 [qtp943659381-28] DEBUG org.eclipse.jetty.util.thread.QueuedThreadPool - Runner started for QueuedThreadPool[qtp943659381]@383f1975{STARTING,8<=7<=25,i=7,r=-1,q=0}[ReservedThreadExecutor@4e08acf9{reserved=0/2,pending=0}]
13:27:51.830 [main] DEBUG org.eclipse.jetty.util.thread.QueuedThreadPool - Starting Thread[#30,qtp943659381-30,5,main]
13:27:51.830 [qtp943659381-29] DEBUG org.eclipse.jetty.util.thread.QueuedThreadPool - Runner started for QueuedThreadPool[qtp943659381]@383f1975{STARTING,8<=8<=25,i=8,r=-1,q=0}[ReservedThreadExecutor@4e08acf9{reserved=0/2,pending=0}]
13:27:51.834 [main] DEBUG org.eclipse.jetty.util.component.AbstractLifeCycle - STARTED @36914ms QueuedThreadPool[qtp943659381]@383f1975{STARTED,8<=8<=25,i=8,r=-1,q=0}[ReservedThreadExecutor@4e08acf9{reserved=0/2,pending=0}]
13:27:51.835 [main] DEBUG org.eclipse.jetty.util.component.AbstractLifeCycle - STARTING AttributeContainerMap@7fab4be7{size=0}
13:27:51.835 [main] DEBUG org.eclipse.jetty.util.component.AbstractLifeCycle - STARTED @36915ms AttributeContainerMap@7fab4be7{size=0}
13:27:51.835 [main] DEBUG org.eclipse.jetty.util.component.AbstractLifeCycle - STARTING HandlerCollection@76c548f{STOPPED}
13:27:51.835 [main] DEBUG org.eclipse.jetty.server.handler.AbstractHandler - starting HandlerCollection@76c548f{STARTING}
13:27:51.835 [main] DEBUG org.eclipse.jetty.util.component.AbstractLifeCycle - STARTING o.e.j.s.ServletContextHandler@1cb19dba{/__admin,null,STOPPED}
13:27:51.836 [main] DEBUG org.eclipse.jetty.util.DecoratedObjectFactory - Adding Decorator: org.eclipse.jetty.util.DeprecationWarning@62e93c3a
13:27:51.838 [main] DEBUG org.eclipse.jetty.server.handler.AbstractHandler - starting o.e.j.s.ServletContextHandler@1cb19dba{/__admin,null,STARTING}
13:27:51.838 [main] DEBUG org.eclipse.jetty.util.component.AbstractLifeCycle - STARTING SymlinkAllowedResourceAliasChecker@6a9950f1{base=null,protected=[]}
13:27:51.840 [main] DEBUG org.eclipse.jetty.util.component.ContainerLifeCycle - o.e.j.s.ServletContextHandler@1cb19dba{/__admin,null,STARTING} added {org.eclipse.jetty.server.AllowedResourceAliasChecker$AllowedResourceAliasCheckListener@20cece0b,POJO}
13:27:51.841 [main] DEBUG org.eclipse.jetty.util.component.AbstractLifeCycle - STARTED @36921ms SymlinkAllowedResourceAliasChecker@6a9950f1{base=null,protected=[]}
13:27:51.841 [main] DEBUG org.eclipse.jetty.util.component.AbstractLifeCycle - STARTING ServletHandler@597f48df{STOPPED}
13:27:51.842 [main] DEBUG org.eclipse.jetty.servlet.ServletHandler - Path=/recorder/*[EMBEDDED:null] mapped to servlet=org.eclipse.jetty.servlet.DefaultServlet-7d37f1c[EMBEDDED:null]
13:27:51.843 [qtp943659381-30] DEBUG org.eclipse.jetty.util.thread.QueuedThreadPool - Runner started for QueuedThreadPool[qtp943659381]@383f1975{STARTED,8<=8<=25,i=8,r=-1,q=0}[ReservedThreadExecutor@4e08acf9{reserved=0/2,pending=0}]
13:27:51.845 [main] DEBUG org.eclipse.jetty.http.pathmap.ServletPathSpec - Creating ServletPathSpec[/recorder/*] (group: PREFIX_GLOB, prefix: "/recorder", suffix: "null")
13:27:51.845 [main] DEBUG org.eclipse.jetty.http.pathmap.PathMappings - Added MappedResource[pathSpec=ServletPathSpec@4ccddc4a{/recorder/*},resource=MappedServlet6724cdec{/recorder/*->org.eclipse.jetty.servlet.DefaultServlet-7d37f1c==org.eclipse.jetty.servlet.DefaultServlet@6e235e68{jsp=null,order=-1,inst=false,async=true,src=EMBEDDED:null,STOPPED}}] to PathMappings[size=1]
13:27:51.846 [main] DEBUG org.eclipse.jetty.servlet.ServletHandler - Path=/[EMBEDDED:null] mapped to servlet=com.github.tomakehurst.wiremock.servlet.WireMockHandlerDispatchingServlet-2c708440[EMBEDDED:null]
13:27:51.847 [main] DEBUG org.eclipse.jetty.http.pathmap.PathMappings - Added MappedResource[pathSpec=ServletPathSpec@9457dcb7{/},resource=MappedServlet6944e53e{/->com.github.tomakehurst.wiremock.servlet.WireMockHandlerDispatchingServlet-2c708440==com.github.tomakehurst.wiremock.servlet.WireMockHandlerDispatchingServlet@7e06d450{jsp=null,order=-1,inst=false,async=true,src=EMBEDDED:null,STOPPED}}] to PathMappings[size=2]
13:27:51.848 [main] DEBUG org.eclipse.jetty.servlet.ServletHandler - Path=/swagger-ui/*[EMBEDDED:null] mapped to servlet=org.eclipse.jetty.servlet.DefaultServlet-44de0113[EMBEDDED:null]
13:27:51.848 [main] DEBUG org.eclipse.jetty.http.pathmap.ServletPathSpec - Creating ServletPathSpec[/swagger-ui/*] (group: PREFIX_GLOB, prefix: "/swagger-ui", suffix: "null")
13:27:51.848 [main] DEBUG org.eclipse.jetty.http.pathmap.PathMappings - Added MappedResource[pathSpec=ServletPathSpec@fe042bf3{/swagger-ui/*},resource=MappedServlet52e04737{/swagger-ui/*->org.eclipse.jetty.servlet.DefaultServlet-44de0113==org.eclipse.jetty.servlet.DefaultServlet@8986e983{jsp=null,order=-1,inst=false,async=false,src=EMBEDDED:null,STOPPED}}] to PathMappings[size=3]
13:27:51.852 [main] DEBUG org.eclipse.jetty.servlet.ServletHandler - filterNameMap={org.eclipse.jetty.servlets.CrossOriginFilter-1f966492=org.eclipse.jetty.servlets.CrossOriginFilter-1f966492==org.eclipse.jetty.servlets.CrossOriginFilter@1f966492{inst=false,async=true,src=EMBEDDED:null}} pathFilters=[[/*]/[]/[REQUEST]=>org.eclipse.jetty.servlets.CrossOriginFilter-1f966492] servletFilterMap={} servletPathMap=PathMappings[size=3] servletNameMap={org.eclipse.jetty.servlet.DefaultServlet-44de0113=MappedServlet1a4d1ab7{null->org.eclipse.jetty.servlet.DefaultServlet-44de0113==org.eclipse.jetty.servlet.DefaultServlet@8986e983{jsp=null,order=-1,inst=false,async=false,src=EMBEDDED:null,STOPPED}}, com.github.tomakehurst.wiremock.servlet.WireMockHandlerDispatchingServlet-2c708440=MappedServlet546e61d5{null->com.github.tomakehurst.wiremock.servlet.WireMockHandlerDispatchingServlet-2c708440==com.github.tomakehurst.wiremock.servlet.WireMockHandlerDispatchingServlet@7e06d450{jsp=null,order=-1,inst=false,async=true,src=EMBEDDED:null,STOPPED}}, org.eclipse.jetty.servlet.DefaultServlet-7d37f1c=MappedServlet4674d90{null->org.eclipse.jetty.servlet.DefaultServlet-7d37f1c==org.eclipse.jetty.servlet.DefaultServlet@6e235e68{jsp=null,order=-1,inst=false,async=true,src=EMBEDDED:null,STOPPED}}}
13:27:51.852 [main] DEBUG org.eclipse.jetty.server.handler.AbstractHandler - starting ServletHandler@597f48df{STARTING}
13:27:51.853 [main] DEBUG org.eclipse.jetty.util.component.AbstractLifeCycle - STARTED @36933ms ServletHandler@597f48df{STARTED}
13:27:51.854 [main] DEBUG org.eclipse.jetty.util.component.AbstractLifeCycle - STARTING org.eclipse.jetty.servlets.CrossOriginFilter-1f966492==org.eclipse.jetty.servlets.CrossOriginFilter@1f966492{inst=false,async=true,src=EMBEDDED:null}
13:27:51.854 [main] DEBUG org.eclipse.jetty.util.component.AbstractLifeCycle - STARTED @36934ms org.eclipse.jetty.servlets.CrossOriginFilter-1f966492==org.eclipse.jetty.servlets.CrossOriginFilter@1f966492{inst=false,async=true,src=EMBEDDED:null}
13:27:51.857 [main] DEBUG org.eclipse.jetty.servlet.FilterHolder - Filter.init org.eclipse.jetty.servlets.CrossOriginFilter@71904469
13:27:51.865 [main] DEBUG org.eclipse.jetty.servlets.CrossOriginFilter - Cross-origin filter configuration: allowedOrigins = *, allowedTimingOrigins = null, allowedMethods = OPTIONS,GET,POST,PUT,PATCH,DELETE, allowedHeaders = *, preflightMaxAge = 1800, allowCredentials = true,exposedHeaders = ,chainPreflight = false
13:27:51.865 [main] DEBUG org.eclipse.jetty.util.component.AbstractLifeCycle - STARTING com.github.tomakehurst.wiremock.servlet.WireMockHandlerDispatchingServlet-2c708440==com.github.tomakehurst.wiremock.servlet.WireMockHandlerDispatchingServlet@7e06d450{jsp=null,order=-1,inst=false,async=true,src=EMBEDDED:null,STOPPED}
13:27:51.866 [main] DEBUG org.eclipse.jetty.util.component.AbstractLifeCycle - STARTED @36946ms com.github.tomakehurst.wiremock.servlet.WireMockHandlerDispatchingServlet-2c708440==com.github.tomakehurst.wiremock.servlet.WireMockHandlerDispatchingServlet@7e06d450{jsp=null,order=-1,inst=false,async=true,src=EMBEDDED:null,STARTED}
13:27:51.871 [main] DEBUG org.eclipse.jetty.util.component.AbstractLifeCycle - STARTING org.eclipse.jetty.servlet.DefaultServlet-44de0113==org.eclipse.jetty.servlet.DefaultServlet@8986e983{jsp=null,order=-1,inst=false,async=false,src=EMBEDDED:null,STOPPED}
13:27:51.871 [main] DEBUG org.eclipse.jetty.util.component.AbstractLifeCycle - STARTED @36951ms org.eclipse.jetty.servlet.DefaultServlet-44de0113==org.eclipse.jetty.servlet.DefaultServlet@8986e983{jsp=null,order=-1,inst=false,async=false,src=EMBEDDED:null,STARTED}
13:27:51.871 [main] DEBUG org.eclipse.jetty.util.component.AbstractLifeCycle - STARTING org.eclipse.jetty.servlet.DefaultServlet-7d37f1c==org.eclipse.jetty.servlet.DefaultServlet@6e235e68{jsp=null,order=-1,inst=false,async=true,src=EMBEDDED:null,STOPPED}
13:27:51.872 [main] DEBUG org.eclipse.jetty.util.component.AbstractLifeCycle - STARTED @36952ms org.eclipse.jetty.servlet.DefaultServlet-7d37f1c==org.eclipse.jetty.servlet.DefaultServlet@6e235e68{jsp=null,order=-1,inst=false,async=true,src=EMBEDDED:null,STARTED}
13:27:51.872 [main] INFO org.eclipse.jetty.server.handler.ContextHandler - Started o.e.j.s.ServletContextHandler@1cb19dba{/__admin,null,AVAILABLE}
13:27:51.872 [main] DEBUG org.eclipse.jetty.util.component.AbstractLifeCycle - STARTED @36952ms o.e.j.s.ServletContextHandler@1cb19dba{/__admin,null,AVAILABLE}
13:27:51.872 [main] DEBUG org.eclipse.jetty.util.component.AbstractLifeCycle - STARTING AbstractHandler@26722665{STOPPED}
13:27:51.872 [main] DEBUG org.eclipse.jetty.server.handler.AbstractHandler - starting AbstractHandler@26722665{STARTING}
13:27:51.872 [main] DEBUG org.eclipse.jetty.util.component.AbstractLifeCycle - STARTED @36953ms AbstractHandler@26722665{STARTED}
13:27:51.873 [main] DEBUG org.eclipse.jetty.util.component.AbstractLifeCycle - STARTING GzipHandler@35fb22a9{STOPPED,min=32,inflate=-1}
13:27:51.874 [main] DEBUG org.eclipse.jetty.util.component.AbstractLifeCycle - STARTING InflaterPool@3374b5bc{STOPPED,size=-1,capacity=25}
13:27:51.874 [main] DEBUG org.eclipse.jetty.util.component.ContainerLifeCycle - InflaterPool@3374b5bc{STARTING,size=0,capacity=25} added {Pool@2af69643[inUse=0,size=0,max=25,closed=false],POJO}
13:27:51.915 [main] DEBUG org.eclipse.jetty.util.component.AbstractLifeCycle - STARTED @36995ms InflaterPool@3374b5bc{STARTED,size=0,capacity=25}
13:27:51.915 [main] DEBUG org.eclipse.jetty.util.component.ContainerLifeCycle - Server@2c16fadb{STARTING}[11.0.14,sto=1000] added {InflaterPool@3374b5bc{STARTED,size=0,capacity=25},MANAGED}
13:27:51.915 [main] DEBUG org.eclipse.jetty.util.component.ContainerLifeCycle - GzipHandler@35fb22a9{STARTING,min=32,inflate=-1} added {InflaterPool@3374b5bc{STARTED,size=0,capacity=25},UNMANAGED}
13:27:51.916 [main] DEBUG org.eclipse.jetty.util.component.AbstractLifeCycle - STARTING DeflaterPool@660f0c{STOPPED,size=-1,capacity=25}
13:27:51.917 [main] DEBUG org.eclipse.jetty.util.component.ContainerLifeCycle - DeflaterPool@660f0c{STARTING,size=0,capacity=25} added {Pool@7a0ef219[inUse=0,size=0,max=25,closed=false],POJO}
13:27:51.918 [main] DEBUG org.eclipse.jetty.util.component.AbstractLifeCycle - STARTED @36998ms DeflaterPool@660f0c{STARTED,size=0,capacity=25}
13:27:51.918 [main] DEBUG org.eclipse.jetty.util.component.ContainerLifeCycle - Server@2c16fadb{STARTING}[11.0.14,sto=1000] added {DeflaterPool@660f0c{STARTED,size=0,capacity=25},MANAGED}
13:27:51.918 [main] DEBUG org.eclipse.jetty.util.component.ContainerLifeCycle - GzipHandler@35fb22a9{STARTING,min=32,inflate=-1} added {DeflaterPool@660f0c{STARTED,size=0,capacity=25},UNMANAGED}
13:27:51.919 [main] DEBUG org.eclipse.jetty.server.handler.AbstractHandler - starting GzipHandler@35fb22a9{STARTING,min=32,inflate=-1}
13:27:51.919 [main] DEBUG org.eclipse.jetty.util.component.AbstractLifeCycle - STARTING o.e.j.s.ServletContextHandler@10667848{/,null,STOPPED}
13:27:51.919 [main] DEBUG org.eclipse.jetty.util.DecoratedObjectFactory - Adding Decorator: org.eclipse.jetty.util.DeprecationWarning@1b1f5012
13:27:51.920 [main] DEBUG org.eclipse.jetty.server.handler.AbstractHandler - starting o.e.j.s.ServletContextHandler@10667848{/,null,STARTING}
13:27:51.921 [main] DEBUG org.eclipse.jetty.util.component.AbstractLifeCycle - STARTING SymlinkAllowedResourceAliasChecker@191a709b{base=null,protected=[]}
13:27:51.921 [main] DEBUG org.eclipse.jetty.util.component.ContainerLifeCycle - o.e.j.s.ServletContextHandler@10667848{/,null,STARTING} added {org.eclipse.jetty.server.AllowedResourceAliasChecker$AllowedResourceAliasCheckListener@7add323c,POJO}
13:27:51.921 [main] DEBUG org.eclipse.jetty.util.component.AbstractLifeCycle - STARTED @37001ms SymlinkAllowedResourceAliasChecker@191a709b{base=null,protected=[]}
13:27:51.921 [main] DEBUG org.eclipse.jetty.util.component.AbstractLifeCycle - STARTING ServletHandler@77c7ed8e{STOPPED}
13:27:51.921 [main] DEBUG org.eclipse.jetty.servlet.ServletHandler - Path=/__files/*[EMBEDDED:null] mapped to servlet=org.eclipse.jetty.servlet.DefaultServlet-453d496b[EMBEDDED:null]
13:27:51.921 [main] DEBUG org.eclipse.jetty.http.pathmap.ServletPathSpec - Creating ServletPathSpec[/__files/*] (group: PREFIX_GLOB, prefix: "/__files", suffix: "null")
13:27:51.921 [main] DEBUG org.eclipse.jetty.http.pathmap.PathMappings - Added MappedResource[pathSpec=ServletPathSpec@6b2fe10e{/__files/*},resource=MappedServlet4a734c04{/__files/*->org.eclipse.jetty.servlet.DefaultServlet-453d496b==org.eclipse.jetty.servlet.DefaultServlet@6ac38722{jsp=null,order=-1,inst=false,async=true,src=EMBEDDED:null,STOPPED}}] to PathMappings[size=1]
13:27:51.922 [main] DEBUG org.eclipse.jetty.servlet.ServletHandler - Path=/[EMBEDDED:null] mapped to servlet=com.github.tomakehurst.wiremock.servlet.WireMockHandlerDispatchingServlet-2116b68b[EMBEDDED:null]
13:27:51.923 [main] DEBUG org.eclipse.jetty.http.pathmap.PathMappings - Added MappedResource[pathSpec=ServletPathSpec@9457dcb7{/},resource=MappedServlet4760f169{/->com.github.tomakehurst.wiremock.servlet.WireMockHandlerDispatchingServlet-2116b68b==com.github.tomakehurst.wiremock.servlet.WireMockHandlerDispatchingServlet@1f39dab0{jsp=null,order=1,inst=false,async=true,src=EMBEDDED:null,STOPPED}}] to PathMappings[size=2]
13:27:51.924 [main] DEBUG org.eclipse.jetty.servlet.ServletHandler - filterNameMap={com.github.tomakehurst.wiremock.servlet.ContentTypeSettingFilter-f2ce6b=com.github.tomakehurst.wiremock.servlet.ContentTypeSettingFilter-f2ce6b==com.github.tomakehurst.wiremock.servlet.ContentTypeSettingFilter@f2ce6b{inst=false,async=true,src=EMBEDDED:null}, com.github.tomakehurst.wiremock.servlet.TrailingSlashFilter-1bd0b0e5=com.github.tomakehurst.wiremock.servlet.TrailingSlashFilter-1bd0b0e5==com.github.tomakehurst.wiremock.servlet.TrailingSlashFilter@1bd0b0e5{inst=false,async=true,src=EMBEDDED:null}} pathFilters=[[/__files/*]/[]/[ERROR, ASYNC, FORWARD, REQUEST, INCLUDE]=>com.github.tomakehurst.wiremock.servlet.TrailingSlashFilter-1bd0b0e5, [/__files/*]/[]/[FORWARD]=>com.github.tomakehurst.wiremock.servlet.ContentTypeSettingFilter-f2ce6b] servletFilterMap={} servletPathMap=PathMappings[size=2] servletNameMap={org.eclipse.jetty.servlet.DefaultServlet-453d496b=MappedServlet76563d26{null->org.eclipse.jetty.servlet.DefaultServlet-453d496b==org.eclipse.jetty.servlet.DefaultServlet@6ac38722{jsp=null,order=-1,inst=false,async=true,src=EMBEDDED:null,STOPPED}}, com.github.tomakehurst.wiremock.servlet.WireMockHandlerDispatchingServlet-2116b68b=MappedServlet4ac86d6a{null->com.github.tomakehurst.wiremock.servlet.WireMockHandlerDispatchingServlet-2116b68b==com.github.tomakehurst.wiremock.servlet.WireMockHandlerDispatchingServlet@1f39dab0{jsp=null,order=1,inst=false,async=true,src=EMBEDDED:null,STOPPED}}}
13:27:51.924 [main] DEBUG org.eclipse.jetty.server.handler.AbstractHandler - starting ServletHandler@77c7ed8e{STARTING}
13:27:51.925 [main] DEBUG org.eclipse.jetty.util.component.AbstractLifeCycle - STARTED @37005ms ServletHandler@77c7ed8e{STARTED}
13:27:51.925 [main] DEBUG org.eclipse.jetty.util.component.AbstractLifeCycle - STARTING NotFoundHandler@4a8df3e2{STOPPED}
13:27:51.925 [main] DEBUG org.eclipse.jetty.server.handler.AbstractHandler - starting NotFoundHandler@4a8df3e2{STARTING}
13:27:51.925 [main] DEBUG org.eclipse.jetty.util.component.AbstractLifeCycle - STARTED @37005ms NotFoundHandler@4a8df3e2{STARTED}
13:27:51.926 [main] DEBUG org.eclipse.jetty.util.component.AbstractLifeCycle - STARTING com.github.tomakehurst.wiremock.servlet.ContentTypeSettingFilter-f2ce6b==com.github.tomakehurst.wiremock.servlet.ContentTypeSettingFilter@f2ce6b{inst=false,async=true,src=EMBEDDED:null}
13:27:51.926 [main] DEBUG org.eclipse.jetty.util.component.AbstractLifeCycle - STARTED @37006ms com.github.tomakehurst.wiremock.servlet.ContentTypeSettingFilter-f2ce6b==com.github.tomakehurst.wiremock.servlet.ContentTypeSettingFilter@f2ce6b{inst=false,async=true,src=EMBEDDED:null}
13:27:51.926 [main] DEBUG org.eclipse.jetty.servlet.FilterHolder - Filter.init com.github.tomakehurst.wiremock.servlet.ContentTypeSettingFilter@508a65bf
13:27:51.926 [main] DEBUG org.eclipse.jetty.util.component.AbstractLifeCycle - STARTING com.github.tomakehurst.wiremock.servlet.TrailingSlashFilter-1bd0b0e5==com.github.tomakehurst.wiremock.servlet.TrailingSlashFilter@1bd0b0e5{inst=false,async=true,src=EMBEDDED:null}
13:27:51.928 [main] DEBUG org.eclipse.jetty.util.component.AbstractLifeCycle - STARTED @37008ms com.github.tomakehurst.wiremock.servlet.TrailingSlashFilter-1bd0b0e5==com.github.tomakehurst.wiremock.servlet.TrailingSlashFilter@1bd0b0e5{inst=false,async=true,src=EMBEDDED:null}
13:27:51.929 [main] DEBUG org.eclipse.jetty.servlet.FilterHolder - Filter.init com.github.tomakehurst.wiremock.servlet.TrailingSlashFilter@1e58512c
13:27:51.930 [main] DEBUG org.eclipse.jetty.util.component.AbstractLifeCycle - STARTING org.eclipse.jetty.servlet.DefaultServlet-453d496b==org.eclipse.jetty.servlet.DefaultServlet@6ac38722{jsp=null,order=-1,inst=false,async=true,src=EMBEDDED:null,STOPPED}
13:27:51.930 [main] DEBUG org.eclipse.jetty.util.component.AbstractLifeCycle - STARTED @37010ms org.eclipse.jetty.servlet.DefaultServlet-453d496b==org.eclipse.jetty.servlet.DefaultServlet@6ac38722{jsp=null,order=-1,inst=false,async=true,src=EMBEDDED:null,STARTED}
13:27:51.930 [main] DEBUG org.eclipse.jetty.util.component.AbstractLifeCycle - STARTING com.github.tomakehurst.wiremock.servlet.WireMockHandlerDispatchingServlet-2116b68b==com.github.tomakehurst.wiremock.servlet.WireMockHandlerDispatchingServlet@1f39dab0{jsp=null,order=1,inst=false,async=true,src=EMBEDDED:null,STOPPED}
13:27:51.930 [main] DEBUG org.eclipse.jetty.util.component.AbstractLifeCycle - STARTED @37010ms com.github.tomakehurst.wiremock.servlet.WireMockHandlerDispatchingServlet-2116b68b==com.github.tomakehurst.wiremock.servlet.WireMockHandlerDispatchingServlet@1f39dab0{jsp=null,order=1,inst=false,async=true,src=EMBEDDED:null,STARTED}
13:27:51.982 [main] DEBUG org.eclipse.jetty.servlet.ServletHolder - Servlet.init null for com.github.tomakehurst.wiremock.servlet.WireMockHandlerDispatchingServlet-2116b68b
13:27:51.990 [main] INFO org.eclipse.jetty.server.handler.ContextHandler.ROOT - RequestHandlerClass from context returned com.github.tomakehurst.wiremock.http.StubRequestHandler. Normalized mapped under returned 'null'
13:27:51.990 [main] INFO org.eclipse.jetty.server.handler.ContextHandler - Started o.e.j.s.ServletContextHandler@10667848{/,null,AVAILABLE}
13:27:51.993 [main] DEBUG org.eclipse.jetty.util.component.AbstractLifeCycle - STARTED @37073ms o.e.j.s.ServletContextHandler@10667848{/,null,AVAILABLE}
13:27:51.994 [main] DEBUG org.eclipse.jetty.util.component.AbstractLifeCycle - STARTED @37074ms GzipHandler@35fb22a9{STARTED,min=32,inflate=-1}
13:27:51.994 [main] DEBUG org.eclipse.jetty.util.component.AbstractLifeCycle - STARTED @37074ms HandlerCollection@76c548f{STARTED}
13:27:51.994 [main] DEBUG org.eclipse.jetty.util.component.AbstractLifeCycle - STARTING ErrorHandler@65d57e4e{STOPPED}
13:27:51.994 [main] DEBUG org.eclipse.jetty.server.handler.AbstractHandler - starting ErrorHandler@65d57e4e{STARTING}
13:27:51.994 [main] DEBUG org.eclipse.jetty.util.component.AbstractLifeCycle - STARTED @37074ms ErrorHandler@65d57e4e{STARTED}
13:27:51.994 [main] DEBUG org.eclipse.jetty.util.component.AbstractLifeCycle - STARTING NetworkTrafficServerConnector@f202d6d{HTTP/1.1, (http/1.1, h2c)}{0.0.0.0:46297}
13:27:52.019 [main] DEBUG org.eclipse.jetty.util.component.AbstractLifeCycle - STARTING ScheduledExecutorScheduler@2df3c564{STOPPED}
13:27:52.020 [main] DEBUG org.eclipse.jetty.util.component.AbstractLifeCycle - STARTED @37100ms ScheduledExecutorScheduler@2df3c564{STARTED}
13:27:52.020 [main] DEBUG org.eclipse.jetty.util.component.AbstractLifeCycle - STARTING HttpConnectionFactory@2532b351[HTTP/1.1]
13:27:52.020 [main] DEBUG org.eclipse.jetty.util.component.AbstractLifeCycle - STARTED @37100ms HttpConnectionFactory@2532b351[HTTP/1.1]
13:27:52.029 [main] DEBUG org.eclipse.jetty.util.component.AbstractLifeCycle - STARTING HTTP2CServerConnectionFactory@49798e84[h2c]
13:27:52.030 [main] DEBUG org.eclipse.jetty.util.component.AbstractLifeCycle - STARTED @37110ms HTTP2CServerConnectionFactory@49798e84[h2c]
13:27:52.036 [main] DEBUG org.eclipse.jetty.util.component.AbstractLifeCycle - STARTING SelectorManager@NetworkTrafficServerConnector@f202d6d{HTTP/1.1, (http/1.1, h2c)}{0.0.0.0:46297}
13:27:52.051 [main] DEBUG org.eclipse.jetty.util.component.ContainerLifeCycle - AdaptiveExecutionStrategy@e84fb85/SelectorProducer@68a4dcc6/IDLE/p=false/QueuedThreadPool[qtp943659381]@383f1975{STARTED,8<=8<=25,i=8,r=-1,q=0}[ReservedThreadExecutor@4e08acf9{reserved=0/2,pending=0}][pc=0,pic=0,pec=0,epc=0]@2023-10-19T13:27:52.051430973+03:00 added {SelectorProducer@68a4dcc6,POJO}
13:27:52.069 [main] DEBUG org.eclipse.jetty.util.component.ContainerLifeCycle - AdaptiveExecutionStrategy@e84fb85/SelectorProducer@68a4dcc6/IDLE/p=false/QueuedThreadPool[qtp943659381]@383f1975{STARTED,8<=8<=25,i=8,r=-1,q=0}[ReservedThreadExecutor@4e08acf9{reserved=0/2,pending=0}][pc=0,pic=0,pec=0,epc=0]@2023-10-19T13:27:52.071017985+03:00 added {QueuedThreadPool[qtp943659381]@383f1975{STARTED,8<=8<=25,i=8,r=-1,q=0}[ReservedThreadExecutor@4e08acf9{reserved=0/2,pending=0}],UNMANAGED}
13:27:52.071 [main] DEBUG org.eclipse.jetty.util.thread.strategy.AdaptiveExecutionStrategy - AdaptiveExecutionStrategy@e84fb85/SelectorProducer@68a4dcc6/IDLE/p=false/QueuedThreadPool[qtp943659381]@383f1975{STARTED,8<=8<=25,i=8,r=-1,q=0}[ReservedThreadExecutor@4e08acf9{reserved=0/2,pending=0}][pc=0,pic=0,pec=0,epc=0]@2023-10-19T13:27:52.073740412+03:00 created
13:27:52.074 [main] DEBUG org.eclipse.jetty.util.component.ContainerLifeCycle - ManagedSelector@646c0a67{STOPPED} id=0 keys=-1 selected=-1 updates=0 added {AdaptiveExecutionStrategy@e84fb85/SelectorProducer@68a4dcc6/IDLE/p=false/QueuedThreadPool[qtp943659381]@383f1975{STARTED,8<=8<=25,i=8,r=-1,q=0}[ReservedThreadExecutor@4e08acf9{reserved=0/2,pending=0}][pc=0,pic=0,pec=0,epc=0]@2023-10-19T13:27:52.074275646+03:00,MANAGED}
13:27:52.074 [main] DEBUG org.eclipse.jetty.util.component.ContainerLifeCycle - SelectorManager@NetworkTrafficServerConnector@f202d6d{HTTP/1.1, (http/1.1, h2c)}{0.0.0.0:46297} added {ManagedSelector@646c0a67{STOPPED} id=0 keys=-1 selected=-1 updates=0,AUTO}
13:27:52.074 [main] DEBUG org.eclipse.jetty.util.component.ContainerLifeCycle - AdaptiveExecutionStrategy@3804a9a8/SelectorProducer@117525fe/IDLE/p=false/QueuedThreadPool[qtp943659381]@383f1975{STARTED,8<=8<=25,i=8,r=-1,q=0}[ReservedThreadExecutor@4e08acf9{reserved=0/2,pending=0}][pc=0,pic=0,pec=0,epc=0]@2023-10-19T13:27:52.084658824+03:00 added {SelectorProducer@117525fe,POJO}
13:27:52.084 [main] DEBUG org.eclipse.jetty.util.component.ContainerLifeCycle - AdaptiveExecutionStrategy@3804a9a8/SelectorProducer@117525fe/IDLE/p=false/QueuedThreadPool[qtp943659381]@383f1975{STARTED,8<=8<=25,i=8,r=-1,q=0}[ReservedThreadExecutor@4e08acf9{reserved=0/2,pending=0}][pc=0,pic=0,pec=0,epc=0]@2023-10-19T13:27:52.085028684+03:00 added {QueuedThreadPool[qtp943659381]@383f1975{STARTED,8<=8<=25,i=8,r=-1,q=0}[ReservedThreadExecutor@4e08acf9{reserved=0/2,pending=0}],UNMANAGED}
13:27:52.093 [main] DEBUG org.eclipse.jetty.util.thread.strategy.AdaptiveExecutionStrategy - AdaptiveExecutionStrategy@3804a9a8/SelectorProducer@117525fe/IDLE/p=false/QueuedThreadPool[qtp943659381]@383f1975{STARTED,8<=8<=25,i=8,r=-1,q=0}[ReservedThreadExecutor@4e08acf9{reserved=0/2,pending=0}][pc=0,pic=0,pec=0,epc=0]@2023-10-19T13:27:52.093712299+03:00 created
13:27:52.095 [main] DEBUG org.eclipse.jetty.util.component.ContainerLifeCycle - ManagedSelector@5f7989fa{STOPPED} id=1 keys=-1 selected=-1 updates=0 added {AdaptiveExecutionStrategy@3804a9a8/SelectorProducer@117525fe/IDLE/p=false/QueuedThreadPool[qtp943659381]@383f1975{STARTED,8<=8<=25,i=8,r=-1,q=0}[ReservedThreadExecutor@4e08acf9{reserved=0/2,pending=0}][pc=0,pic=0,pec=0,epc=0]@2023-10-19T13:27:52.099834708+03:00,MANAGED}
13:27:52.101 [main] DEBUG org.eclipse.jetty.util.component.ContainerLifeCycle - SelectorManager@NetworkTrafficServerConnector@f202d6d{HTTP/1.1, (http/1.1, h2c)}{0.0.0.0:46297} added {ManagedSelector@5f7989fa{STOPPED} id=1 keys=-1 selected=-1 updates=0,AUTO}
13:27:52.102 [main] DEBUG org.eclipse.jetty.util.component.AbstractLifeCycle - STARTING ManagedSelector@646c0a67{STOPPED} id=0 keys=-1 selected=-1 updates=0
13:27:52.103 [main] DEBUG org.eclipse.jetty.util.component.AbstractLifeCycle - STARTING AdaptiveExecutionStrategy@e84fb85/SelectorProducer@68a4dcc6/IDLE/p=false/QueuedThreadPool[qtp943659381]@383f1975{STARTED,8<=8<=25,i=8,r=-1,q=0}[ReservedThreadExecutor@4e08acf9{reserved=0/2,pending=0}][pc=0,pic=0,pec=0,epc=0]@2023-10-19T13:27:52.104052745+03:00
13:27:52.106 [main] DEBUG org.eclipse.jetty.util.component.AbstractLifeCycle - STARTED @37186ms AdaptiveExecutionStrategy@e84fb85/SelectorProducer@68a4dcc6/IDLE/p=false/QueuedThreadPool[qtp943659381]@383f1975{STARTED,8<=8<=25,i=8,r=-1,q=0}[ReservedThreadExecutor@4e08acf9{reserved=0/2,pending=0}][pc=0,pic=0,pec=0,epc=0]@2023-10-19T13:27:52.106336927+03:00
13:27:52.121 [qtp943659381-23] DEBUG org.eclipse.jetty.util.thread.QueuedThreadPool - run org.eclipse.jetty.io.ManagedSelector$$Lambda$636/0x00007f6400322400@47213c8a in QueuedThreadPool[qtp943659381]@383f1975{STARTED,8<=8<=25,i=7,r=-1,q=0}[ReservedThreadExecutor@4e08acf9{reserved=0/2,pending=0}]
13:27:52.122 [qtp943659381-23] DEBUG org.eclipse.jetty.util.thread.strategy.AdaptiveExecutionStrategy - AdaptiveExecutionStrategy@e84fb85/SelectorProducer@68a4dcc6/IDLE/p=false/QueuedThreadPool[qtp943659381]@383f1975{STARTED,8<=8<=25,i=7,r=-1,q=0}[ReservedThreadExecutor@4e08acf9{reserved=0/2,pending=0}][pc=0,pic=0,pec=0,epc=0]@2023-10-19T13:27:52.122531706+03:00 tryProduce false
13:27:52.124 [qtp943659381-23] DEBUG org.eclipse.jetty.io.ManagedSelector - updateable 0
13:27:52.124 [qtp943659381-23] DEBUG org.eclipse.jetty.io.ManagedSelector - updates 0
13:27:52.124 [qtp943659381-23] DEBUG org.eclipse.jetty.io.ManagedSelector - Selector sun.nio.ch.EPollSelectorImpl@6bbdf002 waiting with 0 keys
13:27:52.128 [main] DEBUG org.eclipse.jetty.util.thread.QueuedThreadPool - queue org.eclipse.jetty.io.ManagedSelector$$Lambda$636/0x00007f6400322400@47213c8a startThread=0
13:27:52.128 [main] DEBUG org.eclipse.jetty.io.ManagedSelector - Queued change lazy=false org.eclipse.jetty.io.ManagedSelector$Start@561b61ed on ManagedSelector@646c0a67{STARTING} id=0 keys=0 selected=0 updates=0
13:27:52.136 [main] DEBUG org.eclipse.jetty.io.ManagedSelector - Wakeup on submit ManagedSelector@646c0a67{STARTING} id=0 keys=0 selected=0 updates=1
13:27:52.138 [qtp943659381-23] DEBUG org.eclipse.jetty.io.ManagedSelector - Selector sun.nio.ch.EPollSelectorImpl@6bbdf002 woken with none selected
13:27:52.138 [qtp943659381-23] DEBUG org.eclipse.jetty.io.ManagedSelector - Selector sun.nio.ch.EPollSelectorImpl@6bbdf002 woken up from select, 0/0/0 selected
13:27:52.138 [qtp943659381-23] DEBUG org.eclipse.jetty.io.ManagedSelector - Selector sun.nio.ch.EPollSelectorImpl@6bbdf002 processing 0 keys, 1 updates
13:27:52.139 [qtp943659381-23] DEBUG org.eclipse.jetty.io.ManagedSelector - updateable 1
13:27:52.139 [qtp943659381-23] DEBUG org.eclipse.jetty.io.ManagedSelector - update org.eclipse.jetty.io.ManagedSelector$Start@561b61ed
13:27:52.139 [qtp943659381-23] DEBUG org.eclipse.jetty.io.ManagedSelector - updates 0
13:27:52.139 [qtp943659381-23] DEBUG org.eclipse.jetty.io.ManagedSelector - Selector sun.nio.ch.EPollSelectorImpl@6bbdf002 waiting with 0 keys
13:27:52.143 [main] DEBUG org.eclipse.jetty.util.component.AbstractLifeCycle - STARTED @37223ms ManagedSelector@646c0a67{STARTED} id=0 keys=0 selected=0 updates=0
13:27:52.144 [main] DEBUG org.eclipse.jetty.util.component.AbstractLifeCycle - STARTING ManagedSelector@5f7989fa{STOPPED} id=1 keys=-1 selected=-1 updates=0
13:27:52.144 [main] DEBUG org.eclipse.jetty.util.component.AbstractLifeCycle - STARTING AdaptiveExecutionStrategy@3804a9a8/SelectorProducer@117525fe/IDLE/p=false/QueuedThreadPool[qtp943659381]@383f1975{STARTED,8<=8<=25,i=7,r=-1,q=0}[ReservedThreadExecutor@4e08acf9{reserved=0/2,pending=0}][pc=0,pic=0,pec=0,epc=0]@2023-10-19T13:27:52.145712771+03:00
13:27:52.146 [main] DEBUG org.eclipse.jetty.util.component.AbstractLifeCycle - STARTED @37226ms AdaptiveExecutionStrategy@3804a9a8/SelectorProducer@117525fe/IDLE/p=false/QueuedThreadPool[qtp943659381]@383f1975{STARTED,8<=8<=25,i=7,r=-1,q=0}[ReservedThreadExecutor@4e08acf9{reserved=0/2,pending=0}][pc=0,pic=0,pec=0,epc=0]@2023-10-19T13:27:52.146521401+03:00
13:27:52.148 [qtp943659381-24] DEBUG org.eclipse.jetty.util.thread.QueuedThreadPool - run org.eclipse.jetty.io.ManagedSelector$$Lambda$636/0x00007f6400322400@24d0f263 in QueuedThreadPool[qtp943659381]@383f1975{STARTED,8<=8<=25,i=6,r=-1,q=0}[ReservedThreadExecutor@4e08acf9{reserved=0/2,pending=0}]
13:27:52.149 [qtp943659381-24] DEBUG org.eclipse.jetty.util.thread.strategy.AdaptiveExecutionStrategy - AdaptiveExecutionStrategy@3804a9a8/SelectorProducer@117525fe/IDLE/p=false/QueuedThreadPool[qtp943659381]@383f1975{STARTED,8<=8<=25,i=6,r=-1,q=0}[ReservedThreadExecutor@4e08acf9{reserved=0/2,pending=0}][pc=0,pic=0,pec=0,epc=0]@2023-10-19T13:27:52.149225483+03:00 tryProduce false
13:27:52.149 [qtp943659381-24] DEBUG org.eclipse.jetty.io.ManagedSelector - updateable 0
13:27:52.149 [qtp943659381-24] DEBUG org.eclipse.jetty.io.ManagedSelector - updates 0
13:27:52.149 [qtp943659381-24] DEBUG org.eclipse.jetty.io.ManagedSelector - Selector sun.nio.ch.EPollSelectorImpl@2a171889 waiting with 0 keys
13:27:52.150 [main] DEBUG org.eclipse.jetty.util.thread.QueuedThreadPool - queue org.eclipse.jetty.io.ManagedSelector$$Lambda$636/0x00007f6400322400@24d0f263 startThread=0
13:27:52.150 [main] DEBUG org.eclipse.jetty.io.ManagedSelector - Queued change lazy=false org.eclipse.jetty.io.ManagedSelector$Start@654c7d2d on ManagedSelector@5f7989fa{STARTING} id=1 keys=0 selected=0 updates=0
13:27:52.150 [main] DEBUG org.eclipse.jetty.io.ManagedSelector - Wakeup on submit ManagedSelector@5f7989fa{STARTING} id=1 keys=0 selected=0 updates=1
13:27:52.152 [qtp943659381-24] DEBUG org.eclipse.jetty.io.ManagedSelector - Selector sun.nio.ch.EPollSelectorImpl@2a171889 woken with none selected
13:27:52.152 [qtp943659381-24] DEBUG org.eclipse.jetty.io.ManagedSelector - Selector sun.nio.ch.EPollSelectorImpl@2a171889 woken up from select, 0/0/0 selected
13:27:52.152 [qtp943659381-24] DEBUG org.eclipse.jetty.io.ManagedSelector - Selector sun.nio.ch.EPollSelectorImpl@2a171889 processing 0 keys, 1 updates
13:27:52.152 [qtp943659381-24] DEBUG org.eclipse.jetty.io.ManagedSelector - updateable 1
13:27:52.152 [qtp943659381-24] DEBUG org.eclipse.jetty.io.ManagedSelector - update org.eclipse.jetty.io.ManagedSelector$Start@654c7d2d
13:27:52.152 [qtp943659381-24] DEBUG org.eclipse.jetty.io.ManagedSelector - updates 0
13:27:52.152 [qtp943659381-24] DEBUG org.eclipse.jetty.io.ManagedSelector - Selector sun.nio.ch.EPollSelectorImpl@2a171889 waiting with 0 keys
13:27:52.153 [main] DEBUG org.eclipse.jetty.util.component.AbstractLifeCycle - STARTED @37233ms ManagedSelector@5f7989fa{STARTED} id=1 keys=0 selected=0 updates=0
13:27:52.154 [main] DEBUG org.eclipse.jetty.util.component.AbstractLifeCycle - STARTED @37234ms SelectorManager@NetworkTrafficServerConnector@f202d6d{HTTP/1.1, (http/1.1, h2c)}{0.0.0.0:46297}
13:27:52.154 [main] DEBUG org.eclipse.jetty.util.component.ContainerLifeCycle - NetworkTrafficServerConnector@f202d6d{HTTP/1.1, (http/1.1, h2c)}{0.0.0.0:46297} added {acceptor-0@1e7ab390,POJO}
13:27:52.155 [qtp943659381-25] DEBUG org.eclipse.jetty.util.thread.QueuedThreadPool - run acceptor-0@1e7ab390 in QueuedThreadPool[qtp943659381]@383f1975{STARTED,8<=8<=25,i=5,r=-1,q=0}[ReservedThreadExecutor@4e08acf9{reserved=0/2,pending=0}]
13:27:52.161 [main] DEBUG org.eclipse.jetty.util.thread.QueuedThreadPool - queue qtp943659381-25-acceptor-0@1e7ab390-NetworkTrafficServerConnector@f202d6d{HTTP/1.1, (http/1.1, h2c)}{0.0.0.0:46297} startThread=0
13:27:52.161 [main] DEBUG org.eclipse.jetty.util.component.ContainerLifeCycle - NetworkTrafficServerConnector@f202d6d{HTTP/1.1, (http/1.1, h2c)}{0.0.0.0:46297} added {acceptor-1@625d9132,POJO}
13:27:52.161 [qtp943659381-26] DEBUG org.eclipse.jetty.util.thread.QueuedThreadPool - run acceptor-1@625d9132 in QueuedThreadPool[qtp943659381]@383f1975{STARTED,8<=8<=25,i=4,r=-1,q=0}[ReservedThreadExecutor@4e08acf9{reserved=0/2,pending=0}]
13:27:52.162 [main] DEBUG org.eclipse.jetty.util.thread.QueuedThreadPool - queue qtp943659381-26-acceptor-1@625d9132-NetworkTrafficServerConnector@f202d6d{HTTP/1.1, (http/1.1, h2c)}{0.0.0.0:46297} startThread=0
13:27:52.162 [main] DEBUG org.eclipse.jetty.util.component.ContainerLifeCycle - NetworkTrafficServerConnector@f202d6d{HTTP/1.1, (http/1.1, h2c)}{0.0.0.0:46297} added {acceptor-2@77774571,POJO}
13:27:52.163 [qtp943659381-27] DEBUG org.eclipse.jetty.util.thread.QueuedThreadPool - run acceptor-2@77774571 in QueuedThreadPool[qtp943659381]@383f1975{STARTED,8<=8<=25,i=3,r=-1,q=0}[ReservedThreadExecutor@4e08acf9{reserved=0/2,pending=0}]
13:27:52.167 [main] DEBUG org.eclipse.jetty.util.thread.QueuedThreadPool - queue qtp943659381-27-acceptor-2@77774571-NetworkTrafficServerConnector@f202d6d{HTTP/1.1, (http/1.1, h2c)}{0.0.0.0:46297} startThread=0
13:27:52.167 [main] INFO org.eclipse.jetty.server.AbstractConnector - Started NetworkTrafficServerConnector@f202d6d{HTTP/1.1, (http/1.1, h2c)}{0.0.0.0:46297}
13:27:52.168 [main] DEBUG org.eclipse.jetty.util.component.AbstractLifeCycle - STARTED @37248ms NetworkTrafficServerConnector@f202d6d{HTTP/1.1, (http/1.1, h2c)}{0.0.0.0:46297}
13:27:52.168 [main] INFO org.eclipse.jetty.server.Server - Started Server@2c16fadb{STARTING}[11.0.14,sto=1000] @37248ms
13:27:52.168 [main] DEBUG org.eclipse.jetty.util.component.AbstractLifeCycle - STARTED @37248ms Server@2c16fadb{STARTED}[11.0.14,sto=1000]
13:27:52.169 [main] DEBUG com.sap.cloud.security.xsuaa.client.XsuaaDefaultEndpoints - Xsuaa default service endpoint: base url = http://localhost:46297, (cert url = null)

  .   ____          _            __ _ _
 /\\ / ___'_ __ _ _(_)_ __  __ _ \ \ \ \
( ( )\___ | '_ | '_| | '_ \/ _` | \ \ \ \
 \\/  ___)| |_)| | | | | || (_| |  ) ) ) )
  '  |____| .__|_| |_|_| |_\__, | / / / /
 =========|_|==============|___/=/_/_/_/
 :: Spring Boot ::                (v3.0.4)

2023-10-19T13:27:54.789+03:00  INFO 125181 --- [           main] s.s.s.j.TestControllerIasTest            : Starting TestControllerIasTest using Java 20.0.2 with PID 125181 (started by hagar in /home/hagar/cloud-security-services-integration-library/samples/spring-security-hybrid-usage)
2023-10-19T13:27:54.791+03:00  INFO 125181 --- [           main] s.s.s.j.TestControllerIasTest            : The following 1 profile is active: "multixsuaa"
2023-10-19T13:28:07.356+03:00  INFO 125181 --- [           main] c.s.c.s.t.v.v.JwtAudienceValidator       : configured JwtAudienceValidator with clientId sb-clientId!t0815.
2023-10-19T13:28:07.357+03:00  INFO 125181 --- [           main] c.s.c.s.t.v.v.JwtAudienceValidator       : configured JwtAudienceValidator with clientId xsapp!t0815.
2023-10-19T13:28:07.357+03:00  INFO 125181 --- [           main] c.s.c.s.t.v.v.JwtAudienceValidator       : configured JwtAudienceValidator with clientId sb-clientId!t04711.
2023-10-19T13:28:07.359+03:00  INFO 125181 --- [           main] c.s.c.s.t.v.v.JwtAudienceValidator       : configured JwtAudienceValidator with clientId sb-clientId!t0815.
2023-10-19T13:28:07.451+03:00  INFO 125181 --- [           main] o.s.s.web.DefaultSecurityFilterChain     : Will secure any request with [org.springframework.security.web.session.DisableEncodeUrlFilter@10f20d38, org.springframework.security.web.context.request.async.WebAsyncManagerIntegrationFilter@538aa83f, org.springframework.security.web.context.SecurityContextHolderFilter@9f1ca74, org.springframework.security.web.header.HeaderWriterFilter@18dac12f, org.springframework.security.web.csrf.CsrfFilter@1d8be7b9, org.springframework.security.web.authentication.logout.LogoutFilter@28b5662d, org.springframework.security.oauth2.server.resource.web.authentication.BearerTokenAuthenticationFilter@4f3fec43, org.springframework.security.web.savedrequest.RequestCacheAwareFilter@365e65bb, org.springframework.security.web.servletapi.SecurityContextHolderAwareRequestFilter@52f43225, org.springframework.security.web.authentication.AnonymousAuthenticationFilter@63e70bf9, org.springframework.security.web.session.SessionManagementFilter@761f234c, org.springframework.security.web.access.ExceptionTranslationFilter@26101efc, org.springframework.security.web.access.intercept.AuthorizationFilter@191e654]
2023-10-19T13:28:07.502+03:00  WARN 125181 --- [           main] o.s.s.c.a.web.builders.WebSecurity       : 

********************************************************************
**********        Security debugging is enabled.       *************
**********    This may include sensitive information.  *************
**********      Do not use in a production system!     *************
********************************************************************


2023-10-19T13:28:08.738+03:00  INFO 125181 --- [           main] c.s.c.s.t.v.v.JwtAudienceValidator       : configured JwtAudienceValidator with clientId sb-clientId!t0815.
2023-10-19T13:28:08.738+03:00  INFO 125181 --- [           main] c.s.c.s.t.v.v.JwtAudienceValidator       : configured JwtAudienceValidator with clientId xsapp!t0815.
2023-10-19T13:28:08.738+03:00  INFO 125181 --- [           main] c.s.c.s.t.v.v.JwtAudienceValidator       : configured JwtAudienceValidator with clientId sb-clientId!t0815.
2023-10-19T13:28:08.745+03:00  INFO 125181 --- [           main] kenFlowAutoConfiguration$$SpringCGLIB$$0 : If the performance for the token validation is degrading provide your own well configured HttpClientFactory implementation
2023-10-19T13:28:08.749+03:00  INFO 125181 --- [           main] c.s.c.security.client.HttpClientFactory  : loaded HttpClientFactory service providers: [com.sap.cloud.security.client.DefaultHttpClientFactory@4ede035e]
2023-10-19T13:28:09.376+03:00  INFO 125181 --- [           main] o.s.b.t.m.w.SpringBootMockServletContext : Initializing Spring TestDispatcherServlet ''
2023-10-19T13:28:09.376+03:00  INFO 125181 --- [           main] o.s.t.web.servlet.TestDispatcherServlet  : Initializing Servlet ''
2023-10-19T13:28:09.378+03:00  INFO 125181 --- [           main] o.s.t.web.servlet.TestDispatcherServlet  : Completed initialization in 2 ms
2023-10-19T13:28:09.472+03:00  INFO 125181 --- [           main] s.s.s.j.TestControllerIasTest            : Started TestControllerIasTest in 16.556 seconds (process running for 54.552)
2023-10-19T13:28:13.898+03:00  INFO 125181 --- [           main] com.sap.cloud.security.token.Token       : loaded TokenFactory service providers: [com.sap.cloud.security.servlet.HybridTokenFactory@46fdfaeb]
2023-10-19T13:28:14.142+03:00  INFO 125181 --- [           main] c.s.h.c.l.s.dynlog.DynLogEnvironment     : The header key used to retrieve the dynamic log level token has been set to the default value: SAP-LOG-LEVEL
2023-10-19T13:28:14.153+03:00  INFO 125181 --- [           main] c.s.h.c.l.s.dynlog.PublicKeyReader       : DYN_LOG_LEVEL_KEY not found in environment
2023-10-19T13:28:14.296+03:00  INFO 125181 --- [           main] Spring Security Debugger                 : 

************************************************************

Request received for GET '/comp/sayHello':

com.sap.hcp.cf.logging.servlet.filter.LoggingContextRequestWrapper@e890591

servletPath:
pathInfo:/comp/sayHello
headers: 
Authorization: Bearer eyJraWQiOiJkZWZhdWx0LWtpZC1pYXMiLCJhbGciOiJSUzI1NiJ9.eyJhdWQiOiJzYi1jbGllbnRJZCF0MDgxNSIsInNjaW1faWQiOiJ0aGUtdXNlci1pZCIsInVzZXJfdXVpZCI6InRoZS11c2VyLWlkIiwiYXBwX3RpZCI6InRoZS1hcHAtdGlkIiwiYXpwIjoic2ItY2xpZW50SWQhdDA4MTUiLCJpc3MiOiJodHRwOi8vbG9jYWxob3N0OjQ2Mjk3Iiwiem9uZV91dWlkIjoidGhlLXpvbmUtaWQiLCJncm91cHMiOlsiSUFTQVVUSFpfUmVhZCJdLCJleHAiOjY5NzQwMjgwMDAsImNpZCI6InNiLWNsaWVudElkIXQwODE1In0.rJoctnG_UnTdnJcGU6FktkqivQYDVRue3iLPZOrfLiCXdtZtER3dn4scCltP7C0Qw4QkMXgKN47EYOnDaT9-36dz_rBfWS_0fpIJNaIt09viG8juWea6WUDXw-grhcYxTPCdmVDYTap7ebg_qiqpZGBmb4NuIiaQNLenesc6g6vDjKlgYluInvpOKGW2fcyOHk3BW_VnQOhA8jSdVWVHp-x3NsiXbzO2ETTGSyHymMri9-xCHDje9Zy5aaWfZmIYQpDyeee4heR_etae3l_Zul_nxhtGdyKtqaN6ILzLRVc0yrwXBSZzDJtCOrJg_PxMjV6W7u2tq9pQ3OFZEjXey3PXK57VjWb0MCCCusDK6_DHopac71E0GXlUANUp4FFLnlts6lcueKoLf7L77CVt2OZeFscyVfsetJOXE_A9HknYdGG6i1gzsxdhZB8idoORuJQdqw85sm4YIA2jsGx5bqh5HvKTN91MzINr9wx1Mb6J_yRi7tvMh2BJWKltRtUm


Security filter chain: [
  DisableEncodeUrlFilter
  WebAsyncManagerIntegrationFilter
  SecurityContextHolderFilter
  HeaderWriterFilter
  CsrfFilter
  LogoutFilter
  BearerTokenAuthenticationFilter
  RequestCacheAwareFilter
  SecurityContextHolderAwareRequestFilter
  AnonymousAuthenticationFilter
  SessionManagementFilter
  ExceptionTranslationFilter
  AuthorizationFilter
]


************************************************************


2023-10-19T13:28:15.509+03:00  WARN 125181 --- [           main] c.s.c.s.client.DefaultHttpClientFactory  : Application has already created HttpClient for clientId = null, please check.
2023-10-19T13:28:15.519+03:00  INFO 125181 --- [           main] c.s.c.s.t.v.v.JwtAudienceValidator       : The audiences that are derived from the token: [sb-clientId!t0815].
2023-10-19T13:28:15.627+03:00  INFO 125181 --- [           main] c.s.h.c.l.servlet.filter.RequestLogger   : 
]]></system-out>
  </testcase>
  <testcase name="sayHello" classname="sample.spring.security.junitjupiter.TestControllerIasTest" time="3.163">
    <system-out><![CDATA[2023-10-19T13:28:18.648+03:00  INFO 125181 --- [           main] Spring Security Debugger                 : 

************************************************************

Request received for GET '/sayHello':

com.sap.hcp.cf.logging.servlet.filter.LoggingContextRequestWrapper@2ee1b017

servletPath:
pathInfo:/sayHello
headers: 
Authorization: Bearer eyJraWQiOiJkZWZhdWx0LWtpZC1pYXMiLCJhbGciOiJSUzI1NiJ9.eyJhdWQiOiJzYi1jbGllbnRJZCF0MDgxNSIsInNjaW1faWQiOiJ0aGUtdXNlci1pZCIsInVzZXJfdXVpZCI6InRoZS11c2VyLWlkIiwiYXBwX3RpZCI6InRoZS1hcHAtdGlkIiwiYXpwIjoic2ItY2xpZW50SWQhdDA4MTUiLCJpc3MiOiJodHRwOi8vbG9jYWxob3N0OjQ2Mjk3Iiwiem9uZV91dWlkIjoidGhlLXpvbmUtaWQiLCJncm91cHMiOlsiSUFTQVVUSFpfUmVhZCJdLCJleHAiOjY5NzQwMjgwMDAsImNpZCI6InNiLWNsaWVudElkIXQwODE1In0.rJoctnG_UnTdnJcGU6FktkqivQYDVRue3iLPZOrfLiCXdtZtER3dn4scCltP7C0Qw4QkMXgKN47EYOnDaT9-36dz_rBfWS_0fpIJNaIt09viG8juWea6WUDXw-grhcYxTPCdmVDYTap7ebg_qiqpZGBmb4NuIiaQNLenesc6g6vDjKlgYluInvpOKGW2fcyOHk3BW_VnQOhA8jSdVWVHp-x3NsiXbzO2ETTGSyHymMri9-xCHDje9Zy5aaWfZmIYQpDyeee4heR_etae3l_Zul_nxhtGdyKtqaN6ILzLRVc0yrwXBSZzDJtCOrJg_PxMjV6W7u2tq9pQ3OFZEjXey3PXK57VjWb0MCCCusDK6_DHopac71E0GXlUANUp4FFLnlts6lcueKoLf7L77CVt2OZeFscyVfsetJOXE_A9HknYdGG6i1gzsxdhZB8idoORuJQdqw85sm4YIA2jsGx5bqh5HvKTN91MzINr9wx1Mb6J_yRi7tvMh2BJWKltRtUm


Security filter chain: [
  DisableEncodeUrlFilter
  WebAsyncManagerIntegrationFilter
  SecurityContextHolderFilter
  HeaderWriterFilter
  CsrfFilter
  LogoutFilter
  BearerTokenAuthenticationFilter
  RequestCacheAwareFilter
  SecurityContextHolderAwareRequestFilter
  AnonymousAuthenticationFilter
  SessionManagementFilter
  ExceptionTranslationFilter
  AuthorizationFilter
]


************************************************************


2023-10-19T13:28:18.650+03:00  INFO 125181 --- [           main] c.s.c.s.t.v.v.JwtAudienceValidator       : The audiences that are derived from the token: [sb-clientId!t0815].
2023-10-19T13:28:18.766+03:00  INFO 125181 --- [           main] c.s.h.c.l.servlet.filter.RequestLogger   : 
]]></system-out>
  </testcase>
  <testcase name="readData_FORBIDDEN(SecurityTestContext)" classname="sample.spring.security.junitjupiter.TestControllerIasTest" time="7.928">
    <system-out><![CDATA[2023-10-19T13:28:26.605+03:00  INFO 125181 --- [           main] Spring Security Debugger                 : 

************************************************************

Request received for GET '/method':

com.sap.hcp.cf.logging.servlet.filter.LoggingContextRequestWrapper@6ed7c178

servletPath:
pathInfo:/method
headers: 
Authorization: Bearer eyJraWQiOiJkZWZhdWx0LWtpZC1pYXMiLCJhbGciOiJSUzI1NiJ9.eyJhdWQiOiJzYi1jbGllbnRJZCF0MDgxNSIsInNjaW1faWQiOiJ0aGUtdXNlci1pZCIsInVzZXJfdXVpZCI6InRoZS11c2VyLWlkIiwiYXBwX3RpZCI6InRoZS1hcHAtdGlkIiwiYXpwIjoic2ItY2xpZW50SWQhdDA4MTUiLCJpc3MiOiJodHRwOi8vbG9jYWxob3N0OjQ2Mjk3Iiwiem9uZV91dWlkIjoidGhlLXpvbmUtaWQiLCJleHAiOjY5NzQwMjgwMDAsImNpZCI6InNiLWNsaWVudElkIXQwODE1In0.ZfgBRmvVZVuHTOoP25CMCw-Xi79RcMdCKYhNQufeehiZhdshMITVqSf6PkuvYYiCVTIE7tPHqKpcfPur21UZGtTcn_V5EnlZT30sVF2yLXLUf2eTgowYvha7LFTpNfN1ZF5PbO8dPRthX2H4OZTODyeakvwDLO3TU-iV4GdjHwy5GpZLfFt7DSWNhVKD2y7wOAcnBjRDecydBxBv5DAXtXqkTvW50R-LNcTQopJOr6odktiIcSgIV1WCkEaertZ9mtlkl7F798ktyoHspHe5NmQ12wJMpMVtb3Lm4pCWbEcba9B0V22nEHICuLe__3313YMEK6DVc-k4WVOjNlyatXmFHT8WWX6c-pX87LXJamA7u7ab6twTJQqiljeIs_8TyOdpbSnN6irZj2dUVB6cZXPVqVF3HdQEPeG5F8Q-QHtmc533CNvSFlT0QQzg_tBKaFPkczuciEiDpEknK4phFeVOz2iXwdfj433_MLMscKs-fwqS3s_78kHzgwAC4g6C


Security filter chain: [
  DisableEncodeUrlFilter
  WebAsyncManagerIntegrationFilter
  SecurityContextHolderFilter
  HeaderWriterFilter
  CsrfFilter
  LogoutFilter
  BearerTokenAuthenticationFilter
  RequestCacheAwareFilter
  SecurityContextHolderAwareRequestFilter
  AnonymousAuthenticationFilter
  SessionManagementFilter
  ExceptionTranslationFilter
  AuthorizationFilter
]


************************************************************


2023-10-19T13:28:26.607+03:00  INFO 125181 --- [           main] c.s.c.s.t.v.v.JwtAudienceValidator       : The audiences that are derived from the token: [sb-clientId!t0815].
2023-10-19T13:28:26.779+03:00  INFO 125181 --- [           main] c.s.h.c.l.servlet.filter.RequestLogger   : 
]]></system-out>
  </testcase>
  <testcase name="readData_OK" classname="sample.spring.security.junitjupiter.TestControllerIasTest" time="1.531">
    <system-out><![CDATA[2023-10-19T13:28:28.314+03:00  INFO 125181 --- [           main] Spring Security Debugger                 : 

************************************************************

Request received for GET '/method':

com.sap.hcp.cf.logging.servlet.filter.LoggingContextRequestWrapper@746da54f

servletPath:
pathInfo:/method
headers: 
Authorization: Bearer eyJraWQiOiJkZWZhdWx0LWtpZC1pYXMiLCJhbGciOiJSUzI1NiJ9.eyJhdWQiOiJzYi1jbGllbnRJZCF0MDgxNSIsInNjaW1faWQiOiJ0aGUtdXNlci1pZCIsInVzZXJfdXVpZCI6InRoZS11c2VyLWlkIiwiYXBwX3RpZCI6InRoZS1hcHAtdGlkIiwiYXpwIjoic2ItY2xpZW50SWQhdDA4MTUiLCJpc3MiOiJodHRwOi8vbG9jYWxob3N0OjQ2Mjk3Iiwiem9uZV91dWlkIjoidGhlLXpvbmUtaWQiLCJncm91cHMiOlsiSUFTQVVUSFpfUmVhZCJdLCJleHAiOjY5NzQwMjgwMDAsImNpZCI6InNiLWNsaWVudElkIXQwODE1In0.rJoctnG_UnTdnJcGU6FktkqivQYDVRue3iLPZOrfLiCXdtZtER3dn4scCltP7C0Qw4QkMXgKN47EYOnDaT9-36dz_rBfWS_0fpIJNaIt09viG8juWea6WUDXw-grhcYxTPCdmVDYTap7ebg_qiqpZGBmb4NuIiaQNLenesc6g6vDjKlgYluInvpOKGW2fcyOHk3BW_VnQOhA8jSdVWVHp-x3NsiXbzO2ETTGSyHymMri9-xCHDje9Zy5aaWfZmIYQpDyeee4heR_etae3l_Zul_nxhtGdyKtqaN6ILzLRVc0yrwXBSZzDJtCOrJg_PxMjV6W7u2tq9pQ3OFZEjXey3PXK57VjWb0MCCCusDK6_DHopac71E0GXlUANUp4FFLnlts6lcueKoLf7L77CVt2OZeFscyVfsetJOXE_A9HknYdGG6i1gzsxdhZB8idoORuJQdqw85sm4YIA2jsGx5bqh5HvKTN91MzINr9wx1Mb6J_yRi7tvMh2BJWKltRtUm


Security filter chain: [
  DisableEncodeUrlFilter
  WebAsyncManagerIntegrationFilter
  SecurityContextHolderFilter
  HeaderWriterFilter
  CsrfFilter
  LogoutFilter
  BearerTokenAuthenticationFilter
  RequestCacheAwareFilter
  SecurityContextHolderAwareRequestFilter
  AnonymousAuthenticationFilter
  SessionManagementFilter
  ExceptionTranslationFilter
  AuthorizationFilter
]


************************************************************


2023-10-19T13:28:28.316+03:00  INFO 125181 --- [           main] c.s.c.s.t.v.v.JwtAudienceValidator       : The audiences that are derived from the token: [sb-clientId!t0815].
2023-10-19T13:28:28.349+03:00  INFO 125181 --- [           main] c.s.h.c.l.servlet.filter.RequestLogger   : 
]]></system-out>
  </testcase>
</testsuite>