<?xml version="1.0" encoding="UTF-8"?>
<testsuite xmlns:xsi="http://www.w3.org/2001/XMLSchema-instance" xsi:noNamespaceSchemaLocation="https://maven.apache.org/surefire/maven-surefire-plugin/xsd/surefire-test-report-3.0.xsd" version="3.0" name="sample.spring.security.TestControllerTest" time="10.365" tests="3" errors="0" skipped="0" failures="0">
  <properties>
[...]
</properties>
  <testcase name="sayHello" classname="sample.spring.security.TestControllerTest" time="1.08">
    <system-out><![CDATA[2023-10-17T18:58:04.244+03:00  WARN 273770 --- [           main] o.e.jetty.server.AbstractConnector       : Acceptors should be <= availableProcessors: NetworkTrafficServerConnector@7e7987b8{HTTP/1.1, (http/1.1, h2c)}{0.0.0.0:0} 
2023-10-17T18:58:04.251+03:00  WARN 273770 --- [           main] c.s.c.s.client.DefaultHttpClientFactory  : Application has already created HttpClient for clientId = null, please check.
2023-10-17T18:58:04.928+03:00  WARN 273770 --- [           main] o.e.jetty.server.AbstractConnector       : Acceptors should be <= availableProcessors: NetworkTrafficServerConnector@1af6d656{HTTP/1.1, (http/1.1, h2c)}{0.0.0.0:0} 
2023-10-17T18:58:04.932+03:00  INFO 273770 --- [           main] org.eclipse.jetty.server.Server          : jetty-11.0.14; built: 2023-02-22T23:41:48.575Z; git: 4601fe8dd805ce75b69c64466c115a162586641b; jvm 20.0.2+9-78
2023-10-17T18:58:04.938+03:00  INFO 273770 --- [           main] o.e.jetty.server.handler.ContextHandler  : Started o.e.j.s.ServletContextHandler@2f5a092e{/__admin,null,AVAILABLE}
2023-10-17T18:58:04.939+03:00  INFO 273770 --- [           main] o.e.j.s.handler.ContextHandler.ROOT      : RequestHandlerClass from context returned com.github.tomakehurst.wiremock.http.StubRequestHandler. Normalized mapped under returned 'null'
2023-10-17T18:58:04.939+03:00  INFO 273770 --- [           main] o.e.jetty.server.handler.ContextHandler  : Started o.e.j.s.ServletContextHandler@1640a6b5{/,null,AVAILABLE}
2023-10-17T18:58:04.940+03:00  INFO 273770 --- [           main] o.e.jetty.server.AbstractConnector       : Started NetworkTrafficServerConnector@7e7987b8{HTTP/1.1, (http/1.1, h2c)}{0.0.0.0:35473}
2023-10-17T18:58:04.940+03:00  INFO 273770 --- [           main] org.eclipse.jetty.server.Server          : Started Server@f0d01c9{STARTING}[11.0.14,sto=1000] @49590ms
2023-10-17T18:58:04.942+03:00  INFO 273770 --- [           main] org.eclipse.jetty.server.Server          : jetty-11.0.14; built: 2023-02-22T23:41:48.575Z; git: 4601fe8dd805ce75b69c64466c115a162586641b; jvm 20.0.2+9-78
2023-10-17T18:58:04.955+03:00  INFO 273770 --- [           main] o.e.jetty.server.handler.ContextHandler  : Started o.e.j.s.ServletContextHandler@1b868ef0{/__admin,null,AVAILABLE}
2023-10-17T18:58:04.956+03:00  INFO 273770 --- [           main] o.e.j.s.handler.ContextHandler.ROOT      : RequestHandlerClass from context returned com.github.tomakehurst.wiremock.http.StubRequestHandler. Normalized mapped under returned 'null'
2023-10-17T18:58:04.956+03:00  INFO 273770 --- [           main] o.e.jetty.server.handler.ContextHandler  : Started o.e.j.s.ServletContextHandler@102f3f05{/,null,AVAILABLE}
2023-10-17T18:58:04.959+03:00  INFO 273770 --- [           main] o.e.jetty.server.AbstractConnector       : Started NetworkTrafficServerConnector@1af6d656{HTTP/1.1, (http/1.1, h2c)}{0.0.0.0:37513}
2023-10-17T18:58:04.959+03:00  INFO 273770 --- [           main] org.eclipse.jetty.server.Server          : Started Server@67b20b4c{STARTING}[11.0.14,sto=1000] @49609ms

  .   ____          _            __ _ _
 /\\ / ___'_ __ _ _(_)_ __  __ _ \ \ \ \
( ( )\___ | '_ | '_| | '_ \/ _` | \ \ \ \
 \\/  ___)| |_)| | | | | || (_| |  ) ) ) )
  '  |____| .__|_| |_|_| |_\__, | / / / /
 =========|_|==============|___/=/_/_/_/
 :: Spring Boot ::                (v3.0.4)

2023-10-17T18:58:05.031+03:00  INFO 273770 --- [           main] s.spring.security.TestControllerTest     : Starting TestControllerTest using Java 20.0.2 with PID 273770 (started by hagar in /home/hagar/cloud-security-services-integration-library/samples/spring-security-hybrid-usage)
2023-10-17T18:58:05.031+03:00  INFO 273770 --- [           main] s.spring.security.TestControllerTest     : No active profile set, falling back to 1 default profile: "default"
2023-10-17T18:58:05.552+03:00  INFO 273770 --- [           main] c.s.c.s.t.v.v.JwtAudienceValidator       : configured JwtAudienceValidator with clientId sb-clientId!t0815.
2023-10-17T18:58:05.552+03:00  INFO 273770 --- [           main] c.s.c.s.t.v.v.JwtAudienceValidator       : configured JwtAudienceValidator with clientId xsapp!t0815.
2023-10-17T18:58:05.552+03:00  INFO 273770 --- [           main] c.s.c.s.t.v.v.JwtAudienceValidator       : configured JwtAudienceValidator with clientId sb-clientId!t0815.
2023-10-17T18:58:05.580+03:00  INFO 273770 --- [           main] o.s.s.web.DefaultSecurityFilterChain     : Will secure any request with [org.springframework.security.web.session.DisableEncodeUrlFilter@67d55a46, org.springframework.security.web.context.request.async.WebAsyncManagerIntegrationFilter@72115c48, org.springframework.security.web.context.SecurityContextHolderFilter@10660795, org.springframework.security.web.header.HeaderWriterFilter@12b66c89, org.springframework.security.web.csrf.CsrfFilter@4df13b7e, org.springframework.security.web.authentication.logout.LogoutFilter@2e3b4394, org.springframework.security.oauth2.server.resource.web.authentication.BearerTokenAuthenticationFilter@13868c41, org.springframework.security.web.savedrequest.RequestCacheAwareFilter@3ccc4ca0, org.springframework.security.web.servletapi.SecurityContextHolderAwareRequestFilter@1dbfbd94, org.springframework.security.web.authentication.AnonymousAuthenticationFilter@1d982fbe, org.springframework.security.web.session.SessionManagementFilter@5408fca1, org.springframework.security.web.access.ExceptionTranslationFilter@477d6f66, org.springframework.security.web.access.intercept.AuthorizationFilter@10ffe32f]
2023-10-17T18:58:05.583+03:00  WARN 273770 --- [           main] o.s.s.c.a.web.builders.WebSecurity       : 

********************************************************************
**********        Security debugging is enabled.       *************
**********    This may include sensitive information.  *************
**********      Do not use in a production system!     *************
********************************************************************


2023-10-17T18:58:05.749+03:00  INFO 273770 --- [           main] kenFlowAutoConfiguration$$SpringCGLIB$$0 : If the performance for the token validation is degrading provide your own well configured HttpClientFactory implementation
2023-10-17T18:58:05.749+03:00  WARN 273770 --- [           main] c.s.c.s.client.DefaultHttpClientFactory  : Application has already created HttpClient for clientId = sb-clientId!t0815, please check.
2023-10-17T18:58:05.782+03:00  INFO 273770 --- [           main] o.s.b.t.m.w.SpringBootMockServletContext : Initializing Spring TestDispatcherServlet ''
2023-10-17T18:58:05.783+03:00  INFO 273770 --- [           main] o.s.t.web.servlet.TestDispatcherServlet  : Initializing Servlet ''
2023-10-17T18:58:05.783+03:00  INFO 273770 --- [           main] o.s.t.web.servlet.TestDispatcherServlet  : Completed initialization in 0 ms
2023-10-17T18:58:05.790+03:00  INFO 273770 --- [           main] s.spring.security.TestControllerTest     : Started TestControllerTest in 0.825 seconds (process running for 50.44)
2023-10-17T18:58:06.810+03:00  INFO 273770 --- [           main] c.s.h.c.l.s.dynlog.DynLogEnvironment     : The header key used to retrieve the dynamic log level token has been set to the default value: SAP-LOG-LEVEL
2023-10-17T18:58:06.810+03:00  INFO 273770 --- [           main] c.s.h.c.l.s.dynlog.PublicKeyReader       : DYN_LOG_LEVEL_KEY not found in environment
2023-10-17T18:58:06.811+03:00  INFO 273770 --- [           main] Spring Security Debugger                 : 

************************************************************

Request received for GET '/sayHello':

com.sap.hcp.cf.logging.servlet.filter.LoggingContextRequestWrapper@6a905513

servletPath:
pathInfo:/sayHello
headers: 
Authorization: Bearer eyJqa3UiOiJodHRwOi8vbG9jYWxob3N0OjM1NDczL3Rva2VuX2tleXMiLCJraWQiOiJkZWZhdWx0LWtpZCIsImFsZyI6IlJTMjU2In0.eyJhdWQiOlsic2ItY2xpZW50SWQhdDA4MTUiXSwiZXh0X2F0dHIiOnsiZW5oYW5jZXIiOiJYU1VBQSJ9LCJ6aWQiOiJ0aGUtem9uZS1pZCIsImdyYW50X3R5cGUiOiJ1cm46aWV0ZjpwYXJhbXM6b2F1dGg6Z3JhbnQtdHlwZTpqd3QtYmVhcmVyIiwiYXpwIjoic2ItY2xpZW50SWQhdDA4MTUiLCJzY29wZSI6WyJ4c2FwcCF0MDgxNS5SZWFkIl0sImlzcyI6Imh0dHA6Ly9sb2NhbGhvc3Q6MzU0NzMiLCJleHAiOjY5NzQwMjgwMDAsImNpZCI6InNiLWNsaWVudElkIXQwODE1In0.TH9Q-h0xtMT5kztMyVKwtTA5Pm3f5zCn_lCjOdgqTLTsaI8BEezwWjcKWTZHtFD4JkhDzjEBjyV_jKY8MFNJCiOwJgTbIuV2tpm2IkbXfd2lAJDzKZwUfs2uVdusefFizS9GBji2FXPAB-vh6PjLWrU6tyBGmw_0zLtTssBEGyxx9V1mKY9OUFOfgxH8Elgqi8lmoTwcU5rD3i0THNXFvnWZ-Ji_tBbn_LF3WxEJb_CT92ZhIWQswUuDm6A4j0TJWk6c-Wey8OgHDD2icCryBcIQDQsUmUDl7L2OwYaGVHikJVg6RpwxjMHvJkG8i6r5ADiHyjj1lI75NzQsdl71NkNLYW794JttJx30IEoLeY96wU_9szNjaTqCi_8OEVH5BGofHBSIxp3k2OnMUzSBaQWubpOb3rJa3cMLgowjwyCFn0zSTw4F0JGLtcwcLQ2U-9lIpkwp_uFnmRVcx5Gh7wzhl8DBr94-TXDOn6RF_zc84jCXvQ9Exp-wWXOTbxX4


Security filter chain: [
  DisableEncodeUrlFilter
  WebAsyncManagerIntegrationFilter
  SecurityContextHolderFilter
  HeaderWriterFilter
  CsrfFilter
  LogoutFilter
  BearerTokenAuthenticationFilter
  RequestCacheAwareFilter
  SecurityContextHolderAwareRequestFilter
  AnonymousAuthenticationFilter
  SessionManagementFilter
  ExceptionTranslationFilter
  AuthorizationFilter
]


************************************************************


2023-10-17T18:58:06.813+03:00  WARN 273770 --- [           main] c.s.c.s.client.DefaultHttpClientFactory  : Application has already created HttpClient for clientId = null, please check.
2023-10-17T18:58:06.839+03:00  INFO 273770 --- [           main] c.s.c.s.t.v.v.JwtAudienceValidator       : The audiences that are derived from the token: [sb-clientId!t0815].
2023-10-17T18:58:06.843+03:00  WARN 273770 --- [           main] c.sap.cloud.security.token.XsuaaToken    : origin claim not set in JWT. Cannot create unique user name. Returning null.
2023-10-17T18:58:06.843+03:00  INFO 273770 --- [           main] c.s.h.c.l.servlet.filter.RequestLogger   : 
2023-10-17T18:58:06.845+03:00  INFO 273770 --- [           main] Spring Security Debugger                 : 

************************************************************

Request received for GET '/sayHello':

com.sap.hcp.cf.logging.servlet.filter.LoggingContextRequestWrapper@315365ef

servletPath:
pathInfo:/sayHello
headers: 
Authorization: Bearer eyJraWQiOiJkZWZhdWx0LWtpZC1pYXMiLCJhbGciOiJSUzI1NiJ9.eyJhdWQiOiJzYi1jbGllbnRJZCF0MDgxNSIsInNjaW1faWQiOiJ0aGUtdXNlci1pZCIsInVzZXJfdXVpZCI6InRoZS11c2VyLWlkIiwiYXBwX3RpZCI6InRoZS1hcHAtdGlkIiwiYXpwIjoic2ItY2xpZW50SWQhdDA4MTUiLCJpc3MiOiJodHRwOi8vbG9jYWxob3N0OjM3NTEzIiwiem9uZV91dWlkIjoidGhlLXpvbmUtaWQiLCJncm91cHMiOlsiSUFTQVVUSFpfUmVhZCJdLCJleHAiOjY5NzQwMjgwMDAsImNpZCI6InNiLWNsaWVudElkIXQwODE1In0.Lmjx-xmZb0mJHrycYklKhBjEAnc4tHXTFMj7hyu97M-JlhOzIy3lbZPirL_3fbD_0QGK9kjsqeTvMf8jCKd3o6CdZI0EjhivMG2jtnN__40YsKsOABGaC9i8o60sNt2g9Xhn1ZIM0CoJFFWx74jwSwPkt5FCR0ifkvRPXz-hImm0pGjuAQbaRYD4CNAORVeC1ozlpnP991zm0VrbE9Mb3UYLTjlJP9ai22_Mi5eJeO2BaV5qBoL_wGDdbBfCLXv-lIEVISSj2KyVK5HMMRaVPKVbsqhpQZhDuD5MQcAX3Zl2D3lZ3Ev7DL5B5OZTcUkBwk9YySkfiT7f6ZTKns0aVL1a1HvZnhO2BgAee3dCXSQ5tbIFuN5q-XHVjvf0lKdOCqRifApW0MLMParu5NQ7AtlSNZ83XCmc-K6KsqnYpnL9SMcrKtRrUC1dklVbCfJCW70dNoTfbMMkmE7TbKaOvjw7ZDXxUcA6dTfjdf1m4kLgeSRqNNKz89aH0huskIZS


Security filter chain: [
  DisableEncodeUrlFilter
  WebAsyncManagerIntegrationFilter
  SecurityContextHolderFilter
  HeaderWriterFilter
  CsrfFilter
  LogoutFilter
  BearerTokenAuthenticationFilter
  RequestCacheAwareFilter
  SecurityContextHolderAwareRequestFilter
  AnonymousAuthenticationFilter
  SessionManagementFilter
  ExceptionTranslationFilter
  AuthorizationFilter
]


************************************************************


2023-10-17T18:58:06.846+03:00  WARN 273770 --- [           main] c.s.c.s.client.DefaultHttpClientFactory  : Application has already created HttpClient for clientId = null, please check.
2023-10-17T18:58:06.860+03:00  WARN 273770 --- [           main] c.s.c.s.client.DefaultHttpClientFactory  : Application has already created HttpClient for clientId = null, please check.
2023-10-17T18:58:06.868+03:00  INFO 273770 --- [           main] c.s.c.s.t.v.v.JwtAudienceValidator       : The audiences that are derived from the token: [sb-clientId!t0815].
2023-10-17T18:58:06.871+03:00  INFO 273770 --- [           main] c.s.h.c.l.servlet.filter.RequestLogger   : 
]]></system-out>
  </testcase>
  <testcase name="readData_FORBIDDEN" classname="sample.spring.security.TestControllerTest" time="1.93">
    <system-out><![CDATA[2023-10-17T18:58:08.804+03:00  INFO 273770 --- [           main] Spring Security Debugger                 : 

************************************************************

Request received for GET '/method':

com.sap.hcp.cf.logging.servlet.filter.LoggingContextRequestWrapper@7ca0b05e

servletPath:
pathInfo:/method
headers: 
Authorization: Bearer eyJqa3UiOiJodHRwOi8vbG9jYWxob3N0OjM1NDczL3Rva2VuX2tleXMiLCJraWQiOiJkZWZhdWx0LWtpZCIsImFsZyI6IlJTMjU2In0.eyJhdWQiOlsic2ItY2xpZW50SWQhdDA4MTUiXSwiZXh0X2F0dHIiOnsiZW5oYW5jZXIiOiJYU1VBQSJ9LCJ6aWQiOiJ0aGUtem9uZS1pZCIsImdyYW50X3R5cGUiOiJ1cm46aWV0ZjpwYXJhbXM6b2F1dGg6Z3JhbnQtdHlwZTpqd3QtYmVhcmVyIiwiYXpwIjoic2ItY2xpZW50SWQhdDA4MTUiLCJpc3MiOiJodHRwOi8vbG9jYWxob3N0OjM1NDczIiwiZXhwIjo2OTc0MDI4MDAwLCJjaWQiOiJzYi1jbGllbnRJZCF0MDgxNSJ9.Nt5pUd_J8SXG0ujZFH6NOWuShiz0WWbwS23UO5hOzfzhzIbwxSiUll2xII8jAH_EllrhCS3TWzjSAseARmSjRkicOmMs2toFyHHR4LDJSmOpKSqQ2xn17v8W6kuYaUGQ2zMq3NDLsvyZnwhMofvNySmkCW8dxwe-ZuPqj9l0JzUrI2eglgMjqHDZWttYQvbUH2cCSzoI_7plET92BAsQM1jDiZOjV-ZHA-oP-JwoY5ehTwBydTFWXcuv0k33lAPn1Qr_R9L1i9higntARQPeMOO3AYm0iMN4nbYc9-hqgO4oBkgCeBJ-ZZf76l5m_qGIH2NnZzTF0Pzx-CoUfrHf62DGl7L-TVYsg9ow3DFv_ODqw864AJhcTqMARhjz7VyiCtpOnq5wV-aiNPCYG9YrHPLPEEOfXi3saSfnGE1vD7neC9BX5k33PwI-tFeobMfIPMaa72fCKNn0q0Fu_neXzW5iwxh0DTcznCVbUrnOnRS0z6TGiFKqbeHVUK6XFa3l


Security filter chain: [
  DisableEncodeUrlFilter
  WebAsyncManagerIntegrationFilter
  SecurityContextHolderFilter
  HeaderWriterFilter
  CsrfFilter
  LogoutFilter
  BearerTokenAuthenticationFilter
  RequestCacheAwareFilter
  SecurityContextHolderAwareRequestFilter
  AnonymousAuthenticationFilter
  SessionManagementFilter
  ExceptionTranslationFilter
  AuthorizationFilter
]


************************************************************


2023-10-17T18:58:08.807+03:00  INFO 273770 --- [           main] c.s.c.s.t.v.v.JwtAudienceValidator       : The audiences that are derived from the token: [sb-clientId!t0815].
2023-10-17T18:58:08.814+03:00  WARN 273770 --- [           main] c.sap.cloud.security.token.XsuaaToken    : origin claim not set in JWT. Cannot create unique user name. Returning null.
2023-10-17T18:58:08.815+03:00  INFO 273770 --- [           main] c.s.h.c.l.servlet.filter.RequestLogger   : 
]]></system-out>
  </testcase>
  <testcase name="readData_OK" classname="sample.spring.security.TestControllerTest" time="5.156">
    <system-out><![CDATA[2023-10-17T18:58:13.790+03:00  INFO 273770 --- [           main] Spring Security Debugger                 : 

************************************************************

Request received for GET '/method':

com.sap.hcp.cf.logging.servlet.filter.LoggingContextRequestWrapper@36ec4071

servletPath:
pathInfo:/method
headers: 
Authorization: Bearer eyJqa3UiOiJodHRwOi8vbG9jYWxob3N0OjM1NDczL3Rva2VuX2tleXMiLCJraWQiOiJkZWZhdWx0LWtpZCIsImFsZyI6IlJTMjU2In0.eyJhdWQiOlsic2ItY2xpZW50SWQhdDA4MTUiXSwiZXh0X2F0dHIiOnsiZW5oYW5jZXIiOiJYU1VBQSJ9LCJ6aWQiOiJ0aGUtem9uZS1pZCIsImdyYW50X3R5cGUiOiJ1cm46aWV0ZjpwYXJhbXM6b2F1dGg6Z3JhbnQtdHlwZTpqd3QtYmVhcmVyIiwiYXpwIjoic2ItY2xpZW50SWQhdDA4MTUiLCJzY29wZSI6WyJ4c2FwcCF0MDgxNS5SZWFkIl0sImlzcyI6Imh0dHA6Ly9sb2NhbGhvc3Q6MzU0NzMiLCJleHAiOjY5NzQwMjgwMDAsImNpZCI6InNiLWNsaWVudElkIXQwODE1In0.TH9Q-h0xtMT5kztMyVKwtTA5Pm3f5zCn_lCjOdgqTLTsaI8BEezwWjcKWTZHtFD4JkhDzjEBjyV_jKY8MFNJCiOwJgTbIuV2tpm2IkbXfd2lAJDzKZwUfs2uVdusefFizS9GBji2FXPAB-vh6PjLWrU6tyBGmw_0zLtTssBEGyxx9V1mKY9OUFOfgxH8Elgqi8lmoTwcU5rD3i0THNXFvnWZ-Ji_tBbn_LF3WxEJb_CT92ZhIWQswUuDm6A4j0TJWk6c-Wey8OgHDD2icCryBcIQDQsUmUDl7L2OwYaGVHikJVg6RpwxjMHvJkG8i6r5ADiHyjj1lI75NzQsdl71NkNLYW794JttJx30IEoLeY96wU_9szNjaTqCi_8OEVH5BGofHBSIxp3k2OnMUzSBaQWubpOb3rJa3cMLgowjwyCFn0zSTw4F0JGLtcwcLQ2U-9lIpkwp_uFnmRVcx5Gh7wzhl8DBr94-TXDOn6RF_zc84jCXvQ9Exp-wWXOTbxX4


Security filter chain: [
  DisableEncodeUrlFilter
  WebAsyncManagerIntegrationFilter
  SecurityContextHolderFilter
  HeaderWriterFilter
  CsrfFilter
  LogoutFilter
  BearerTokenAuthenticationFilter
  RequestCacheAwareFilter
  SecurityContextHolderAwareRequestFilter
  AnonymousAuthenticationFilter
  SessionManagementFilter
  ExceptionTranslationFilter
  AuthorizationFilter
]


************************************************************


2023-10-17T18:58:13.795+03:00  INFO 273770 --- [           main] c.s.c.s.t.v.v.JwtAudienceValidator       : The audiences that are derived from the token: [sb-clientId!t0815].
2023-10-17T18:58:13.806+03:00  WARN 273770 --- [           main] c.sap.cloud.security.token.XsuaaToken    : origin claim not set in JWT. Cannot create unique user name. Returning null.
2023-10-17T18:58:13.806+03:00  INFO 273770 --- [           main] c.s.h.c.l.servlet.filter.RequestLogger   : 
2023-10-17T18:58:13.833+03:00  INFO 273770 --- [           main] Spring Security Debugger                 : 

************************************************************

Request received for GET '/method':

com.sap.hcp.cf.logging.servlet.filter.LoggingContextRequestWrapper@5d8112e6

servletPath:
pathInfo:/method
headers: 
Authorization: Bearer eyJraWQiOiJkZWZhdWx0LWtpZC1pYXMiLCJhbGciOiJSUzI1NiJ9.eyJhdWQiOiJzYi1jbGllbnRJZCF0MDgxNSIsInNjaW1faWQiOiJ0aGUtdXNlci1pZCIsInVzZXJfdXVpZCI6InRoZS11c2VyLWlkIiwiYXBwX3RpZCI6InRoZS1hcHAtdGlkIiwiYXpwIjoic2ItY2xpZW50SWQhdDA4MTUiLCJpc3MiOiJodHRwOi8vbG9jYWxob3N0OjM3NTEzIiwiem9uZV91dWlkIjoidGhlLXpvbmUtaWQiLCJncm91cHMiOlsiSUFTQVVUSFpfUmVhZCJdLCJleHAiOjY5NzQwMjgwMDAsImNpZCI6InNiLWNsaWVudElkIXQwODE1In0.Lmjx-xmZb0mJHrycYklKhBjEAnc4tHXTFMj7hyu97M-JlhOzIy3lbZPirL_3fbD_0QGK9kjsqeTvMf8jCKd3o6CdZI0EjhivMG2jtnN__40YsKsOABGaC9i8o60sNt2g9Xhn1ZIM0CoJFFWx74jwSwPkt5FCR0ifkvRPXz-hImm0pGjuAQbaRYD4CNAORVeC1ozlpnP991zm0VrbE9Mb3UYLTjlJP9ai22_Mi5eJeO2BaV5qBoL_wGDdbBfCLXv-lIEVISSj2KyVK5HMMRaVPKVbsqhpQZhDuD5MQcAX3Zl2D3lZ3Ev7DL5B5OZTcUkBwk9YySkfiT7f6ZTKns0aVL1a1HvZnhO2BgAee3dCXSQ5tbIFuN5q-XHVjvf0lKdOCqRifApW0MLMParu5NQ7AtlSNZ83XCmc-K6KsqnYpnL9SMcrKtRrUC1dklVbCfJCW70dNoTfbMMkmE7TbKaOvjw7ZDXxUcA6dTfjdf1m4kLgeSRqNNKz89aH0huskIZS


Security filter chain: [
  DisableEncodeUrlFilter
  WebAsyncManagerIntegrationFilter
  SecurityContextHolderFilter
  HeaderWriterFilter
  CsrfFilter
  LogoutFilter
  BearerTokenAuthenticationFilter
  RequestCacheAwareFilter
  SecurityContextHolderAwareRequestFilter
  AnonymousAuthenticationFilter
  SessionManagementFilter
  ExceptionTranslationFilter
  AuthorizationFilter
]


************************************************************


2023-10-17T18:58:13.846+03:00  INFO 273770 --- [           main] c.s.c.s.t.v.v.JwtAudienceValidator       : The audiences that are derived from the token: [sb-clientId!t0815].
2023-10-17T18:58:13.917+03:00  INFO 273770 --- [           main] c.s.h.c.l.servlet.filter.RequestLogger   : 
]]></system-out>
  </testcase>
</testsuite>