<?xml version="1.0" encoding="UTF-8"?>
<testsuite xmlns:xsi="http://www.w3.org/2001/XMLSchema-instance" xsi:noNamespaceSchemaLocation="https://maven.apache.org/surefire/maven-surefire-plugin/xsd/surefire-test-report-3.0.xsd" version="3.0" name="sample.spring.security.junitjupiter.TestControllerIasTest" time="21.513" tests="4" errors="0" skipped="0" failures="0">
  <properties>
[...]
</properties>
  <testcase name="sayHello_compatibility" classname="sample.spring.security.junitjupiter.TestControllerIasTest" time="2.17">
    <system-out><![CDATA[18:57:18.226 [main] DEBUG org.springframework.boot.test.context.SpringBootTestContextBootstrapper - Neither @ContextConfiguration nor @ContextHierarchy found for test class [TestControllerTest]: using SpringBootContextLoader
18:57:18.230 [main] DEBUG org.springframework.test.context.support.AbstractContextLoader - Could not detect default resource locations for test class [sample.spring.security.TestControllerTest]: no resource found for suffixes {-context.xml, Context.groovy}.
18:57:18.231 [main] INFO org.springframework.test.context.support.AnnotationConfigContextLoaderUtils - Could not detect default configuration classes for test class [sample.spring.security.TestControllerTest]: TestControllerTest does not declare any static, non-private, non-final, nested classes annotated with @Configuration.
18:57:18.412 [main] DEBUG org.springframework.boot.test.context.SpringBootTestContextBootstrapper - Using ContextCustomizers for test class [TestControllerTest]: [ImportsContextCustomizer, ExcludeFilterContextCustomizer, DuplicateJsonObjectContextCustomizer, MockitoContextCustomizer, TestRestTemplateContextCustomizer, DisableObservabilityContextCustomizer, PropertyMappingContextCustomizer, Customizer]
18:57:18.715 [main] DEBUG org.springframework.context.annotation.ClassPathScanningCandidateComponentProvider - Identified candidate component class: file [/home/hagar/cloud-security-services-integration-library/samples/spring-security-hybrid-usage/target/classes/sample/spring/security/Application.class]
18:57:18.762 [main] INFO org.springframework.boot.test.context.SpringBootTestContextBootstrapper - Found @SpringBootConfiguration sample.spring.security.Application for test class sample.spring.security.TestControllerTest
18:57:19.147 [main] DEBUG org.springframework.test.context.util.TestContextSpringFactoriesUtils - Skipping candidate TestExecutionListener [org.springframework.test.context.transaction.TransactionalTestExecutionListener] due to a missing dependency. Specify custom TestExecutionListener classes or make the default TestExecutionListener classes and their required dependencies available. Offending class: [org/springframework/transaction/interceptor/TransactionAttributeSource]
18:57:19.152 [main] DEBUG org.springframework.test.context.util.TestContextSpringFactoriesUtils - Skipping candidate TestExecutionListener [org.springframework.test.context.jdbc.SqlScriptsTestExecutionListener] due to a missing dependency. Specify custom TestExecutionListener classes or make the default TestExecutionListener classes and their required dependencies available. Offending class: [org/springframework/transaction/interceptor/TransactionAttribute]
18:57:19.165 [main] DEBUG org.springframework.boot.test.context.SpringBootTestContextBootstrapper - Using TestExecutionListeners for test class [TestControllerTest]: [ServletTestExecutionListener, DirtiesContextBeforeModesTestExecutionListener, ApplicationEventsTestExecutionListener, MockitoTestExecutionListener, DependencyInjectionTestExecutionListener, DirtiesContextTestExecutionListener, EventPublishingTestExecutionListener, ResetMocksTestExecutionListener, RestDocsTestExecutionListener, MockRestServiceServerResetTestExecutionListener, MockMvcPrintOnlyOnFailureTestExecutionListener, WebDriverTestExecutionListener, MockWebServiceServerTestExecutionListener]
18:57:19.173 [main] DEBUG org.springframework.test.annotation.ProfileValueUtils - Retrieved @ProfileValueSourceConfiguration [null] for test class [sample.spring.security.TestControllerTest]
18:57:19.176 [main] DEBUG org.springframework.test.annotation.ProfileValueUtils - Retrieved ProfileValueSource type [class org.springframework.test.annotation.SystemProfileValueSource] for class [sample.spring.security.TestControllerTest]
18:57:19.179 [main] DEBUG org.springframework.test.annotation.ProfileValueUtils - Retrieved @ProfileValueSourceConfiguration [null] for test class [sample.spring.security.TestControllerTest]
18:57:19.179 [main] DEBUG org.springframework.test.annotation.ProfileValueUtils - Retrieved ProfileValueSource type [class org.springframework.test.annotation.SystemProfileValueSource] for class [sample.spring.security.TestControllerTest]
18:57:19.183 [main] DEBUG org.springframework.test.annotation.ProfileValueUtils - Retrieved @ProfileValueSourceConfiguration [null] for test class [sample.spring.security.TestControllerTest]
18:57:19.183 [main] DEBUG org.springframework.test.annotation.ProfileValueUtils - Retrieved ProfileValueSource type [class org.springframework.test.annotation.SystemProfileValueSource] for class [sample.spring.security.TestControllerTest]
18:57:19.296 [main] DEBUG org.springframework.boot.test.context.SpringBootTestContextBootstrapper - Neither @ContextConfiguration nor @ContextHierarchy found for test class [ApplicationTest]: using SpringBootContextLoader
18:57:19.299 [main] DEBUG org.springframework.test.context.support.AbstractContextLoader - Could not detect default resource locations for test class [sample.spring.security.ApplicationTest]: no resource found for suffixes {-context.xml, Context.groovy}.
18:57:19.329 [main] DEBUG org.springframework.boot.test.context.SpringBootTestContextBootstrapper - Using ContextCustomizers for test class [ApplicationTest]: [ExcludeFilterContextCustomizer, DuplicateJsonObjectContextCustomizer, MockitoContextCustomizer, TestRestTemplateContextCustomizer, DisableObservabilityContextCustomizer, PropertyMappingContextCustomizer, Customizer]
18:57:19.387 [main] DEBUG org.springframework.test.context.util.TestContextSpringFactoriesUtils - Skipping candidate TestExecutionListener [org.springframework.test.context.transaction.TransactionalTestExecutionListener] due to a missing dependency. Specify custom TestExecutionListener classes or make the default TestExecutionListener classes and their required dependencies available. Offending class: [org/springframework/transaction/interceptor/TransactionAttributeSource]
18:57:19.412 [main] DEBUG org.springframework.test.context.util.TestContextSpringFactoriesUtils - Skipping candidate TestExecutionListener [org.springframework.test.context.jdbc.SqlScriptsTestExecutionListener] due to a missing dependency. Specify custom TestExecutionListener classes or make the default TestExecutionListener classes and their required dependencies available. Offending class: [org/springframework/transaction/interceptor/TransactionAttribute]
18:57:19.416 [main] DEBUG org.springframework.boot.test.context.SpringBootTestContextBootstrapper - Using TestExecutionListeners for test class [ApplicationTest]: [ServletTestExecutionListener, DirtiesContextBeforeModesTestExecutionListener, ApplicationEventsTestExecutionListener, MockitoTestExecutionListener, DependencyInjectionTestExecutionListener, DirtiesContextTestExecutionListener, EventPublishingTestExecutionListener, ResetMocksTestExecutionListener, RestDocsTestExecutionListener, MockRestServiceServerResetTestExecutionListener, MockMvcPrintOnlyOnFailureTestExecutionListener, WebDriverTestExecutionListener, MockWebServiceServerTestExecutionListener]
18:57:19.417 [main] DEBUG org.springframework.test.annotation.ProfileValueUtils - Retrieved @ProfileValueSourceConfiguration [null] for test class [sample.spring.security.ApplicationTest]
18:57:19.419 [main] DEBUG org.springframework.test.annotation.ProfileValueUtils - Retrieved ProfileValueSource type [class org.springframework.test.annotation.SystemProfileValueSource] for class [sample.spring.security.ApplicationTest]
18:57:19.421 [main] DEBUG org.springframework.test.annotation.ProfileValueUtils - Retrieved @ProfileValueSourceConfiguration [null] for test class [sample.spring.security.ApplicationTest]
18:57:19.423 [main] DEBUG org.springframework.test.annotation.ProfileValueUtils - Retrieved ProfileValueSource type [class org.springframework.test.annotation.SystemProfileValueSource] for class [sample.spring.security.ApplicationTest]
18:57:19.423 [main] DEBUG org.springframework.test.annotation.ProfileValueUtils - Retrieved @ProfileValueSourceConfiguration [null] for test class [sample.spring.security.ApplicationTest]
18:57:19.423 [main] DEBUG org.springframework.test.annotation.ProfileValueUtils - Retrieved ProfileValueSource type [class org.springframework.test.annotation.SystemProfileValueSource] for class [sample.spring.security.ApplicationTest]
18:57:19.475 [main] DEBUG org.springframework.boot.test.context.SpringBootTestContextBootstrapper - Neither @ContextConfiguration nor @ContextHierarchy found for test class [TestControllerTest]: using SpringBootContextLoader
18:57:19.476 [main] DEBUG org.springframework.test.context.support.AbstractContextLoader - Could not detect default resource locations for test class [sample.spring.security.TestControllerTest]: no resource found for suffixes {-context.xml, Context.groovy}.
18:57:19.476 [main] INFO org.springframework.test.context.support.AnnotationConfigContextLoaderUtils - Could not detect default configuration classes for test class [sample.spring.security.TestControllerTest]: TestControllerTest does not declare any static, non-private, non-final, nested classes annotated with @Configuration.
18:57:19.511 [main] DEBUG org.springframework.boot.test.context.SpringBootTestContextBootstrapper - Using ContextCustomizers for test class [TestControllerTest]: [ImportsContextCustomizer, ExcludeFilterContextCustomizer, DuplicateJsonObjectContextCustomizer, MockitoContextCustomizer, TestRestTemplateContextCustomizer, DisableObservabilityContextCustomizer, PropertyMappingContextCustomizer, Customizer]
18:57:19.511 [main] INFO org.springframework.boot.test.context.SpringBootTestContextBootstrapper - Found @SpringBootConfiguration sample.spring.security.Application for test class sample.spring.security.TestControllerTest
18:57:19.514 [main] DEBUG org.springframework.test.context.util.TestContextSpringFactoriesUtils - Skipping candidate TestExecutionListener [org.springframework.test.context.transaction.TransactionalTestExecutionListener] due to a missing dependency. Specify custom TestExecutionListener classes or make the default TestExecutionListener classes and their required dependencies available. Offending class: [org/springframework/transaction/interceptor/TransactionAttributeSource]
18:57:19.515 [main] DEBUG org.springframework.test.context.util.TestContextSpringFactoriesUtils - Skipping candidate TestExecutionListener [org.springframework.test.context.jdbc.SqlScriptsTestExecutionListener] due to a missing dependency. Specify custom TestExecutionListener classes or make the default TestExecutionListener classes and their required dependencies available. Offending class: [org/springframework/transaction/interceptor/TransactionAttribute]
18:57:19.515 [main] DEBUG org.springframework.boot.test.context.SpringBootTestContextBootstrapper - Using TestExecutionListeners for test class [TestControllerTest]: [ServletTestExecutionListener, DirtiesContextBeforeModesTestExecutionListener, ApplicationEventsTestExecutionListener, MockitoTestExecutionListener, DependencyInjectionTestExecutionListener, DirtiesContextTestExecutionListener, EventPublishingTestExecutionListener, ResetMocksTestExecutionListener, RestDocsTestExecutionListener, MockRestServiceServerResetTestExecutionListener, MockMvcPrintOnlyOnFailureTestExecutionListener, WebDriverTestExecutionListener, MockWebServiceServerTestExecutionListener]
18:57:19.516 [main] DEBUG org.springframework.test.annotation.ProfileValueUtils - Retrieved @ProfileValueSourceConfiguration [null] for test class [sample.spring.security.TestControllerTest]
18:57:19.584 [main] DEBUG org.springframework.test.annotation.ProfileValueUtils - Retrieved ProfileValueSource type [class org.springframework.test.annotation.SystemProfileValueSource] for class [sample.spring.security.TestControllerTest]
18:57:19.590 [main] DEBUG org.springframework.test.annotation.ProfileValueUtils - Retrieved @ProfileValueSourceConfiguration [null] for test class [sample.spring.security.TestControllerTest]
18:57:19.590 [main] DEBUG org.springframework.test.annotation.ProfileValueUtils - Retrieved ProfileValueSource type [class org.springframework.test.annotation.SystemProfileValueSource] for class [sample.spring.security.TestControllerTest]
18:57:19.591 [main] DEBUG org.springframework.test.annotation.ProfileValueUtils - Retrieved @ProfileValueSourceConfiguration [null] for test class [sample.spring.security.TestControllerTest]
18:57:19.591 [main] DEBUG org.springframework.test.annotation.ProfileValueUtils - Retrieved ProfileValueSource type [class org.springframework.test.annotation.SystemProfileValueSource] for class [sample.spring.security.TestControllerTest]
18:57:19.617 [main] DEBUG org.springframework.boot.test.context.SpringBootTestContextBootstrapper - Neither @ContextConfiguration nor @ContextHierarchy found for test class [ApplicationTest]: using SpringBootContextLoader
18:57:19.642 [main] DEBUG org.springframework.test.context.support.AbstractContextLoader - Could not detect default resource locations for test class [sample.spring.security.ApplicationTest]: no resource found for suffixes {-context.xml, Context.groovy}.
18:57:19.645 [main] DEBUG org.springframework.boot.test.context.SpringBootTestContextBootstrapper - Using ContextCustomizers for test class [ApplicationTest]: [ExcludeFilterContextCustomizer, DuplicateJsonObjectContextCustomizer, MockitoContextCustomizer, TestRestTemplateContextCustomizer, DisableObservabilityContextCustomizer, PropertyMappingContextCustomizer, Customizer]
18:57:19.710 [main] DEBUG org.springframework.test.context.util.TestContextSpringFactoriesUtils - Skipping candidate TestExecutionListener [org.springframework.test.context.transaction.TransactionalTestExecutionListener] due to a missing dependency. Specify custom TestExecutionListener classes or make the default TestExecutionListener classes and their required dependencies available. Offending class: [org/springframework/transaction/interceptor/TransactionAttributeSource]
18:57:19.710 [main] DEBUG org.springframework.test.context.util.TestContextSpringFactoriesUtils - Skipping candidate TestExecutionListener [org.springframework.test.context.jdbc.SqlScriptsTestExecutionListener] due to a missing dependency. Specify custom TestExecutionListener classes or make the default TestExecutionListener classes and their required dependencies available. Offending class: [org/springframework/transaction/interceptor/TransactionAttribute]
18:57:19.711 [main] DEBUG org.springframework.boot.test.context.SpringBootTestContextBootstrapper - Using TestExecutionListeners for test class [ApplicationTest]: [ServletTestExecutionListener, DirtiesContextBeforeModesTestExecutionListener, ApplicationEventsTestExecutionListener, MockitoTestExecutionListener, DependencyInjectionTestExecutionListener, DirtiesContextTestExecutionListener, EventPublishingTestExecutionListener, ResetMocksTestExecutionListener, RestDocsTestExecutionListener, MockRestServiceServerResetTestExecutionListener, MockMvcPrintOnlyOnFailureTestExecutionListener, WebDriverTestExecutionListener, MockWebServiceServerTestExecutionListener]
18:57:19.712 [main] DEBUG org.springframework.test.annotation.ProfileValueUtils - Retrieved @ProfileValueSourceConfiguration [null] for test class [sample.spring.security.ApplicationTest]
18:57:19.712 [main] DEBUG org.springframework.test.annotation.ProfileValueUtils - Retrieved ProfileValueSource type [class org.springframework.test.annotation.SystemProfileValueSource] for class [sample.spring.security.ApplicationTest]
18:57:19.712 [main] DEBUG org.springframework.test.annotation.ProfileValueUtils - Retrieved @ProfileValueSourceConfiguration [null] for test class [sample.spring.security.ApplicationTest]
18:57:19.712 [main] DEBUG org.springframework.test.annotation.ProfileValueUtils - Retrieved ProfileValueSource type [class org.springframework.test.annotation.SystemProfileValueSource] for class [sample.spring.security.ApplicationTest]
18:57:19.713 [main] DEBUG org.springframework.test.annotation.ProfileValueUtils - Retrieved @ProfileValueSourceConfiguration [null] for test class [sample.spring.security.ApplicationTest]
18:57:19.713 [main] DEBUG org.springframework.test.annotation.ProfileValueUtils - Retrieved ProfileValueSource type [class org.springframework.test.annotation.SystemProfileValueSource] for class [sample.spring.security.ApplicationTest]
18:57:29.698 [main] DEBUG org.eclipse.jetty.util.component.ContainerLifeCycle - QueuedThreadPool[qtp943659381]@383f1975{STOPPED,8<=0<=25,i=0,r=-1,q=0}[NO_TRY] added {org.eclipse.jetty.util.thread.ThreadPoolBudget@4912d525,POJO}
18:57:29.798 [main] DEBUG org.eclipse.jetty.util.component.ContainerLifeCycle - Server@2c16fadb{STOPPED}[11.0.14,sto=0] added {QueuedThreadPool[qtp943659381]@383f1975{STOPPED,8<=0<=25,i=0,r=-1,q=0}[NO_TRY],AUTO}
18:57:29.848 [main] DEBUG org.eclipse.jetty.util.component.ContainerLifeCycle - Server@2c16fadb{STOPPED}[11.0.14,sto=0] added {AttributeContainerMap@7fab4be7{size=0},AUTO}
18:57:30.098 [main] DEBUG org.eclipse.jetty.util.component.ContainerLifeCycle - HTTP2CServerConnectionFactory@49798e84[h2c] added {HTTP2SessionContainer@6ed06f69[size=0],POJO}
18:57:30.104 [main] DEBUG org.eclipse.jetty.util.component.ContainerLifeCycle - HTTP2CServerConnectionFactory@49798e84[h2c] added {HttpConfiguration@3015db78{32768/8192,32768/32768,https://:0,[SecureRequestCustomizer@515ebef3]},POJO}
18:57:30.132 [main] DEBUG org.eclipse.jetty.util.component.ContainerLifeCycle - HttpConnectionFactory@2532b351[HTTP/1.1] added {HttpConfiguration@3015db78{32768/8192,32768/32768,https://:0,[SecureRequestCustomizer@515ebef3]},POJO}
18:57:30.183 [main] DEBUG org.eclipse.jetty.util.component.ContainerLifeCycle - NetworkTrafficServerConnector@f202d6d{null, ()}{0.0.0.0:0} added {QueuedThreadPool[qtp943659381]@383f1975{STOPPED,8<=0<=25,i=0,r=-1,q=0}[NO_TRY],AUTO}
18:57:30.184 [main] DEBUG org.eclipse.jetty.util.component.ContainerLifeCycle - NetworkTrafficServerConnector@f202d6d{null, ()}{0.0.0.0:0} added {ScheduledExecutorScheduler@2df3c564{STOPPED},AUTO}
18:57:30.252 [main] DEBUG org.eclipse.jetty.util.component.ContainerLifeCycle - Server@2c16fadb{STOPPED}[11.0.14,sto=0] added {LogarithmicArrayByteBufferPool@5a8ba37c{minBufferCapacity=0, maxBufferCapacity=65536, maxQueueLength=-1, factor=4096},POJO}
18:57:30.253 [main] DEBUG org.eclipse.jetty.util.component.ContainerLifeCycle - NetworkTrafficServerConnector@f202d6d{null, ()}{0.0.0.0:0} added {LogarithmicArrayByteBufferPool@5a8ba37c{minBufferCapacity=0, maxBufferCapacity=65536, maxQueueLength=-1, factor=4096},UNMANAGED}
18:57:30.253 [main] DEBUG org.eclipse.jetty.util.component.ContainerLifeCycle - NetworkTrafficServerConnector@f202d6d{null, ()}{0.0.0.0:0} added {org.eclipse.jetty.io.LogarithmicArrayByteBufferPool$LogarithmicRetainablePool@37c2eacb{min=0,max=65536,buckets=17,heap=0/-1,direct=0/-1},POJO}
18:57:30.274 [main] DEBUG org.eclipse.jetty.util.component.ContainerLifeCycle - NetworkTrafficServerConnector@f202d6d{null, ()}{0.0.0.0:0} added {org.eclipse.jetty.server.AbstractConnector$1@15bc339,POJO}
18:57:30.275 [main] DEBUG org.eclipse.jetty.util.component.ContainerLifeCycle - NetworkTrafficServerConnector@f202d6d{null, (http/1.1)}{0.0.0.0:0} added {HttpConnectionFactory@2532b351[HTTP/1.1],AUTO}
18:57:30.275 [main] DEBUG org.eclipse.jetty.server.AbstractConnector - NetworkTrafficServerConnector@f202d6d{HTTP/1.1, (http/1.1)}{0.0.0.0:0} added HttpConnectionFactory@2532b351[HTTP/1.1]
18:57:30.278 [main] DEBUG org.eclipse.jetty.util.component.ContainerLifeCycle - NetworkTrafficServerConnector@f202d6d{HTTP/1.1, (http/1.1, h2c)}{0.0.0.0:0} added {HTTP2CServerConnectionFactory@49798e84[h2c],AUTO}
18:57:30.279 [main] DEBUG org.eclipse.jetty.server.AbstractConnector - NetworkTrafficServerConnector@f202d6d{HTTP/1.1, (http/1.1, h2c)}{0.0.0.0:0} added HTTP2CServerConnectionFactory@49798e84[h2c]
18:57:30.291 [main] WARN org.eclipse.jetty.server.AbstractConnector - Acceptors should be <= availableProcessors: NetworkTrafficServerConnector@f202d6d{HTTP/1.1, (http/1.1, h2c)}{0.0.0.0:0} 
18:57:30.311 [main] DEBUG org.eclipse.jetty.util.component.ContainerLifeCycle - NetworkTrafficServerConnector@f202d6d{HTTP/1.1, (http/1.1, h2c)}{0.0.0.0:0} added {SelectorManager@NetworkTrafficServerConnector@f202d6d{HTTP/1.1, (http/1.1, h2c)}{0.0.0.0:0},MANAGED}
18:57:30.315 [main] DEBUG org.eclipse.jetty.util.component.ContainerLifeCycle - Server@2c16fadb{STOPPED}[11.0.14,sto=0] added {NetworkTrafficServerConnector@f202d6d{HTTP/1.1, (http/1.1, h2c)}{0.0.0.0:0},AUTO}
18:57:30.464 [main] DEBUG org.eclipse.jetty.util.component.ContainerLifeCycle - o.e.j.s.ServletContextHandler@1cb19dba{/,null,STOPPED} added {SymlinkAllowedResourceAliasChecker@6a9950f1{base=null,protected=[]},MANAGED}
18:57:30.475 [main] DEBUG org.eclipse.jetty.util.component.ContainerLifeCycle - Server@2c16fadb{STOPPED}[11.0.14,sto=0] added {o.e.j.s.ServletContextHandler@1cb19dba{/__admin,null,STOPPED},MANAGED}
18:57:30.485 [main] DEBUG org.eclipse.jetty.util.component.ContainerLifeCycle - o.e.j.s.ServletContextHandler@1cb19dba{/__admin,null,STOPPED} added {ServletHandler@597f48df{STOPPED},MANAGED}
18:57:30.503 [main] DEBUG org.eclipse.jetty.util.component.ContainerLifeCycle - ServletHandler@597f48df{STOPPED} added {org.eclipse.jetty.servlet.DefaultServlet-44de0113==org.eclipse.jetty.servlet.DefaultServlet@8986e983{jsp=null,order=-1,inst=false,async=true,src=EMBEDDED:null,STOPPED},AUTO}
18:57:30.505 [main] DEBUG org.eclipse.jetty.util.component.ContainerLifeCycle - ServletHandler@597f48df{STOPPED} added {[/swagger-ui/*]=>org.eclipse.jetty.servlet.DefaultServlet-44de0113,POJO}
18:57:30.511 [main] DEBUG org.eclipse.jetty.util.component.ContainerLifeCycle - ServletHandler@597f48df{STOPPED} added {org.eclipse.jetty.servlet.DefaultServlet-7d37f1c==org.eclipse.jetty.servlet.DefaultServlet@6e235e68{jsp=null,order=-1,inst=false,async=true,src=EMBEDDED:null,STOPPED},AUTO}
18:57:30.512 [main] DEBUG org.eclipse.jetty.util.component.ContainerLifeCycle - ServletHandler@597f48df{STOPPED} added {[/recorder/*]=>org.eclipse.jetty.servlet.DefaultServlet-7d37f1c,POJO}
18:57:30.513 [main] DEBUG org.eclipse.jetty.util.component.ContainerLifeCycle - ServletHandler@597f48df{STOPPED} added {com.github.tomakehurst.wiremock.servlet.WireMockHandlerDispatchingServlet-2c708440==com.github.tomakehurst.wiremock.servlet.WireMockHandlerDispatchingServlet@7e06d450{jsp=null,order=-1,inst=false,async=true,src=EMBEDDED:null,STOPPED},AUTO}
18:57:30.516 [main] DEBUG org.eclipse.jetty.util.component.ContainerLifeCycle - ServletHandler@597f48df{STOPPED} added {[/]=>com.github.tomakehurst.wiremock.servlet.WireMockHandlerDispatchingServlet-2c708440,POJO}
18:57:30.528 [main] DEBUG org.eclipse.jetty.util.component.ContainerLifeCycle - ServletHandler@597f48df{STOPPED} added {org.eclipse.jetty.servlets.CrossOriginFilter-1f966492==org.eclipse.jetty.servlets.CrossOriginFilter@1f966492{inst=false,async=true,src=EMBEDDED:null},AUTO}
18:57:30.541 [main] DEBUG org.eclipse.jetty.util.component.ContainerLifeCycle - ServletHandler@597f48df{STOPPED} added {[/*]/[]/[]=>org.eclipse.jetty.servlets.CrossOriginFilter-1f966492,POJO}
18:57:30.582 [main] DEBUG org.eclipse.jetty.util.component.ContainerLifeCycle - o.e.j.s.ServletContextHandler@10667848{/,null,STOPPED} added {SymlinkAllowedResourceAliasChecker@191a709b{base=null,protected=[]},MANAGED}
18:57:30.582 [main] DEBUG org.eclipse.jetty.util.component.ContainerLifeCycle - Server@2c16fadb{STOPPED}[11.0.14,sto=0] added {o.e.j.s.ServletContextHandler@10667848{/,null,STOPPED},MANAGED}
18:57:30.582 [main] DEBUG org.eclipse.jetty.util.component.ContainerLifeCycle - o.e.j.s.ServletContextHandler@10667848{/,null,STOPPED} added {ServletHandler@77c7ed8e{STOPPED},MANAGED}
18:57:30.582 [main] DEBUG org.eclipse.jetty.util.component.ContainerLifeCycle - ServletHandler@77c7ed8e{STOPPED} added {org.eclipse.jetty.servlet.DefaultServlet-453d496b==org.eclipse.jetty.servlet.DefaultServlet@6ac38722{jsp=null,order=-1,inst=false,async=true,src=EMBEDDED:null,STOPPED},AUTO}
18:57:30.583 [main] DEBUG org.eclipse.jetty.util.component.ContainerLifeCycle - ServletHandler@77c7ed8e{STOPPED} added {[/__files/*]=>org.eclipse.jetty.servlet.DefaultServlet-453d496b,POJO}
18:57:30.593 [main] DEBUG org.eclipse.jetty.util.component.ContainerLifeCycle - ServletHandler@77c7ed8e{STOPPED} added {com.github.tomakehurst.wiremock.servlet.WireMockHandlerDispatchingServlet-2116b68b==com.github.tomakehurst.wiremock.servlet.WireMockHandlerDispatchingServlet@1f39dab0{jsp=null,order=-1,inst=false,async=true,src=EMBEDDED:null,STOPPED},AUTO}
18:57:30.597 [main] DEBUG org.eclipse.jetty.util.component.ContainerLifeCycle - ServletHandler@77c7ed8e{STOPPED} added {[/]=>com.github.tomakehurst.wiremock.servlet.WireMockHandlerDispatchingServlet-2116b68b,POJO}
18:57:30.627 [main] DEBUG org.eclipse.jetty.http.PreEncodedHttpField - HttpField encoders loaded: [org.eclipse.jetty.http.Http1FieldPreEncoder@289fdb08, org.eclipse.jetty.http2.hpack.HpackFieldPreEncoder@7a231dfd]
18:57:30.749 [main] DEBUG org.eclipse.jetty.util.component.ContainerLifeCycle - o.e.j.s.ServletContextHandler@10667848{/,null,STOPPED} added {NotFoundHandler@4a8df3e2{STOPPED},MANAGED}
18:57:30.765 [main] DEBUG org.eclipse.jetty.util.component.ContainerLifeCycle - ServletHandler@77c7ed8e{STOPPED} added {com.github.tomakehurst.wiremock.servlet.ContentTypeSettingFilter-f2ce6b==com.github.tomakehurst.wiremock.servlet.ContentTypeSettingFilter@f2ce6b{inst=false,async=true,src=EMBEDDED:null},AUTO}
18:57:30.767 [main] DEBUG org.eclipse.jetty.util.component.ContainerLifeCycle - ServletHandler@77c7ed8e{STOPPED} added {[/__files/*]/[]/[]=>com.github.tomakehurst.wiremock.servlet.ContentTypeSettingFilter-f2ce6b,POJO}
18:57:30.770 [main] DEBUG org.eclipse.jetty.util.component.ContainerLifeCycle - ServletHandler@77c7ed8e{STOPPED} added {com.github.tomakehurst.wiremock.servlet.TrailingSlashFilter-1bd0b0e5==com.github.tomakehurst.wiremock.servlet.TrailingSlashFilter@1bd0b0e5{inst=false,async=true,src=EMBEDDED:null},AUTO}
18:57:30.771 [main] DEBUG org.eclipse.jetty.util.component.ContainerLifeCycle - ServletHandler@77c7ed8e{STOPPED} added {[/__files/*]/[]/[]=>com.github.tomakehurst.wiremock.servlet.TrailingSlashFilter-1bd0b0e5,POJO}
18:57:30.784 [main] DEBUG org.eclipse.jetty.util.component.ContainerLifeCycle - HandlerCollection@76c548f{STOPPED} added {o.e.j.s.ServletContextHandler@1cb19dba{/__admin,null,STOPPED},AUTO}
18:57:30.785 [main] DEBUG org.eclipse.jetty.util.component.ContainerLifeCycle - HandlerCollection@76c548f{STOPPED} added {AbstractHandler@26722665{STOPPED},AUTO}
18:57:30.831 [main] DEBUG org.eclipse.jetty.http.pathmap.ServletPathSpec - Creating ServletPathSpec[*.svgz] (group: SUFFIX_GLOB, prefix: "null", suffix: "svgz")
18:57:30.831 [main] DEBUG org.eclipse.jetty.http.pathmap.PathMappings - Added MappedResource[pathSpec=ServletPathSpec@9727ded2{*.svgz},resource=true] to PathMappings[size=1]
18:57:30.832 [main] DEBUG org.eclipse.jetty.server.handler.gzip.GzipHandler - GzipHandler@35fb22a9{STOPPED,min=32,inflate=-1} mime types IncludeExclude@6c8909c3{i=[],ip=CONTAINS,e=[image/ief, image/vnd.wap.wbmp, image/jpeg, application/bzip2, image/x-portable-graymap, application/brotli, image/bmp, image/gif, image/x-icon, image/apng, audio/midi, image/webp, video/x-msvideo, image/x-xbitmap, application/x-rar-compressed, text/event-stream, image/avif, image/x-portable-bitmap, image/x-rgb, image/x-cmu-raster, application/gzip, audio/x-wav, audio/x-pn-realaudio, audio/basic, application/compress, audio/x-aiff, video/x.ms.asx, video/x.ms.asf, image/png, video/vnd.rn-realvideo, image/x-xwindowdump, image/jpeg2000, video/x-sgi-movie, audio/mpeg, image/xcf, video/mpeg, image/x-portable-pixmap, image/tiff, image/x-portable-anymap, image/x-xpixmap, application/zip, video/quicktime, application/x-xz, video/mp4],ep=CONTAINS}
18:57:30.848 [main] DEBUG org.eclipse.jetty.util.component.ContainerLifeCycle - GzipHandler@35fb22a9{STOPPED,min=32,inflate=-1} added {o.e.j.s.ServletContextHandler@10667848{/,null,STOPPED},MANAGED}
18:57:30.848 [main] DEBUG org.eclipse.jetty.util.component.ContainerLifeCycle - HandlerCollection@76c548f{STOPPED} added {GzipHandler@35fb22a9{STOPPED,min=32,inflate=-1},AUTO}
18:57:30.855 [main] DEBUG org.eclipse.jetty.util.component.ContainerLifeCycle - Server@2c16fadb{STOPPED}[11.0.14,sto=0] added {HandlerCollection@76c548f{STOPPED},MANAGED}
18:57:31.070 [main] DEBUG org.springframework.boot.test.context.SpringBootTestContextBootstrapper - Neither @ContextConfiguration nor @ContextHierarchy found for test class [TestControllerIasTest]: using SpringBootContextLoader
18:57:31.071 [main] DEBUG org.springframework.test.context.support.AbstractContextLoader - Could not detect default resource locations for test class [sample.spring.security.junitjupiter.TestControllerIasTest]: no resource found for suffixes {-context.xml, Context.groovy}.
18:57:31.071 [main] INFO org.springframework.test.context.support.AnnotationConfigContextLoaderUtils - Could not detect default configuration classes for test class [sample.spring.security.junitjupiter.TestControllerIasTest]: TestControllerIasTest does not declare any static, non-private, non-final, nested classes annotated with @Configuration.
18:57:31.103 [main] DEBUG org.springframework.boot.test.context.SpringBootTestContextBootstrapper - Using ContextCustomizers for test class [TestControllerIasTest]: [ImportsContextCustomizer, ExcludeFilterContextCustomizer, DuplicateJsonObjectContextCustomizer, MockitoContextCustomizer, TestRestTemplateContextCustomizer, DisableObservabilityContextCustomizer, PropertyMappingContextCustomizer, Customizer]
18:57:31.177 [main] DEBUG org.springframework.context.annotation.ClassPathScanningCandidateComponentProvider - Identified candidate component class: file [/home/hagar/cloud-security-services-integration-library/samples/spring-security-hybrid-usage/target/classes/sample/spring/security/Application.class]
18:57:31.193 [main] INFO org.springframework.boot.test.context.SpringBootTestContextBootstrapper - Found @SpringBootConfiguration sample.spring.security.Application for test class sample.spring.security.junitjupiter.TestControllerIasTest
18:57:31.201 [main] DEBUG org.springframework.test.context.util.TestContextSpringFactoriesUtils - Skipping candidate TestExecutionListener [org.springframework.test.context.transaction.TransactionalTestExecutionListener] due to a missing dependency. Specify custom TestExecutionListener classes or make the default TestExecutionListener classes and their required dependencies available. Offending class: [org/springframework/transaction/interceptor/TransactionAttributeSource]
18:57:31.201 [main] DEBUG org.springframework.test.context.util.TestContextSpringFactoriesUtils - Skipping candidate TestExecutionListener [org.springframework.test.context.jdbc.SqlScriptsTestExecutionListener] due to a missing dependency. Specify custom TestExecutionListener classes or make the default TestExecutionListener classes and their required dependencies available. Offending class: [org/springframework/transaction/interceptor/TransactionAttribute]
18:57:31.244 [main] DEBUG org.springframework.boot.test.context.SpringBootTestContextBootstrapper - Using TestExecutionListeners for test class [TestControllerIasTest]: [ServletTestExecutionListener, DirtiesContextBeforeModesTestExecutionListener, ApplicationEventsTestExecutionListener, MockitoTestExecutionListener, DependencyInjectionTestExecutionListener, DirtiesContextTestExecutionListener, EventPublishingTestExecutionListener, ResetMocksTestExecutionListener, RestDocsTestExecutionListener, MockRestServiceServerResetTestExecutionListener, MockMvcPrintOnlyOnFailureTestExecutionListener, WebDriverTestExecutionListener, MockWebServiceServerTestExecutionListener]
18:57:31.246 [main] DEBUG org.springframework.test.context.support.AbstractDirtiesContextTestExecutionListener - Before test class: class [TestControllerIasTest], class annotated with @DirtiesContext [false] with mode [null]
18:57:31.975 [main] DEBUG org.eclipse.jetty.util.component.AbstractLifeCycle - STARTING Server@2c16fadb{STOPPED}[11.0.14,sto=1000]
18:57:31.976 [main] DEBUG org.eclipse.jetty.util.component.ContainerLifeCycle - Server@2c16fadb{STARTING}[11.0.14,sto=1000] added {ErrorHandler@65d57e4e{STOPPED},AUTO}
18:57:31.977 [main] INFO org.eclipse.jetty.server.Server - jetty-11.0.14; built: 2023-02-22T23:41:48.575Z; git: 4601fe8dd805ce75b69c64466c115a162586641b; jvm 20.0.2+9-78
18:57:32.007 [main] DEBUG org.eclipse.jetty.util.component.ContainerLifeCycle - NetworkTrafficServerConnector@f202d6d{HTTP/1.1, (http/1.1, h2c)}{0.0.0.0:35999} added {sun.nio.ch.ServerSocketChannelImpl[/[0:0:0:0:0:0:0:0]:35999],POJO}
18:57:32.010 [main] DEBUG org.eclipse.jetty.server.handler.AbstractHandler - starting Server@2c16fadb{STARTING}[11.0.14,sto=1000]
18:57:32.011 [main] DEBUG org.eclipse.jetty.util.component.AbstractLifeCycle - STARTING QueuedThreadPool[qtp943659381]@383f1975{STOPPED,8<=0<=25,i=0,r=-1,q=0}[NO_TRY]
18:57:32.018 [main] DEBUG org.eclipse.jetty.util.thread.ReservedThreadExecutor - ReservedThreadExecutor@4e08acf9{reserved=0/2,pending=0}
18:57:32.018 [main] DEBUG org.eclipse.jetty.util.component.ContainerLifeCycle - QueuedThreadPool[qtp943659381]@383f1975{STARTING,8<=0<=25,i=0,r=-1,q=0}[ReservedThreadExecutor@4e08acf9{reserved=0/2,pending=0}] added {ReservedThreadExecutor@4e08acf9{reserved=0/2,pending=0},AUTO}
18:57:32.019 [main] DEBUG org.eclipse.jetty.util.component.AbstractLifeCycle - STARTING ReservedThreadExecutor@4e08acf9{reserved=0/2,pending=0}
18:57:32.028 [main] DEBUG org.eclipse.jetty.util.component.AbstractLifeCycle - STARTED @16678ms ReservedThreadExecutor@4e08acf9{reserved=0/2,pending=0}
18:57:32.043 [main] DEBUG org.eclipse.jetty.util.thread.QueuedThreadPool - Starting Thread[#23,qtp943659381-23,5,main]
18:57:32.049 [main] DEBUG org.eclipse.jetty.util.thread.QueuedThreadPool - Starting Thread[#24,qtp943659381-24,5,main]
18:57:32.051 [qtp943659381-23] DEBUG org.eclipse.jetty.util.thread.QueuedThreadPool - Runner started for QueuedThreadPool[qtp943659381]@383f1975{STARTING,8<=2<=25,i=2,r=-1,q=0}[ReservedThreadExecutor@4e08acf9{reserved=0/2,pending=0}]
18:57:32.075 [main] DEBUG org.eclipse.jetty.util.thread.QueuedThreadPool - Starting Thread[#25,qtp943659381-25,5,main]
18:57:32.076 [qtp943659381-24] DEBUG org.eclipse.jetty.util.thread.QueuedThreadPool - Runner started for QueuedThreadPool[qtp943659381]@383f1975{STARTING,8<=3<=25,i=3,r=-1,q=0}[ReservedThreadExecutor@4e08acf9{reserved=0/2,pending=0}]
18:57:32.093 [main] DEBUG org.eclipse.jetty.util.thread.QueuedThreadPool - Starting Thread[#26,qtp943659381-26,5,main]
18:57:32.094 [qtp943659381-25] DEBUG org.eclipse.jetty.util.thread.QueuedThreadPool - Runner started for QueuedThreadPool[qtp943659381]@383f1975{STARTING,8<=4<=25,i=4,r=-1,q=0}[ReservedThreadExecutor@4e08acf9{reserved=0/2,pending=0}]
18:57:32.099 [main] DEBUG org.eclipse.jetty.util.thread.QueuedThreadPool - Starting Thread[#27,qtp943659381-27,5,main]
18:57:32.102 [qtp943659381-26] DEBUG org.eclipse.jetty.util.thread.QueuedThreadPool - Runner started for QueuedThreadPool[qtp943659381]@383f1975{STARTING,8<=5<=25,i=5,r=-1,q=0}[ReservedThreadExecutor@4e08acf9{reserved=0/2,pending=0}]
18:57:32.107 [main] DEBUG org.eclipse.jetty.util.thread.QueuedThreadPool - Starting Thread[#28,qtp943659381-28,5,main]
18:57:32.109 [qtp943659381-27] DEBUG org.eclipse.jetty.util.thread.QueuedThreadPool - Runner started for QueuedThreadPool[qtp943659381]@383f1975{STARTING,8<=6<=25,i=6,r=-1,q=0}[ReservedThreadExecutor@4e08acf9{reserved=0/2,pending=0}]
18:57:32.113 [main] DEBUG org.eclipse.jetty.util.thread.QueuedThreadPool - Starting Thread[#29,qtp943659381-29,5,main]
18:57:32.114 [qtp943659381-28] DEBUG org.eclipse.jetty.util.thread.QueuedThreadPool - Runner started for QueuedThreadPool[qtp943659381]@383f1975{STARTING,8<=7<=25,i=7,r=-1,q=0}[ReservedThreadExecutor@4e08acf9{reserved=0/2,pending=0}]
18:57:32.125 [main] DEBUG org.eclipse.jetty.util.thread.QueuedThreadPool - Starting Thread[#30,qtp943659381-30,5,main]
18:57:32.126 [qtp943659381-29] DEBUG org.eclipse.jetty.util.thread.QueuedThreadPool - Runner started for QueuedThreadPool[qtp943659381]@383f1975{STARTING,8<=8<=25,i=8,r=-1,q=0}[ReservedThreadExecutor@4e08acf9{reserved=0/2,pending=0}]
18:57:32.136 [main] DEBUG org.eclipse.jetty.util.component.AbstractLifeCycle - STARTED @16786ms QueuedThreadPool[qtp943659381]@383f1975{STARTED,8<=8<=25,i=8,r=-1,q=0}[ReservedThreadExecutor@4e08acf9{reserved=0/2,pending=0}]
18:57:32.136 [main] DEBUG org.eclipse.jetty.util.component.AbstractLifeCycle - STARTING AttributeContainerMap@7fab4be7{size=0}
18:57:32.136 [main] DEBUG org.eclipse.jetty.util.component.AbstractLifeCycle - STARTED @16786ms AttributeContainerMap@7fab4be7{size=0}
18:57:32.136 [main] DEBUG org.eclipse.jetty.util.component.AbstractLifeCycle - STARTING HandlerCollection@76c548f{STOPPED}
18:57:32.136 [main] DEBUG org.eclipse.jetty.server.handler.AbstractHandler - starting HandlerCollection@76c548f{STARTING}
18:57:32.136 [main] DEBUG org.eclipse.jetty.util.component.AbstractLifeCycle - STARTING o.e.j.s.ServletContextHandler@1cb19dba{/__admin,null,STOPPED}
18:57:32.138 [main] DEBUG org.eclipse.jetty.util.DecoratedObjectFactory - Adding Decorator: org.eclipse.jetty.util.DeprecationWarning@62e93c3a
18:57:32.140 [main] DEBUG org.eclipse.jetty.server.handler.AbstractHandler - starting o.e.j.s.ServletContextHandler@1cb19dba{/__admin,null,STARTING}
18:57:32.140 [main] DEBUG org.eclipse.jetty.util.component.AbstractLifeCycle - STARTING SymlinkAllowedResourceAliasChecker@6a9950f1{base=null,protected=[]}
18:57:32.140 [main] DEBUG org.eclipse.jetty.util.component.ContainerLifeCycle - o.e.j.s.ServletContextHandler@1cb19dba{/__admin,null,STARTING} added {org.eclipse.jetty.server.AllowedResourceAliasChecker$AllowedResourceAliasCheckListener@20cece0b,POJO}
18:57:32.141 [main] DEBUG org.eclipse.jetty.util.component.AbstractLifeCycle - STARTED @16791ms SymlinkAllowedResourceAliasChecker@6a9950f1{base=null,protected=[]}
18:57:32.141 [main] DEBUG org.eclipse.jetty.util.component.AbstractLifeCycle - STARTING ServletHandler@597f48df{STOPPED}
18:57:32.145 [qtp943659381-30] DEBUG org.eclipse.jetty.util.thread.QueuedThreadPool - Runner started for QueuedThreadPool[qtp943659381]@383f1975{STARTED,8<=8<=25,i=8,r=-1,q=0}[ReservedThreadExecutor@4e08acf9{reserved=0/2,pending=0}]
18:57:32.151 [main] DEBUG org.eclipse.jetty.servlet.ServletHandler - Path=/recorder/*[EMBEDDED:null] mapped to servlet=org.eclipse.jetty.servlet.DefaultServlet-7d37f1c[EMBEDDED:null]
18:57:32.153 [main] DEBUG org.eclipse.jetty.http.pathmap.ServletPathSpec - Creating ServletPathSpec[/recorder/*] (group: PREFIX_GLOB, prefix: "/recorder", suffix: "null")
18:57:32.184 [main] DEBUG org.eclipse.jetty.http.pathmap.PathMappings - Added MappedResource[pathSpec=ServletPathSpec@4ccddc4a{/recorder/*},resource=MappedServlet6724cdec{/recorder/*->org.eclipse.jetty.servlet.DefaultServlet-7d37f1c==org.eclipse.jetty.servlet.DefaultServlet@6e235e68{jsp=null,order=-1,inst=false,async=true,src=EMBEDDED:null,STOPPED}}] to PathMappings[size=1]
18:57:32.192 [main] DEBUG org.eclipse.jetty.servlet.ServletHandler - Path=/[EMBEDDED:null] mapped to servlet=com.github.tomakehurst.wiremock.servlet.WireMockHandlerDispatchingServlet-2c708440[EMBEDDED:null]
18:57:32.195 [main] DEBUG org.eclipse.jetty.http.pathmap.PathMappings - Added MappedResource[pathSpec=ServletPathSpec@9457dcb7{/},resource=MappedServlet6944e53e{/->com.github.tomakehurst.wiremock.servlet.WireMockHandlerDispatchingServlet-2c708440==com.github.tomakehurst.wiremock.servlet.WireMockHandlerDispatchingServlet@7e06d450{jsp=null,order=-1,inst=false,async=true,src=EMBEDDED:null,STOPPED}}] to PathMappings[size=2]
18:57:32.196 [main] DEBUG org.eclipse.jetty.servlet.ServletHandler - Path=/swagger-ui/*[EMBEDDED:null] mapped to servlet=org.eclipse.jetty.servlet.DefaultServlet-44de0113[EMBEDDED:null]
18:57:32.196 [main] DEBUG org.eclipse.jetty.http.pathmap.ServletPathSpec - Creating ServletPathSpec[/swagger-ui/*] (group: PREFIX_GLOB, prefix: "/swagger-ui", suffix: "null")
18:57:32.196 [main] DEBUG org.eclipse.jetty.http.pathmap.PathMappings - Added MappedResource[pathSpec=ServletPathSpec@fe042bf3{/swagger-ui/*},resource=MappedServlet52e04737{/swagger-ui/*->org.eclipse.jetty.servlet.DefaultServlet-44de0113==org.eclipse.jetty.servlet.DefaultServlet@8986e983{jsp=null,order=-1,inst=false,async=false,src=EMBEDDED:null,STOPPED}}] to PathMappings[size=3]
18:57:32.209 [main] DEBUG org.eclipse.jetty.servlet.ServletHandler - filterNameMap={org.eclipse.jetty.servlets.CrossOriginFilter-1f966492=org.eclipse.jetty.servlets.CrossOriginFilter-1f966492==org.eclipse.jetty.servlets.CrossOriginFilter@1f966492{inst=false,async=true,src=EMBEDDED:null}} pathFilters=[[/*]/[]/[REQUEST]=>org.eclipse.jetty.servlets.CrossOriginFilter-1f966492] servletFilterMap={} servletPathMap=PathMappings[size=3] servletNameMap={org.eclipse.jetty.servlet.DefaultServlet-44de0113=MappedServlet1a4d1ab7{null->org.eclipse.jetty.servlet.DefaultServlet-44de0113==org.eclipse.jetty.servlet.DefaultServlet@8986e983{jsp=null,order=-1,inst=false,async=false,src=EMBEDDED:null,STOPPED}}, com.github.tomakehurst.wiremock.servlet.WireMockHandlerDispatchingServlet-2c708440=MappedServlet546e61d5{null->com.github.tomakehurst.wiremock.servlet.WireMockHandlerDispatchingServlet-2c708440==com.github.tomakehurst.wiremock.servlet.WireMockHandlerDispatchingServlet@7e06d450{jsp=null,order=-1,inst=false,async=true,src=EMBEDDED:null,STOPPED}}, org.eclipse.jetty.servlet.DefaultServlet-7d37f1c=MappedServlet4674d90{null->org.eclipse.jetty.servlet.DefaultServlet-7d37f1c==org.eclipse.jetty.servlet.DefaultServlet@6e235e68{jsp=null,order=-1,inst=false,async=true,src=EMBEDDED:null,STOPPED}}}
18:57:32.218 [main] DEBUG org.eclipse.jetty.server.handler.AbstractHandler - starting ServletHandler@597f48df{STARTING}
18:57:32.222 [main] DEBUG org.eclipse.jetty.util.component.AbstractLifeCycle - STARTED @16872ms ServletHandler@597f48df{STARTED}
18:57:32.223 [main] DEBUG org.eclipse.jetty.util.component.AbstractLifeCycle - STARTING org.eclipse.jetty.servlets.CrossOriginFilter-1f966492==org.eclipse.jetty.servlets.CrossOriginFilter@1f966492{inst=false,async=true,src=EMBEDDED:null}
18:57:32.223 [main] DEBUG org.eclipse.jetty.util.component.AbstractLifeCycle - STARTED @16873ms org.eclipse.jetty.servlets.CrossOriginFilter-1f966492==org.eclipse.jetty.servlets.CrossOriginFilter@1f966492{inst=false,async=true,src=EMBEDDED:null}
18:57:32.224 [main] DEBUG org.eclipse.jetty.servlet.FilterHolder - Filter.init org.eclipse.jetty.servlets.CrossOriginFilter@71904469
18:57:32.273 [main] DEBUG org.eclipse.jetty.servlets.CrossOriginFilter - Cross-origin filter configuration: allowedOrigins = *, allowedTimingOrigins = null, allowedMethods = OPTIONS,GET,POST,PUT,PATCH,DELETE, allowedHeaders = *, preflightMaxAge = 1800, allowCredentials = true,exposedHeaders = ,chainPreflight = false
18:57:32.278 [main] DEBUG org.eclipse.jetty.util.component.AbstractLifeCycle - STARTING com.github.tomakehurst.wiremock.servlet.WireMockHandlerDispatchingServlet-2c708440==com.github.tomakehurst.wiremock.servlet.WireMockHandlerDispatchingServlet@7e06d450{jsp=null,order=-1,inst=false,async=true,src=EMBEDDED:null,STOPPED}
18:57:32.283 [main] DEBUG org.eclipse.jetty.util.component.AbstractLifeCycle - STARTED @16934ms com.github.tomakehurst.wiremock.servlet.WireMockHandlerDispatchingServlet-2c708440==com.github.tomakehurst.wiremock.servlet.WireMockHandlerDispatchingServlet@7e06d450{jsp=null,order=-1,inst=false,async=true,src=EMBEDDED:null,STARTED}
18:57:32.286 [main] DEBUG org.eclipse.jetty.util.component.AbstractLifeCycle - STARTING org.eclipse.jetty.servlet.DefaultServlet-44de0113==org.eclipse.jetty.servlet.DefaultServlet@8986e983{jsp=null,order=-1,inst=false,async=false,src=EMBEDDED:null,STOPPED}
18:57:32.287 [main] DEBUG org.eclipse.jetty.util.component.AbstractLifeCycle - STARTED @16938ms org.eclipse.jetty.servlet.DefaultServlet-44de0113==org.eclipse.jetty.servlet.DefaultServlet@8986e983{jsp=null,order=-1,inst=false,async=false,src=EMBEDDED:null,STARTED}
18:57:32.288 [main] DEBUG org.eclipse.jetty.util.component.AbstractLifeCycle - STARTING org.eclipse.jetty.servlet.DefaultServlet-7d37f1c==org.eclipse.jetty.servlet.DefaultServlet@6e235e68{jsp=null,order=-1,inst=false,async=true,src=EMBEDDED:null,STOPPED}
18:57:32.288 [main] DEBUG org.eclipse.jetty.util.component.AbstractLifeCycle - STARTED @16938ms org.eclipse.jetty.servlet.DefaultServlet-7d37f1c==org.eclipse.jetty.servlet.DefaultServlet@6e235e68{jsp=null,order=-1,inst=false,async=true,src=EMBEDDED:null,STARTED}
18:57:32.288 [main] INFO org.eclipse.jetty.server.handler.ContextHandler - Started o.e.j.s.ServletContextHandler@1cb19dba{/__admin,null,AVAILABLE}
18:57:32.288 [main] DEBUG org.eclipse.jetty.util.component.AbstractLifeCycle - STARTED @16939ms o.e.j.s.ServletContextHandler@1cb19dba{/__admin,null,AVAILABLE}
18:57:32.288 [main] DEBUG org.eclipse.jetty.util.component.AbstractLifeCycle - STARTING AbstractHandler@26722665{STOPPED}
18:57:32.288 [main] DEBUG org.eclipse.jetty.server.handler.AbstractHandler - starting AbstractHandler@26722665{STARTING}
18:57:32.289 [main] DEBUG org.eclipse.jetty.util.component.AbstractLifeCycle - STARTED @16939ms AbstractHandler@26722665{STARTED}
18:57:32.289 [main] DEBUG org.eclipse.jetty.util.component.AbstractLifeCycle - STARTING GzipHandler@35fb22a9{STOPPED,min=32,inflate=-1}
18:57:32.304 [main] DEBUG org.eclipse.jetty.util.component.AbstractLifeCycle - STARTING InflaterPool@3374b5bc{STOPPED,size=-1,capacity=25}
18:57:32.305 [main] DEBUG org.eclipse.jetty.util.component.ContainerLifeCycle - InflaterPool@3374b5bc{STARTING,size=0,capacity=25} added {Pool@2af69643[inUse=0,size=0,max=25,closed=false],POJO}
18:57:32.322 [main] DEBUG org.eclipse.jetty.util.component.AbstractLifeCycle - STARTED @16973ms InflaterPool@3374b5bc{STARTED,size=0,capacity=25}
18:57:32.323 [main] DEBUG org.eclipse.jetty.util.component.ContainerLifeCycle - Server@2c16fadb{STARTING}[11.0.14,sto=1000] added {InflaterPool@3374b5bc{STARTED,size=0,capacity=25},MANAGED}
18:57:32.323 [main] DEBUG org.eclipse.jetty.util.component.ContainerLifeCycle - GzipHandler@35fb22a9{STARTING,min=32,inflate=-1} added {InflaterPool@3374b5bc{STARTED,size=0,capacity=25},UNMANAGED}
18:57:32.323 [main] DEBUG org.eclipse.jetty.util.component.AbstractLifeCycle - STARTING DeflaterPool@660f0c{STOPPED,size=-1,capacity=25}
18:57:32.331 [main] DEBUG org.eclipse.jetty.util.component.ContainerLifeCycle - DeflaterPool@660f0c{STARTING,size=0,capacity=25} added {Pool@7a0ef219[inUse=0,size=0,max=25,closed=false],POJO}
18:57:32.331 [main] DEBUG org.eclipse.jetty.util.component.AbstractLifeCycle - STARTED @16981ms DeflaterPool@660f0c{STARTED,size=0,capacity=25}
18:57:32.331 [main] DEBUG org.eclipse.jetty.util.component.ContainerLifeCycle - Server@2c16fadb{STARTING}[11.0.14,sto=1000] added {DeflaterPool@660f0c{STARTED,size=0,capacity=25},MANAGED}
18:57:32.331 [main] DEBUG org.eclipse.jetty.util.component.ContainerLifeCycle - GzipHandler@35fb22a9{STARTING,min=32,inflate=-1} added {DeflaterPool@660f0c{STARTED,size=0,capacity=25},UNMANAGED}
18:57:32.337 [main] DEBUG org.eclipse.jetty.server.handler.AbstractHandler - starting GzipHandler@35fb22a9{STARTING,min=32,inflate=-1}
18:57:32.337 [main] DEBUG org.eclipse.jetty.util.component.AbstractLifeCycle - STARTING o.e.j.s.ServletContextHandler@10667848{/,null,STOPPED}
18:57:32.337 [main] DEBUG org.eclipse.jetty.util.DecoratedObjectFactory - Adding Decorator: org.eclipse.jetty.util.DeprecationWarning@1b1f5012
18:57:32.346 [main] DEBUG org.eclipse.jetty.server.handler.AbstractHandler - starting o.e.j.s.ServletContextHandler@10667848{/,null,STARTING}
18:57:32.347 [main] DEBUG org.eclipse.jetty.util.component.AbstractLifeCycle - STARTING SymlinkAllowedResourceAliasChecker@191a709b{base=null,protected=[]}
18:57:32.347 [main] DEBUG org.eclipse.jetty.util.component.ContainerLifeCycle - o.e.j.s.ServletContextHandler@10667848{/,null,STARTING} added {org.eclipse.jetty.server.AllowedResourceAliasChecker$AllowedResourceAliasCheckListener@7add323c,POJO}
18:57:32.347 [main] DEBUG org.eclipse.jetty.util.component.AbstractLifeCycle - STARTED @16997ms SymlinkAllowedResourceAliasChecker@191a709b{base=null,protected=[]}
18:57:32.354 [main] DEBUG org.eclipse.jetty.util.component.AbstractLifeCycle - STARTING ServletHandler@77c7ed8e{STOPPED}
18:57:32.354 [main] DEBUG org.eclipse.jetty.servlet.ServletHandler - Path=/__files/*[EMBEDDED:null] mapped to servlet=org.eclipse.jetty.servlet.DefaultServlet-453d496b[EMBEDDED:null]
18:57:32.356 [main] DEBUG org.eclipse.jetty.http.pathmap.ServletPathSpec - Creating ServletPathSpec[/__files/*] (group: PREFIX_GLOB, prefix: "/__files", suffix: "null")
18:57:32.356 [main] DEBUG org.eclipse.jetty.http.pathmap.PathMappings - Added MappedResource[pathSpec=ServletPathSpec@6b2fe10e{/__files/*},resource=MappedServlet4a734c04{/__files/*->org.eclipse.jetty.servlet.DefaultServlet-453d496b==org.eclipse.jetty.servlet.DefaultServlet@6ac38722{jsp=null,order=-1,inst=false,async=true,src=EMBEDDED:null,STOPPED}}] to PathMappings[size=1]
18:57:32.356 [main] DEBUG org.eclipse.jetty.servlet.ServletHandler - Path=/[EMBEDDED:null] mapped to servlet=com.github.tomakehurst.wiremock.servlet.WireMockHandlerDispatchingServlet-2116b68b[EMBEDDED:null]
18:57:32.363 [main] DEBUG org.eclipse.jetty.http.pathmap.PathMappings - Added MappedResource[pathSpec=ServletPathSpec@9457dcb7{/},resource=MappedServlet4760f169{/->com.github.tomakehurst.wiremock.servlet.WireMockHandlerDispatchingServlet-2116b68b==com.github.tomakehurst.wiremock.servlet.WireMockHandlerDispatchingServlet@1f39dab0{jsp=null,order=1,inst=false,async=true,src=EMBEDDED:null,STOPPED}}] to PathMappings[size=2]
18:57:32.366 [main] DEBUG org.eclipse.jetty.servlet.ServletHandler - filterNameMap={com.github.tomakehurst.wiremock.servlet.ContentTypeSettingFilter-f2ce6b=com.github.tomakehurst.wiremock.servlet.ContentTypeSettingFilter-f2ce6b==com.github.tomakehurst.wiremock.servlet.ContentTypeSettingFilter@f2ce6b{inst=false,async=true,src=EMBEDDED:null}, com.github.tomakehurst.wiremock.servlet.TrailingSlashFilter-1bd0b0e5=com.github.tomakehurst.wiremock.servlet.TrailingSlashFilter-1bd0b0e5==com.github.tomakehurst.wiremock.servlet.TrailingSlashFilter@1bd0b0e5{inst=false,async=true,src=EMBEDDED:null}} pathFilters=[[/__files/*]/[]/[ERROR, ASYNC, FORWARD, REQUEST, INCLUDE]=>com.github.tomakehurst.wiremock.servlet.TrailingSlashFilter-1bd0b0e5, [/__files/*]/[]/[FORWARD]=>com.github.tomakehurst.wiremock.servlet.ContentTypeSettingFilter-f2ce6b] servletFilterMap={} servletPathMap=PathMappings[size=2] servletNameMap={org.eclipse.jetty.servlet.DefaultServlet-453d496b=MappedServlet76563d26{null->org.eclipse.jetty.servlet.DefaultServlet-453d496b==org.eclipse.jetty.servlet.DefaultServlet@6ac38722{jsp=null,order=-1,inst=false,async=true,src=EMBEDDED:null,STOPPED}}, com.github.tomakehurst.wiremock.servlet.WireMockHandlerDispatchingServlet-2116b68b=MappedServlet4ac86d6a{null->com.github.tomakehurst.wiremock.servlet.WireMockHandlerDispatchingServlet-2116b68b==com.github.tomakehurst.wiremock.servlet.WireMockHandlerDispatchingServlet@1f39dab0{jsp=null,order=1,inst=false,async=true,src=EMBEDDED:null,STOPPED}}}
18:57:32.366 [main] DEBUG org.eclipse.jetty.server.handler.AbstractHandler - starting ServletHandler@77c7ed8e{STARTING}
18:57:32.369 [main] DEBUG org.eclipse.jetty.util.component.AbstractLifeCycle - STARTED @17019ms ServletHandler@77c7ed8e{STARTED}
18:57:32.369 [main] DEBUG org.eclipse.jetty.util.component.AbstractLifeCycle - STARTING NotFoundHandler@4a8df3e2{STOPPED}
18:57:32.369 [main] DEBUG org.eclipse.jetty.server.handler.AbstractHandler - starting NotFoundHandler@4a8df3e2{STARTING}
18:57:32.369 [main] DEBUG org.eclipse.jetty.util.component.AbstractLifeCycle - STARTED @17020ms NotFoundHandler@4a8df3e2{STARTED}
18:57:32.373 [main] DEBUG org.eclipse.jetty.util.component.AbstractLifeCycle - STARTING com.github.tomakehurst.wiremock.servlet.ContentTypeSettingFilter-f2ce6b==com.github.tomakehurst.wiremock.servlet.ContentTypeSettingFilter@f2ce6b{inst=false,async=true,src=EMBEDDED:null}
18:57:32.373 [main] DEBUG org.eclipse.jetty.util.component.AbstractLifeCycle - STARTED @17024ms com.github.tomakehurst.wiremock.servlet.ContentTypeSettingFilter-f2ce6b==com.github.tomakehurst.wiremock.servlet.ContentTypeSettingFilter@f2ce6b{inst=false,async=true,src=EMBEDDED:null}
18:57:32.374 [main] DEBUG org.eclipse.jetty.servlet.FilterHolder - Filter.init com.github.tomakehurst.wiremock.servlet.ContentTypeSettingFilter@508a65bf
18:57:32.374 [main] DEBUG org.eclipse.jetty.util.component.AbstractLifeCycle - STARTING com.github.tomakehurst.wiremock.servlet.TrailingSlashFilter-1bd0b0e5==com.github.tomakehurst.wiremock.servlet.TrailingSlashFilter@1bd0b0e5{inst=false,async=true,src=EMBEDDED:null}
18:57:32.377 [main] DEBUG org.eclipse.jetty.util.component.AbstractLifeCycle - STARTED @17027ms com.github.tomakehurst.wiremock.servlet.TrailingSlashFilter-1bd0b0e5==com.github.tomakehurst.wiremock.servlet.TrailingSlashFilter@1bd0b0e5{inst=false,async=true,src=EMBEDDED:null}
18:57:32.385 [main] DEBUG org.eclipse.jetty.servlet.FilterHolder - Filter.init com.github.tomakehurst.wiremock.servlet.TrailingSlashFilter@1e58512c
18:57:32.385 [main] DEBUG org.eclipse.jetty.util.component.AbstractLifeCycle - STARTING org.eclipse.jetty.servlet.DefaultServlet-453d496b==org.eclipse.jetty.servlet.DefaultServlet@6ac38722{jsp=null,order=-1,inst=false,async=true,src=EMBEDDED:null,STOPPED}
18:57:32.385 [main] DEBUG org.eclipse.jetty.util.component.AbstractLifeCycle - STARTED @17035ms org.eclipse.jetty.servlet.DefaultServlet-453d496b==org.eclipse.jetty.servlet.DefaultServlet@6ac38722{jsp=null,order=-1,inst=false,async=true,src=EMBEDDED:null,STARTED}
18:57:32.385 [main] DEBUG org.eclipse.jetty.util.component.AbstractLifeCycle - STARTING com.github.tomakehurst.wiremock.servlet.WireMockHandlerDispatchingServlet-2116b68b==com.github.tomakehurst.wiremock.servlet.WireMockHandlerDispatchingServlet@1f39dab0{jsp=null,order=1,inst=false,async=true,src=EMBEDDED:null,STOPPED}
18:57:32.393 [main] DEBUG org.eclipse.jetty.util.component.AbstractLifeCycle - STARTED @17036ms com.github.tomakehurst.wiremock.servlet.WireMockHandlerDispatchingServlet-2116b68b==com.github.tomakehurst.wiremock.servlet.WireMockHandlerDispatchingServlet@1f39dab0{jsp=null,order=1,inst=false,async=true,src=EMBEDDED:null,STARTED}
18:57:32.489 [main] DEBUG org.eclipse.jetty.servlet.ServletHolder - Servlet.init null for com.github.tomakehurst.wiremock.servlet.WireMockHandlerDispatchingServlet-2116b68b
18:57:32.490 [main] INFO org.eclipse.jetty.server.handler.ContextHandler.ROOT - RequestHandlerClass from context returned com.github.tomakehurst.wiremock.http.StubRequestHandler. Normalized mapped under returned 'null'
18:57:32.490 [main] INFO org.eclipse.jetty.server.handler.ContextHandler - Started o.e.j.s.ServletContextHandler@10667848{/,null,AVAILABLE}
18:57:32.490 [main] DEBUG org.eclipse.jetty.util.component.AbstractLifeCycle - STARTED @17141ms o.e.j.s.ServletContextHandler@10667848{/,null,AVAILABLE}
18:57:32.490 [main] DEBUG org.eclipse.jetty.util.component.AbstractLifeCycle - STARTED @17141ms GzipHandler@35fb22a9{STARTED,min=32,inflate=-1}
18:57:32.491 [main] DEBUG org.eclipse.jetty.util.component.AbstractLifeCycle - STARTED @17141ms HandlerCollection@76c548f{STARTED}
18:57:32.491 [main] DEBUG org.eclipse.jetty.util.component.AbstractLifeCycle - STARTING ErrorHandler@65d57e4e{STOPPED}
18:57:32.491 [main] DEBUG org.eclipse.jetty.server.handler.AbstractHandler - starting ErrorHandler@65d57e4e{STARTING}
18:57:32.491 [main] DEBUG org.eclipse.jetty.util.component.AbstractLifeCycle - STARTED @17141ms ErrorHandler@65d57e4e{STARTED}
18:57:32.491 [main] DEBUG org.eclipse.jetty.util.component.AbstractLifeCycle - STARTING NetworkTrafficServerConnector@f202d6d{HTTP/1.1, (http/1.1, h2c)}{0.0.0.0:35999}
18:57:32.501 [main] DEBUG org.eclipse.jetty.util.component.AbstractLifeCycle - STARTING ScheduledExecutorScheduler@2df3c564{STOPPED}
18:57:32.502 [main] DEBUG org.eclipse.jetty.util.component.AbstractLifeCycle - STARTED @17152ms ScheduledExecutorScheduler@2df3c564{STARTED}
18:57:32.502 [main] DEBUG org.eclipse.jetty.util.component.AbstractLifeCycle - STARTING HttpConnectionFactory@2532b351[HTTP/1.1]
18:57:32.502 [main] DEBUG org.eclipse.jetty.util.component.AbstractLifeCycle - STARTED @17152ms HttpConnectionFactory@2532b351[HTTP/1.1]
18:57:32.502 [main] DEBUG org.eclipse.jetty.util.component.AbstractLifeCycle - STARTING HTTP2CServerConnectionFactory@49798e84[h2c]
18:57:32.502 [main] DEBUG org.eclipse.jetty.util.component.AbstractLifeCycle - STARTED @17152ms HTTP2CServerConnectionFactory@49798e84[h2c]
18:57:32.502 [main] DEBUG org.eclipse.jetty.util.component.AbstractLifeCycle - STARTING SelectorManager@NetworkTrafficServerConnector@f202d6d{HTTP/1.1, (http/1.1, h2c)}{0.0.0.0:35999}
18:57:32.524 [main] DEBUG org.eclipse.jetty.util.component.ContainerLifeCycle - AdaptiveExecutionStrategy@e84fb85/SelectorProducer@68a4dcc6/IDLE/p=false/QueuedThreadPool[qtp943659381]@383f1975{STARTED,8<=8<=25,i=8,r=-1,q=0}[ReservedThreadExecutor@4e08acf9{reserved=0/2,pending=0}][pc=0,pic=0,pec=0,epc=0]@2023-10-17T18:57:32.524369882+03:00 added {SelectorProducer@68a4dcc6,POJO}
18:57:32.524 [main] DEBUG org.eclipse.jetty.util.component.ContainerLifeCycle - AdaptiveExecutionStrategy@e84fb85/SelectorProducer@68a4dcc6/IDLE/p=false/QueuedThreadPool[qtp943659381]@383f1975{STARTED,8<=8<=25,i=8,r=-1,q=0}[ReservedThreadExecutor@4e08acf9{reserved=0/2,pending=0}][pc=0,pic=0,pec=0,epc=0]@2023-10-17T18:57:32.538069103+03:00 added {QueuedThreadPool[qtp943659381]@383f1975{STARTED,8<=8<=25,i=8,r=-1,q=0}[ReservedThreadExecutor@4e08acf9{reserved=0/2,pending=0}],UNMANAGED}
18:57:32.538 [main] DEBUG org.eclipse.jetty.util.thread.strategy.AdaptiveExecutionStrategy - AdaptiveExecutionStrategy@e84fb85/SelectorProducer@68a4dcc6/IDLE/p=false/QueuedThreadPool[qtp943659381]@383f1975{STARTED,8<=8<=25,i=8,r=-1,q=0}[ReservedThreadExecutor@4e08acf9{reserved=0/2,pending=0}][pc=0,pic=0,pec=0,epc=0]@2023-10-17T18:57:32.54008291+03:00 created
18:57:32.540 [main] DEBUG org.eclipse.jetty.util.component.ContainerLifeCycle - ManagedSelector@646c0a67{STOPPED} id=0 keys=-1 selected=-1 updates=0 added {AdaptiveExecutionStrategy@e84fb85/SelectorProducer@68a4dcc6/IDLE/p=false/QueuedThreadPool[qtp943659381]@383f1975{STARTED,8<=8<=25,i=8,r=-1,q=0}[ReservedThreadExecutor@4e08acf9{reserved=0/2,pending=0}][pc=0,pic=0,pec=0,epc=0]@2023-10-17T18:57:32.540428106+03:00,MANAGED}
18:57:32.541 [main] DEBUG org.eclipse.jetty.util.component.ContainerLifeCycle - SelectorManager@NetworkTrafficServerConnector@f202d6d{HTTP/1.1, (http/1.1, h2c)}{0.0.0.0:35999} added {ManagedSelector@646c0a67{STOPPED} id=0 keys=-1 selected=-1 updates=0,AUTO}
18:57:32.541 [main] DEBUG org.eclipse.jetty.util.component.ContainerLifeCycle - AdaptiveExecutionStrategy@3804a9a8/SelectorProducer@117525fe/IDLE/p=false/QueuedThreadPool[qtp943659381]@383f1975{STARTED,8<=8<=25,i=8,r=-1,q=0}[ReservedThreadExecutor@4e08acf9{reserved=0/2,pending=0}][pc=0,pic=0,pec=0,epc=0]@2023-10-17T18:57:32.544779341+03:00 added {SelectorProducer@117525fe,POJO}
18:57:32.544 [main] DEBUG org.eclipse.jetty.util.component.ContainerLifeCycle - AdaptiveExecutionStrategy@3804a9a8/SelectorProducer@117525fe/IDLE/p=false/QueuedThreadPool[qtp943659381]@383f1975{STARTED,8<=8<=25,i=8,r=-1,q=0}[ReservedThreadExecutor@4e08acf9{reserved=0/2,pending=0}][pc=0,pic=0,pec=0,epc=0]@2023-10-17T18:57:32.546766862+03:00 added {QueuedThreadPool[qtp943659381]@383f1975{STARTED,8<=8<=25,i=8,r=-1,q=0}[ReservedThreadExecutor@4e08acf9{reserved=0/2,pending=0}],UNMANAGED}
18:57:32.547 [main] DEBUG org.eclipse.jetty.util.thread.strategy.AdaptiveExecutionStrategy - AdaptiveExecutionStrategy@3804a9a8/SelectorProducer@117525fe/IDLE/p=false/QueuedThreadPool[qtp943659381]@383f1975{STARTED,8<=8<=25,i=8,r=-1,q=0}[ReservedThreadExecutor@4e08acf9{reserved=0/2,pending=0}][pc=0,pic=0,pec=0,epc=0]@2023-10-17T18:57:32.547319994+03:00 created
18:57:32.547 [main] DEBUG org.eclipse.jetty.util.component.ContainerLifeCycle - ManagedSelector@5f7989fa{STOPPED} id=1 keys=-1 selected=-1 updates=0 added {AdaptiveExecutionStrategy@3804a9a8/SelectorProducer@117525fe/IDLE/p=false/QueuedThreadPool[qtp943659381]@383f1975{STARTED,8<=8<=25,i=8,r=-1,q=0}[ReservedThreadExecutor@4e08acf9{reserved=0/2,pending=0}][pc=0,pic=0,pec=0,epc=0]@2023-10-17T18:57:32.553632829+03:00,MANAGED}
18:57:32.555 [main] DEBUG org.eclipse.jetty.util.component.ContainerLifeCycle - SelectorManager@NetworkTrafficServerConnector@f202d6d{HTTP/1.1, (http/1.1, h2c)}{0.0.0.0:35999} added {ManagedSelector@5f7989fa{STOPPED} id=1 keys=-1 selected=-1 updates=0,AUTO}
18:57:32.555 [main] DEBUG org.eclipse.jetty.util.component.AbstractLifeCycle - STARTING ManagedSelector@646c0a67{STOPPED} id=0 keys=-1 selected=-1 updates=0
18:57:32.555 [main] DEBUG org.eclipse.jetty.util.component.AbstractLifeCycle - STARTING AdaptiveExecutionStrategy@e84fb85/SelectorProducer@68a4dcc6/IDLE/p=false/QueuedThreadPool[qtp943659381]@383f1975{STARTED,8<=8<=25,i=8,r=-1,q=0}[ReservedThreadExecutor@4e08acf9{reserved=0/2,pending=0}][pc=0,pic=0,pec=0,epc=0]@2023-10-17T18:57:32.557538405+03:00
18:57:32.562 [main] DEBUG org.eclipse.jetty.util.component.AbstractLifeCycle - STARTED @17213ms AdaptiveExecutionStrategy@e84fb85/SelectorProducer@68a4dcc6/IDLE/p=false/QueuedThreadPool[qtp943659381]@383f1975{STARTED,8<=8<=25,i=8,r=-1,q=0}[ReservedThreadExecutor@4e08acf9{reserved=0/2,pending=0}][pc=0,pic=0,pec=0,epc=0]@2023-10-17T18:57:32.562792212+03:00
18:57:32.583 [qtp943659381-23] DEBUG org.eclipse.jetty.util.thread.QueuedThreadPool - run org.eclipse.jetty.io.ManagedSelector$$Lambda$636/0x00007fe734322400@47213c8a in QueuedThreadPool[qtp943659381]@383f1975{STARTED,8<=8<=25,i=7,r=-1,q=0}[ReservedThreadExecutor@4e08acf9{reserved=0/2,pending=0}]
18:57:32.584 [qtp943659381-23] DEBUG org.eclipse.jetty.util.thread.strategy.AdaptiveExecutionStrategy - AdaptiveExecutionStrategy@e84fb85/SelectorProducer@68a4dcc6/IDLE/p=false/QueuedThreadPool[qtp943659381]@383f1975{STARTED,8<=8<=25,i=7,r=-1,q=0}[ReservedThreadExecutor@4e08acf9{reserved=0/2,pending=0}][pc=0,pic=0,pec=0,epc=0]@2023-10-17T18:57:32.58418281+03:00 tryProduce false
18:57:32.586 [qtp943659381-23] DEBUG org.eclipse.jetty.io.ManagedSelector - updateable 0
18:57:32.586 [qtp943659381-23] DEBUG org.eclipse.jetty.io.ManagedSelector - updates 0
18:57:32.586 [qtp943659381-23] DEBUG org.eclipse.jetty.io.ManagedSelector - Selector sun.nio.ch.EPollSelectorImpl@6bbdf002 waiting with 0 keys
18:57:32.593 [main] DEBUG org.eclipse.jetty.util.thread.QueuedThreadPool - queue org.eclipse.jetty.io.ManagedSelector$$Lambda$636/0x00007fe734322400@47213c8a startThread=0
18:57:32.601 [main] DEBUG org.eclipse.jetty.io.ManagedSelector - Queued change lazy=false org.eclipse.jetty.io.ManagedSelector$Start@561b61ed on ManagedSelector@646c0a67{STARTING} id=0 keys=0 selected=0 updates=0
18:57:32.614 [main] DEBUG org.eclipse.jetty.io.ManagedSelector - Wakeup on submit ManagedSelector@646c0a67{STARTING} id=0 keys=0 selected=0 updates=1
18:57:32.617 [qtp943659381-23] DEBUG org.eclipse.jetty.io.ManagedSelector - Selector sun.nio.ch.EPollSelectorImpl@6bbdf002 woken with none selected
18:57:32.617 [qtp943659381-23] DEBUG org.eclipse.jetty.io.ManagedSelector - Selector sun.nio.ch.EPollSelectorImpl@6bbdf002 woken up from select, 0/0/0 selected
18:57:32.617 [qtp943659381-23] DEBUG org.eclipse.jetty.io.ManagedSelector - Selector sun.nio.ch.EPollSelectorImpl@6bbdf002 processing 0 keys, 1 updates
18:57:32.617 [qtp943659381-23] DEBUG org.eclipse.jetty.io.ManagedSelector - updateable 1
18:57:32.617 [qtp943659381-23] DEBUG org.eclipse.jetty.io.ManagedSelector - update org.eclipse.jetty.io.ManagedSelector$Start@561b61ed
18:57:32.618 [qtp943659381-23] DEBUG org.eclipse.jetty.io.ManagedSelector - updates 0
18:57:32.618 [qtp943659381-23] DEBUG org.eclipse.jetty.io.ManagedSelector - Selector sun.nio.ch.EPollSelectorImpl@6bbdf002 waiting with 0 keys
18:57:32.618 [main] DEBUG org.eclipse.jetty.util.component.AbstractLifeCycle - STARTED @17268ms ManagedSelector@646c0a67{STARTED} id=0 keys=0 selected=0 updates=0
18:57:32.618 [main] DEBUG org.eclipse.jetty.util.component.AbstractLifeCycle - STARTING ManagedSelector@5f7989fa{STOPPED} id=1 keys=-1 selected=-1 updates=0
18:57:32.618 [main] DEBUG org.eclipse.jetty.util.component.AbstractLifeCycle - STARTING AdaptiveExecutionStrategy@3804a9a8/SelectorProducer@117525fe/IDLE/p=false/QueuedThreadPool[qtp943659381]@383f1975{STARTED,8<=8<=25,i=7,r=-1,q=0}[ReservedThreadExecutor@4e08acf9{reserved=0/2,pending=0}][pc=0,pic=0,pec=0,epc=0]@2023-10-17T18:57:32.618672527+03:00
18:57:32.618 [main] DEBUG org.eclipse.jetty.util.component.AbstractLifeCycle - STARTED @17269ms AdaptiveExecutionStrategy@3804a9a8/SelectorProducer@117525fe/IDLE/p=false/QueuedThreadPool[qtp943659381]@383f1975{STARTED,8<=8<=25,i=7,r=-1,q=0}[ReservedThreadExecutor@4e08acf9{reserved=0/2,pending=0}][pc=0,pic=0,pec=0,epc=0]@2023-10-17T18:57:32.618880472+03:00
18:57:32.619 [qtp943659381-24] DEBUG org.eclipse.jetty.util.thread.QueuedThreadPool - run org.eclipse.jetty.io.ManagedSelector$$Lambda$636/0x00007fe734322400@24d0f263 in QueuedThreadPool[qtp943659381]@383f1975{STARTED,8<=8<=25,i=6,r=-1,q=0}[ReservedThreadExecutor@4e08acf9{reserved=0/2,pending=0}]
18:57:32.619 [qtp943659381-24] DEBUG org.eclipse.jetty.util.thread.strategy.AdaptiveExecutionStrategy - AdaptiveExecutionStrategy@3804a9a8/SelectorProducer@117525fe/IDLE/p=false/QueuedThreadPool[qtp943659381]@383f1975{STARTED,8<=8<=25,i=6,r=-1,q=0}[ReservedThreadExecutor@4e08acf9{reserved=0/2,pending=0}][pc=0,pic=0,pec=0,epc=0]@2023-10-17T18:57:32.619344227+03:00 tryProduce false
18:57:32.619 [qtp943659381-24] DEBUG org.eclipse.jetty.io.ManagedSelector - updateable 0
18:57:32.619 [qtp943659381-24] DEBUG org.eclipse.jetty.io.ManagedSelector - updates 0
18:57:32.619 [qtp943659381-24] DEBUG org.eclipse.jetty.io.ManagedSelector - Selector sun.nio.ch.EPollSelectorImpl@2a171889 waiting with 0 keys
18:57:32.622 [main] DEBUG org.eclipse.jetty.util.thread.QueuedThreadPool - queue org.eclipse.jetty.io.ManagedSelector$$Lambda$636/0x00007fe734322400@24d0f263 startThread=0
18:57:32.622 [main] DEBUG org.eclipse.jetty.io.ManagedSelector - Queued change lazy=false org.eclipse.jetty.io.ManagedSelector$Start@654c7d2d on ManagedSelector@5f7989fa{STARTING} id=1 keys=0 selected=0 updates=0
18:57:32.623 [main] DEBUG org.eclipse.jetty.io.ManagedSelector - Wakeup on submit ManagedSelector@5f7989fa{STARTING} id=1 keys=0 selected=0 updates=1
18:57:32.667 [qtp943659381-24] DEBUG org.eclipse.jetty.io.ManagedSelector - Selector sun.nio.ch.EPollSelectorImpl@2a171889 woken with none selected
18:57:32.667 [qtp943659381-24] DEBUG org.eclipse.jetty.io.ManagedSelector - Selector sun.nio.ch.EPollSelectorImpl@2a171889 woken up from select, 0/0/0 selected
18:57:32.667 [qtp943659381-24] DEBUG org.eclipse.jetty.io.ManagedSelector - Selector sun.nio.ch.EPollSelectorImpl@2a171889 processing 0 keys, 1 updates
18:57:32.667 [qtp943659381-24] DEBUG org.eclipse.jetty.io.ManagedSelector - updateable 1
18:57:32.667 [qtp943659381-24] DEBUG org.eclipse.jetty.io.ManagedSelector - update org.eclipse.jetty.io.ManagedSelector$Start@654c7d2d
18:57:32.667 [qtp943659381-24] DEBUG org.eclipse.jetty.io.ManagedSelector - updates 0
18:57:32.667 [qtp943659381-24] DEBUG org.eclipse.jetty.io.ManagedSelector - Selector sun.nio.ch.EPollSelectorImpl@2a171889 waiting with 0 keys
18:57:32.668 [main] DEBUG org.eclipse.jetty.util.component.AbstractLifeCycle - STARTED @17318ms ManagedSelector@5f7989fa{STARTED} id=1 keys=0 selected=0 updates=0
18:57:32.668 [main] DEBUG org.eclipse.jetty.util.component.AbstractLifeCycle - STARTED @17318ms SelectorManager@NetworkTrafficServerConnector@f202d6d{HTTP/1.1, (http/1.1, h2c)}{0.0.0.0:35999}
18:57:32.680 [main] DEBUG org.eclipse.jetty.util.component.ContainerLifeCycle - NetworkTrafficServerConnector@f202d6d{HTTP/1.1, (http/1.1, h2c)}{0.0.0.0:35999} added {acceptor-0@1e7ab390,POJO}
18:57:32.681 [qtp943659381-25] DEBUG org.eclipse.jetty.util.thread.QueuedThreadPool - run acceptor-0@1e7ab390 in QueuedThreadPool[qtp943659381]@383f1975{STARTED,8<=8<=25,i=5,r=-1,q=0}[ReservedThreadExecutor@4e08acf9{reserved=0/2,pending=0}]
18:57:32.683 [main] DEBUG org.eclipse.jetty.util.thread.QueuedThreadPool - queue qtp943659381-25-acceptor-0@1e7ab390-NetworkTrafficServerConnector@f202d6d{HTTP/1.1, (http/1.1, h2c)}{0.0.0.0:35999} startThread=0
18:57:32.683 [main] DEBUG org.eclipse.jetty.util.component.ContainerLifeCycle - NetworkTrafficServerConnector@f202d6d{HTTP/1.1, (http/1.1, h2c)}{0.0.0.0:35999} added {acceptor-1@625d9132,POJO}
18:57:32.684 [qtp943659381-26] DEBUG org.eclipse.jetty.util.thread.QueuedThreadPool - run acceptor-1@625d9132 in QueuedThreadPool[qtp943659381]@383f1975{STARTED,8<=8<=25,i=4,r=-1,q=0}[ReservedThreadExecutor@4e08acf9{reserved=0/2,pending=0}]
18:57:32.684 [main] DEBUG org.eclipse.jetty.util.thread.QueuedThreadPool - queue qtp943659381-26-acceptor-1@625d9132-NetworkTrafficServerConnector@f202d6d{HTTP/1.1, (http/1.1, h2c)}{0.0.0.0:35999} startThread=0
18:57:32.685 [main] DEBUG org.eclipse.jetty.util.component.ContainerLifeCycle - NetworkTrafficServerConnector@f202d6d{HTTP/1.1, (http/1.1, h2c)}{0.0.0.0:35999} added {acceptor-2@77774571,POJO}
18:57:32.685 [qtp943659381-27] DEBUG org.eclipse.jetty.util.thread.QueuedThreadPool - run acceptor-2@77774571 in QueuedThreadPool[qtp943659381]@383f1975{STARTED,8<=8<=25,i=3,r=-1,q=0}[ReservedThreadExecutor@4e08acf9{reserved=0/2,pending=0}]
18:57:32.717 [main] DEBUG org.eclipse.jetty.util.thread.QueuedThreadPool - queue qtp943659381-27-acceptor-2@77774571-NetworkTrafficServerConnector@f202d6d{HTTP/1.1, (http/1.1, h2c)}{0.0.0.0:35999} startThread=0
18:57:32.717 [main] INFO org.eclipse.jetty.server.AbstractConnector - Started NetworkTrafficServerConnector@f202d6d{HTTP/1.1, (http/1.1, h2c)}{0.0.0.0:35999}
18:57:32.720 [main] DEBUG org.eclipse.jetty.util.component.AbstractLifeCycle - STARTED @17370ms NetworkTrafficServerConnector@f202d6d{HTTP/1.1, (http/1.1, h2c)}{0.0.0.0:35999}
18:57:32.720 [main] INFO org.eclipse.jetty.server.Server - Started Server@2c16fadb{STARTING}[11.0.14,sto=1000] @17370ms
18:57:32.720 [main] DEBUG org.eclipse.jetty.util.component.AbstractLifeCycle - STARTED @17371ms Server@2c16fadb{STARTED}[11.0.14,sto=1000]
18:57:32.731 [main] DEBUG com.sap.cloud.security.xsuaa.client.XsuaaDefaultEndpoints - Xsuaa default service endpoint: base url = http://localhost:35999, (cert url = null)

  .   ____          _            __ _ _
 /\\ / ___'_ __ _ _(_)_ __  __ _ \ \ \ \
( ( )\___ | '_ | '_| | '_ \/ _` | \ \ \ \
 \\/  ___)| |_)| | | | | || (_| |  ) ) ) )
  '  |____| .__|_| |_|_| |_\__, | / / / /
 =========|_|==============|___/=/_/_/_/
 :: Spring Boot ::                (v3.0.4)

2023-10-17T18:57:35.602+03:00  INFO 273770 --- [           main] s.s.s.j.TestControllerIasTest            : Starting TestControllerIasTest using Java 20.0.2 with PID 273770 (started by hagar in /home/hagar/cloud-security-services-integration-library/samples/spring-security-hybrid-usage)
2023-10-17T18:57:35.604+03:00  INFO 273770 --- [           main] s.s.s.j.TestControllerIasTest            : The following 1 profile is active: "multixsuaa"
2023-10-17T18:57:41.456+03:00  INFO 273770 --- [           main] c.s.c.s.t.v.v.JwtAudienceValidator       : configured JwtAudienceValidator with clientId sb-clientId!t0815.
2023-10-17T18:57:41.458+03:00  INFO 273770 --- [           main] c.s.c.s.t.v.v.JwtAudienceValidator       : configured JwtAudienceValidator with clientId xsapp!t0815.
2023-10-17T18:57:41.473+03:00  INFO 273770 --- [           main] c.s.c.s.t.v.v.JwtAudienceValidator       : configured JwtAudienceValidator with clientId sb-clientId!t04711.
2023-10-17T18:57:41.475+03:00  INFO 273770 --- [           main] c.s.c.s.t.v.v.JwtAudienceValidator       : configured JwtAudienceValidator with clientId sb-clientId!t0815.
2023-10-17T18:57:41.567+03:00  INFO 273770 --- [           main] o.s.s.web.DefaultSecurityFilterChain     : Will secure any request with [org.springframework.security.web.session.DisableEncodeUrlFilter@79d49790, org.springframework.security.web.context.request.async.WebAsyncManagerIntegrationFilter@13dc6649, org.springframework.security.web.context.SecurityContextHolderFilter@51b51641, org.springframework.security.web.header.HeaderWriterFilter@252c6cdb, org.springframework.security.web.csrf.CsrfFilter@485c84d7, org.springframework.security.web.authentication.logout.LogoutFilter@4f7bb8df, org.springframework.security.oauth2.server.resource.web.authentication.BearerTokenAuthenticationFilter@6f6c8d45, org.springframework.security.web.savedrequest.RequestCacheAwareFilter@53b7bf01, org.springframework.security.web.servletapi.SecurityContextHolderAwareRequestFilter@139089a4, org.springframework.security.web.authentication.AnonymousAuthenticationFilter@1851c7d2, org.springframework.security.web.session.SessionManagementFilter@100eeedc, org.springframework.security.web.access.ExceptionTranslationFilter@277bc3a5, org.springframework.security.web.access.intercept.AuthorizationFilter@26f75d9c]
2023-10-17T18:57:41.587+03:00  WARN 273770 --- [           main] o.s.s.c.a.web.builders.WebSecurity       : 

********************************************************************
**********        Security debugging is enabled.       *************
**********    This may include sensitive information.  *************
**********      Do not use in a production system!     *************
********************************************************************


2023-10-17T18:57:42.192+03:00  INFO 273770 --- [           main] c.s.c.s.t.v.v.JwtAudienceValidator       : configured JwtAudienceValidator with clientId sb-clientId!t0815.
2023-10-17T18:57:42.192+03:00  INFO 273770 --- [           main] c.s.c.s.t.v.v.JwtAudienceValidator       : configured JwtAudienceValidator with clientId xsapp!t0815.
2023-10-17T18:57:42.192+03:00  INFO 273770 --- [           main] c.s.c.s.t.v.v.JwtAudienceValidator       : configured JwtAudienceValidator with clientId sb-clientId!t0815.
2023-10-17T18:57:42.200+03:00  INFO 273770 --- [           main] kenFlowAutoConfiguration$$SpringCGLIB$$0 : If the performance for the token validation is degrading provide your own well configured HttpClientFactory implementation
2023-10-17T18:57:42.205+03:00  INFO 273770 --- [           main] c.s.c.security.client.HttpClientFactory  : loaded HttpClientFactory service providers: [com.sap.cloud.security.client.DefaultHttpClientFactory@3a80c534]
2023-10-17T18:57:42.485+03:00  INFO 273770 --- [           main] o.s.b.t.m.w.SpringBootMockServletContext : Initializing Spring TestDispatcherServlet ''
2023-10-17T18:57:42.485+03:00  INFO 273770 --- [           main] o.s.t.web.servlet.TestDispatcherServlet  : Initializing Servlet ''
2023-10-17T18:57:42.487+03:00  INFO 273770 --- [           main] o.s.t.web.servlet.TestDispatcherServlet  : Completed initialization in 1 ms
2023-10-17T18:57:42.541+03:00  INFO 273770 --- [           main] s.s.s.j.TestControllerIasTest            : Started TestControllerIasTest in 9.0 seconds (process running for 27.191)
2023-10-17T18:57:44.081+03:00  INFO 273770 --- [           main] com.sap.cloud.security.token.Token       : loaded TokenFactory service providers: [com.sap.cloud.security.servlet.HybridTokenFactory@6f4029e9]
2023-10-17T18:57:44.157+03:00  INFO 273770 --- [           main] c.s.h.c.l.s.dynlog.DynLogEnvironment     : The header key used to retrieve the dynamic log level token has been set to the default value: SAP-LOG-LEVEL
2023-10-17T18:57:44.159+03:00  INFO 273770 --- [           main] c.s.h.c.l.s.dynlog.PublicKeyReader       : DYN_LOG_LEVEL_KEY not found in environment
2023-10-17T18:57:44.175+03:00  INFO 273770 --- [           main] Spring Security Debugger                 : 

************************************************************

Request received for GET '/comp/sayHello':

com.sap.hcp.cf.logging.servlet.filter.LoggingContextRequestWrapper@28888124

servletPath:
pathInfo:/comp/sayHello
headers: 
Authorization: Bearer eyJraWQiOiJkZWZhdWx0LWtpZC1pYXMiLCJhbGciOiJSUzI1NiJ9.eyJhdWQiOiJzYi1jbGllbnRJZCF0MDgxNSIsInNjaW1faWQiOiJ0aGUtdXNlci1pZCIsInVzZXJfdXVpZCI6InRoZS11c2VyLWlkIiwiYXBwX3RpZCI6InRoZS1hcHAtdGlkIiwiYXpwIjoic2ItY2xpZW50SWQhdDA4MTUiLCJpc3MiOiJodHRwOi8vbG9jYWxob3N0OjM1OTk5Iiwiem9uZV91dWlkIjoidGhlLXpvbmUtaWQiLCJncm91cHMiOlsiSUFTQVVUSFpfUmVhZCJdLCJleHAiOjY5NzQwMjgwMDAsImNpZCI6InNiLWNsaWVudElkIXQwODE1In0.WboTZ0rSlCfllYuWg6JsKS610yVFWX01hwOFxEA3vsP1hdbWlq8j75Pe7ezoF3ynsoJmHWrJZlDRH0Mt5Bt28jqP27M-KpKWmtZLnvNT4KCNhS0FrE414vFy-IUI0YSy7faJa73klWrGNOqylOh-xfIGhk7Vx2DoiYEhE1lP1JFetB80R4lD3bxh6GETZCCCR_7NO7WfTuHkVaKM5OytR9PzMqeDonFJq1tWxr5rRvx2DmGqulBSqCSHJplfH12UqUB2dxRv5FMmTI8qyYwT8OLxtLYRdpMI6a5BTQj_mvAcU1T1RAEg4vVqaaxZZdJEQJyP2gdpqKai6bZ6BcxT2zH1u8VgqkW0M3AGIoajdvrucFDUYSdg1y-KvE0tlsTXGF92meIN0xcpunK7sQxzt_6zGgQhZI86EXSemcNmvWRREWf6RYHmEHq81PYoSVQmlwnq20sWDwXQ5jBQ-flzw3bPQq8ixVm7_PL7rV9wMm4pRsnAgIkp_9X-hCy5E3FC


Security filter chain: [
  DisableEncodeUrlFilter
  WebAsyncManagerIntegrationFilter
  SecurityContextHolderFilter
  HeaderWriterFilter
  CsrfFilter
  LogoutFilter
  BearerTokenAuthenticationFilter
  RequestCacheAwareFilter
  SecurityContextHolderAwareRequestFilter
  AnonymousAuthenticationFilter
  SessionManagementFilter
  ExceptionTranslationFilter
  AuthorizationFilter
]


************************************************************


2023-10-17T18:57:44.614+03:00  WARN 273770 --- [           main] c.s.c.s.client.DefaultHttpClientFactory  : Application has already created HttpClient for clientId = null, please check.
2023-10-17T18:57:44.630+03:00  INFO 273770 --- [           main] c.s.c.s.t.v.v.JwtAudienceValidator       : The audiences that are derived from the token: [sb-clientId!t0815].
2023-10-17T18:57:44.683+03:00  INFO 273770 --- [           main] c.s.h.c.l.servlet.filter.RequestLogger   : 
]]></system-out>
  </testcase>
  <testcase name="sayHello" classname="sample.spring.security.junitjupiter.TestControllerIasTest" time="1.307">
    <system-out><![CDATA[2023-10-17T18:57:45.989+03:00  INFO 273770 --- [           main] Spring Security Debugger                 : 

************************************************************

Request received for GET '/sayHello':

com.sap.hcp.cf.logging.servlet.filter.LoggingContextRequestWrapper@74797b90

servletPath:
pathInfo:/sayHello
headers: 
Authorization: Bearer eyJraWQiOiJkZWZhdWx0LWtpZC1pYXMiLCJhbGciOiJSUzI1NiJ9.eyJhdWQiOiJzYi1jbGllbnRJZCF0MDgxNSIsInNjaW1faWQiOiJ0aGUtdXNlci1pZCIsInVzZXJfdXVpZCI6InRoZS11c2VyLWlkIiwiYXBwX3RpZCI6InRoZS1hcHAtdGlkIiwiYXpwIjoic2ItY2xpZW50SWQhdDA4MTUiLCJpc3MiOiJodHRwOi8vbG9jYWxob3N0OjM1OTk5Iiwiem9uZV91dWlkIjoidGhlLXpvbmUtaWQiLCJncm91cHMiOlsiSUFTQVVUSFpfUmVhZCJdLCJleHAiOjY5NzQwMjgwMDAsImNpZCI6InNiLWNsaWVudElkIXQwODE1In0.WboTZ0rSlCfllYuWg6JsKS610yVFWX01hwOFxEA3vsP1hdbWlq8j75Pe7ezoF3ynsoJmHWrJZlDRH0Mt5Bt28jqP27M-KpKWmtZLnvNT4KCNhS0FrE414vFy-IUI0YSy7faJa73klWrGNOqylOh-xfIGhk7Vx2DoiYEhE1lP1JFetB80R4lD3bxh6GETZCCCR_7NO7WfTuHkVaKM5OytR9PzMqeDonFJq1tWxr5rRvx2DmGqulBSqCSHJplfH12UqUB2dxRv5FMmTI8qyYwT8OLxtLYRdpMI6a5BTQj_mvAcU1T1RAEg4vVqaaxZZdJEQJyP2gdpqKai6bZ6BcxT2zH1u8VgqkW0M3AGIoajdvrucFDUYSdg1y-KvE0tlsTXGF92meIN0xcpunK7sQxzt_6zGgQhZI86EXSemcNmvWRREWf6RYHmEHq81PYoSVQmlwnq20sWDwXQ5jBQ-flzw3bPQq8ixVm7_PL7rV9wMm4pRsnAgIkp_9X-hCy5E3FC


Security filter chain: [
  DisableEncodeUrlFilter
  WebAsyncManagerIntegrationFilter
  SecurityContextHolderFilter
  HeaderWriterFilter
  CsrfFilter
  LogoutFilter
  BearerTokenAuthenticationFilter
  RequestCacheAwareFilter
  SecurityContextHolderAwareRequestFilter
  AnonymousAuthenticationFilter
  SessionManagementFilter
  ExceptionTranslationFilter
  AuthorizationFilter
]


************************************************************


2023-10-17T18:57:45.991+03:00  INFO 273770 --- [           main] c.s.c.s.t.v.v.JwtAudienceValidator       : The audiences that are derived from the token: [sb-clientId!t0815].
2023-10-17T18:57:46.014+03:00  INFO 273770 --- [           main] c.s.h.c.l.servlet.filter.RequestLogger   : 
]]></system-out>
  </testcase>
  <testcase name="readData_FORBIDDEN(SecurityTestContext)" classname="sample.spring.security.junitjupiter.TestControllerIasTest" time="4.634">
    <system-out><![CDATA[2023-10-17T18:57:50.462+03:00  INFO 273770 --- [           main] Spring Security Debugger                 : 

************************************************************

Request received for GET '/method':

com.sap.hcp.cf.logging.servlet.filter.LoggingContextRequestWrapper@f310675

servletPath:
pathInfo:/method
headers: 
Authorization: Bearer eyJraWQiOiJkZWZhdWx0LWtpZC1pYXMiLCJhbGciOiJSUzI1NiJ9.eyJhdWQiOiJzYi1jbGllbnRJZCF0MDgxNSIsInNjaW1faWQiOiJ0aGUtdXNlci1pZCIsInVzZXJfdXVpZCI6InRoZS11c2VyLWlkIiwiYXBwX3RpZCI6InRoZS1hcHAtdGlkIiwiYXpwIjoic2ItY2xpZW50SWQhdDA4MTUiLCJpc3MiOiJodHRwOi8vbG9jYWxob3N0OjM1OTk5Iiwiem9uZV91dWlkIjoidGhlLXpvbmUtaWQiLCJleHAiOjY5NzQwMjgwMDAsImNpZCI6InNiLWNsaWVudElkIXQwODE1In0.I1z1FDzyX_2Mj5qhhlR2E6etCdxZnu30UWo1Z-dQtlOUdVPRorHpuF_b2BVpTLzxH1iid3UY1AzpE2Tx8HPIuInji3QZTOnVnDM5UylVO3n7s9pT3PPpEnZdJIXVTNagSXs_L6Yx86v2YanyQqygyWhyYj9jRel8V2g6AJoRXBgt-X_lGy6mwdkz9GvHoWCL_YAlPh3ZdUqgaLm19cTqesjAsleeuTkKVwImc7Uo8Obi1cJ-UTrqZcVvkIYGxJ3Kt5rDuMcAB03oz1d0h0hvxoXkQtMxzw3gyMIjItan3jeIV0aK24KSqfugJvrNZ-cfF1WpBnpaaQgB9Vv9UMlhFSJvqNA5hsPGb_g6Bsi3QiHs585JG170pN8XRS7cgxlKf-GYiRxnCAjSGT2BKbBG-5fUjQSVJh0Z5DzKfiM5sPq-NGdmbZmgmxRJ4diH8EqQ9jTCubJ8XoopB0oRwAXBmM72Is0RKHXcWpFOvOizKyVBZ61ktqqIF2eEsfszequ7


Security filter chain: [
  DisableEncodeUrlFilter
  WebAsyncManagerIntegrationFilter
  SecurityContextHolderFilter
  HeaderWriterFilter
  CsrfFilter
  LogoutFilter
  BearerTokenAuthenticationFilter
  RequestCacheAwareFilter
  SecurityContextHolderAwareRequestFilter
  AnonymousAuthenticationFilter
  SessionManagementFilter
  ExceptionTranslationFilter
  AuthorizationFilter
]


************************************************************


2023-10-17T18:57:50.475+03:00  INFO 273770 --- [           main] c.s.c.s.t.v.v.JwtAudienceValidator       : The audiences that are derived from the token: [sb-clientId!t0815].
2023-10-17T18:57:50.676+03:00  INFO 273770 --- [           main] c.s.h.c.l.servlet.filter.RequestLogger   : 
]]></system-out>
  </testcase>
  <testcase name="readData_OK" classname="sample.spring.security.junitjupiter.TestControllerIasTest" time="1.676">
    <system-out><![CDATA[2023-10-17T18:57:52.348+03:00  INFO 273770 --- [           main] Spring Security Debugger                 : 

************************************************************

Request received for GET '/method':

com.sap.hcp.cf.logging.servlet.filter.LoggingContextRequestWrapper@2d41bb5a

servletPath:
pathInfo:/method
headers: 
Authorization: Bearer eyJraWQiOiJkZWZhdWx0LWtpZC1pYXMiLCJhbGciOiJSUzI1NiJ9.eyJhdWQiOiJzYi1jbGllbnRJZCF0MDgxNSIsInNjaW1faWQiOiJ0aGUtdXNlci1pZCIsInVzZXJfdXVpZCI6InRoZS11c2VyLWlkIiwiYXBwX3RpZCI6InRoZS1hcHAtdGlkIiwiYXpwIjoic2ItY2xpZW50SWQhdDA4MTUiLCJpc3MiOiJodHRwOi8vbG9jYWxob3N0OjM1OTk5Iiwiem9uZV91dWlkIjoidGhlLXpvbmUtaWQiLCJncm91cHMiOlsiSUFTQVVUSFpfUmVhZCJdLCJleHAiOjY5NzQwMjgwMDAsImNpZCI6InNiLWNsaWVudElkIXQwODE1In0.WboTZ0rSlCfllYuWg6JsKS610yVFWX01hwOFxEA3vsP1hdbWlq8j75Pe7ezoF3ynsoJmHWrJZlDRH0Mt5Bt28jqP27M-KpKWmtZLnvNT4KCNhS0FrE414vFy-IUI0YSy7faJa73klWrGNOqylOh-xfIGhk7Vx2DoiYEhE1lP1JFetB80R4lD3bxh6GETZCCCR_7NO7WfTuHkVaKM5OytR9PzMqeDonFJq1tWxr5rRvx2DmGqulBSqCSHJplfH12UqUB2dxRv5FMmTI8qyYwT8OLxtLYRdpMI6a5BTQj_mvAcU1T1RAEg4vVqaaxZZdJEQJyP2gdpqKai6bZ6BcxT2zH1u8VgqkW0M3AGIoajdvrucFDUYSdg1y-KvE0tlsTXGF92meIN0xcpunK7sQxzt_6zGgQhZI86EXSemcNmvWRREWf6RYHmEHq81PYoSVQmlwnq20sWDwXQ5jBQ-flzw3bPQq8ixVm7_PL7rV9wMm4pRsnAgIkp_9X-hCy5E3FC


Security filter chain: [
  DisableEncodeUrlFilter
  WebAsyncManagerIntegrationFilter
  SecurityContextHolderFilter
  HeaderWriterFilter
  CsrfFilter
  LogoutFilter
  BearerTokenAuthenticationFilter
  RequestCacheAwareFilter
  SecurityContextHolderAwareRequestFilter
  AnonymousAuthenticationFilter
  SessionManagementFilter
  ExceptionTranslationFilter
  AuthorizationFilter
]


************************************************************


2023-10-17T18:57:52.353+03:00  INFO 273770 --- [           main] c.s.c.s.t.v.v.JwtAudienceValidator       : The audiences that are derived from the token: [sb-clientId!t0815].
2023-10-17T18:57:52.361+03:00  INFO 273770 --- [           main] c.s.h.c.l.servlet.filter.RequestLogger   : 
]]></system-out>
  </testcase>
</testsuite>